[0.019s] Invoking command in '/root/drl_grasping/fyp_ws/src/Yolov5-ROS2/build/ros_yolo': CMAKE_PREFIX_PATH=${CMAKE_PREFIX_PATH}:/opt/ros/rolling /usr/bin/cmake /root/drl_grasping/fyp_ws/src/Yolov5-ROS2/ros_yolo -DCMAKE_INSTALL_PREFIX=/root/drl_grasping/fyp_ws/src/Yolov5-ROS2/install/ros_yolo
[0.041s] -- Found ament_cmake: 1.1.4 (/opt/ros/rolling/share/ament_cmake/cmake)
[0.070s] -- Found PythonInterp: /usr/bin/python3 (found suitable version "3.8.10", minimum required is "3") 
[0.070s] -- Using PYTHON_EXECUTABLE: /usr/bin/python3
[0.151s] -- Found rclcpp: 13.0.0 (/opt/ros/rolling/share/rclcpp/cmake)
[0.202s] -- Using all available rosidl_typesupport_c: rosidl_typesupport_fastrtps_c;rosidl_typesupport_introspection_c
[0.207s] -- Found rosidl_adapter: 2.5.0 (/opt/ros/rolling/share/rosidl_adapter/cmake)
[0.256s] -- Using all available rosidl_typesupport_cpp: rosidl_typesupport_fastrtps_cpp;rosidl_typesupport_introspection_cpp
[0.333s] -- Found rmw_implementation_cmake: 5.0.0 (/opt/ros/rolling/share/rmw_implementation_cmake/cmake)
[0.335s] -- Found rmw_cyclonedds_cpp: 0.24.0 (/opt/ros/rolling/share/rmw_cyclonedds_cpp/cmake)
[0.363s] -- Using RMW implementation 'rmw_cyclonedds_cpp' as default
[0.573s] -- Found rclpy: 3.0.1 (/opt/ros/rolling/share/rclpy/cmake)
[0.574s] -- Found sensor_msgs: 3.0.0 (/opt/ros/rolling/share/sensor_msgs/cmake)
[0.745s] -- Found rosidl_default_generators: 1.1.1 (/opt/ros/rolling/share/rosidl_default_generators/cmake)
[0.784s] -- Found PythonInterp: /usr/bin/python3 (found version "3.8.10") 
[1.056s] -- Found ament_cmake_ros: 0.9.2 (/opt/ros/rolling/share/ament_cmake_ros/cmake)
[1.394s] -- Using all available rosidl_typesupport_c: rosidl_typesupport_fastrtps_c;rosidl_typesupport_introspection_c
[1.635s] -- Using all available rosidl_typesupport_cpp: rosidl_typesupport_fastrtps_cpp;rosidl_typesupport_introspection_cpp
[1.672s] -- Found PythonInterp: /usr/bin/python3 (found suitable version "3.8.10", minimum required is "3.5") 
[1.672s] -- Found python_cmake_module: 0.8.1 (/opt/ros/rolling/share/python_cmake_module/cmake)
[1.705s] -- Using PYTHON_EXECUTABLE: /usr/bin/python3
[1.705s] -- Using PYTHON_INCLUDE_DIRS: /usr/include/python3.8
[1.705s] -- Using PYTHON_LIBRARIES: /usr/lib/x86_64-linux-gnu/libpython3.8.so
[1.962s] -- Using numpy include directory: /usr/local/lib/python3.8/dist-packages/numpy/core/include
[1.991s] CMake Error at /opt/ros/rolling/share/ament_cmake_python/cmake/ament_python_install_package.cmake:33 (_ament_cmake_python_install_package):
[1.991s]   _ament_cmake_python_install_package Function invoked with incorrect
[1.991s]   arguments for function named: _ament_cmake_python_install_package
[1.991s] Call Stack (most recent call first):
[1.991s]   CMakeLists.txt:111 (ament_python_install_package)
[1.991s] 
[1.991s] 
[2.002s] -- Configuring incomplete, errors occurred!
[2.003s] See also "/root/drl_grasping/fyp_ws/src/Yolov5-ROS2/build/ros_yolo/CMakeFiles/CMakeOutput.log".
[2.003s] See also "/root/drl_grasping/fyp_ws/src/Yolov5-ROS2/build/ros_yolo/CMakeFiles/CMakeError.log".
[2.011s] Invoked command in '/root/drl_grasping/fyp_ws/src/Yolov5-ROS2/build/ros_yolo' returned '1': CMAKE_PREFIX_PATH=${CMAKE_PREFIX_PATH}:/opt/ros/rolling /usr/bin/cmake /root/drl_grasping/fyp_ws/src/Yolov5-ROS2/ros_yolo -DCMAKE_INSTALL_PREFIX=/root/drl_grasping/fyp_ws/src/Yolov5-ROS2/install/ros_yolo
