[0.019s] Invoking command in '/root/drl_grasping/fyp_ws/src/Yolov5-ROS2/ros_yolo/build/ros_yolo': CMAKE_PREFIX_PATH=${CMAKE_PREFIX_PATH}:/opt/ros/rolling /usr/bin/cmake --build /root/drl_grasping/fyp_ws/src/Yolov5-ROS2/ros_yolo/build/ros_yolo -- -j8 -l8
[0.059s] -- Found ament_cmake: 1.1.4 (/opt/ros/rolling/share/ament_cmake/cmake)
[0.088s] -- Using PYTHON_EXECUTABLE: /usr/bin/python3
[0.168s] -- Found rclcpp: 13.0.0 (/opt/ros/rolling/share/rclcpp/cmake)
[0.219s] -- Using all available rosidl_typesupport_c: rosidl_typesupport_fastrtps_c;rosidl_typesupport_introspection_c
[0.223s] -- Found rosidl_adapter: 2.5.0 (/opt/ros/rolling/share/rosidl_adapter/cmake)
[0.271s] -- Using all available rosidl_typesupport_cpp: rosidl_typesupport_fastrtps_cpp;rosidl_typesupport_introspection_cpp
[0.345s] -- Found rmw_implementation_cmake: 5.0.0 (/opt/ros/rolling/share/rmw_implementation_cmake/cmake)
[0.347s] -- Found rmw_cyclonedds_cpp: 0.24.0 (/opt/ros/rolling/share/rmw_cyclonedds_cpp/cmake)
[0.373s] -- Using RMW implementation 'rmw_cyclonedds_cpp' as default
[0.572s] -- Found rclpy: 3.0.1 (/opt/ros/rolling/share/rclpy/cmake)
[0.572s] -- Found sensor_msgs: 3.0.0 (/opt/ros/rolling/share/sensor_msgs/cmake)
[0.739s] -- Found rosidl_default_generators: 1.1.1 (/opt/ros/rolling/share/rosidl_default_generators/cmake)
[0.778s] -- Found PythonInterp: /usr/bin/python3 (found version "3.8.10") 
[1.046s] -- Found ament_cmake_ros: 0.9.2 (/opt/ros/rolling/share/ament_cmake_ros/cmake)
[1.367s] -- Using all available rosidl_typesupport_c: rosidl_typesupport_fastrtps_c;rosidl_typesupport_introspection_c
[1.594s] -- Using all available rosidl_typesupport_cpp: rosidl_typesupport_fastrtps_cpp;rosidl_typesupport_introspection_cpp
[1.627s] -- Found PythonInterp: /usr/bin/python3 (found suitable version "3.8.10", minimum required is "3.5") 
[1.628s] -- Found python_cmake_module: 0.8.1 (/opt/ros/rolling/share/python_cmake_module/cmake)
[1.656s] -- Using PYTHON_EXECUTABLE: /usr/bin/python3
[1.656s] -- Using PYTHON_INCLUDE_DIRS: /usr/include/python3.8
[1.657s] -- Using PYTHON_LIBRARIES: /usr/lib/x86_64-linux-gnu/libpython3.8.so
[1.907s] -- Using numpy include directory: /usr/local/lib/python3.8/dist-packages/numpy/core/include
[1.936s] CMake Error at /opt/ros/rolling/share/ament_cmake_python/cmake/ament_python_install_package.cmake:59 (message):
[1.936s]   ament_python_install_package() the Python package folder
[1.936s]   '/root/drl_grasping/fyp_ws/src/Yolov5-ROS2/ros_yolo/ros_yolo' doesn't
[1.936s]   contain an '__init__.py' file
[1.936s] Call Stack (most recent call first):
[1.936s]   /opt/ros/rolling/share/ament_cmake_python/cmake/ament_python_install_package.cmake:33 (_ament_cmake_python_install_package)
[1.937s]   CMakeLists.txt:111 (ament_python_install_package)
[1.937s] 
[1.937s] 
[1.939s] -- Configuring incomplete, errors occurred!
[1.939s] See also "/root/drl_grasping/fyp_ws/src/Yolov5-ROS2/ros_yolo/build/ros_yolo/CMakeFiles/CMakeOutput.log".
[1.939s] See also "/root/drl_grasping/fyp_ws/src/Yolov5-ROS2/ros_yolo/build/ros_yolo/CMakeFiles/CMakeError.log".
[1.945s] make: *** [Makefile:1016: cmake_check_build_system] Error 1
[1.948s] Invoked command in '/root/drl_grasping/fyp_ws/src/Yolov5-ROS2/ros_yolo/build/ros_yolo' returned '2': CMAKE_PREFIX_PATH=${CMAKE_PREFIX_PATH}:/opt/ros/rolling /usr/bin/cmake --build /root/drl_grasping/fyp_ws/src/Yolov5-ROS2/ros_yolo/build/ros_yolo -- -j8 -l8
