[  2%] Built target ros_yolo__cpp
[ 12%] Built target ros_yolo__rosidl_generator_c
[ 12%] Built target ament_cmake_python_symlink_ros_yolo
[ 23%] Built target ros_yolo__rosidl_typesupport_cpp
[ 33%] Built target ros_yolo__rosidl_typesupport_fastrtps_cpp
[ 43%] Built target ros_yolo__rosidl_typesupport_introspection_cpp
[ 53%] Built target ros_yolo__rosidl_typesupport_introspection_c
[ 64%] Built target ros_yolo__rosidl_typesupport_c
[ 74%] Built target ros_yolo__rosidl_typesupport_fastrtps_c
[ 74%] Built target ros_yolo
[ 76%] Built target ros_yolo__py
[ 84%] Built target ros_yolo__python
[ 89%] Built target ros_yolo__rosidl_typesupport_c__pyext
[100%] Built target ros_yolo__rosidl_typesupport_fastrtps_c__pyext
[100%] Built target ros_yolo__rosidl_typesupport_introspection_c__pyext
running egg_info
writing ros_yolo.egg-info/PKG-INFO
writing dependency_links to ros_yolo.egg-info/dependency_links.txt
writing top-level names to ros_yolo.egg-info/top_level.txt
reading manifest file 'ros_yolo.egg-info/SOURCES.txt'
writing manifest file 'ros_yolo.egg-info/SOURCES.txt'
[100%] Built target ament_cmake_python_build_ros_yolo_egg
-- Install configuration: ""
-- Up-to-date: /root/drl_grasping/fyp_ws/src/Yolov5-ROS2/ros_yolo/install/ros_yolo/share/ament_index/resource_index/rosidl_interfaces/ros_yolo
-- Up-to-date: /root/drl_grasping/fyp_ws/src/Yolov5-ROS2/ros_yolo/install/ros_yolo/include/ros_yolo
-- Up-to-date: /root/drl_grasping/fyp_ws/src/Yolov5-ROS2/ros_yolo/install/ros_yolo/include/ros_yolo/msg
-- Up-to-date: /root/drl_grasping/fyp_ws/src/Yolov5-ROS2/ros_yolo/install/ros_yolo/include/ros_yolo/msg/rosidl_generator_c__visibility_control.h
-- Up-to-date: /root/drl_grasping/fyp_ws/src/Yolov5-ROS2/ros_yolo/install/ros_yolo/include/ros_yolo/msg/custom_bounding_box.h
-- Up-to-date: /root/drl_grasping/fyp_ws/src/Yolov5-ROS2/ros_yolo/install/ros_yolo/include/ros_yolo/msg/detail
-- Up-to-date: /root/drl_grasping/fyp_ws/src/Yolov5-ROS2/ros_yolo/install/ros_yolo/include/ros_yolo/msg/detail/custom_bounding_box__type_support.h
-- Up-to-date: /root/drl_grasping/fyp_ws/src/Yolov5-ROS2/ros_yolo/install/ros_yolo/include/ros_yolo/msg/detail/custom_bounding_boxes__type_support.h
-- Up-to-date: /root/drl_grasping/fyp_ws/src/Yolov5-ROS2/ros_yolo/install/ros_yolo/include/ros_yolo/msg/detail/custom_bounding_box__functions.h
-- Up-to-date: /root/drl_grasping/fyp_ws/src/Yolov5-ROS2/ros_yolo/install/ros_yolo/include/ros_yolo/msg/detail/custom_bounding_box__struct.h
-- Up-to-date: /root/drl_grasping/fyp_ws/src/Yolov5-ROS2/ros_yolo/install/ros_yolo/include/ros_yolo/msg/detail/custom_bounding_boxes__functions.c
-- Up-to-date: /root/drl_grasping/fyp_ws/src/Yolov5-ROS2/ros_yolo/install/ros_yolo/include/ros_yolo/msg/detail/custom_bounding_box__functions.c
-- Up-to-date: /root/drl_grasping/fyp_ws/src/Yolov5-ROS2/ros_yolo/install/ros_yolo/include/ros_yolo/msg/detail/custom_bounding_boxes__struct.h
-- Up-to-date: /root/drl_grasping/fyp_ws/src/Yolov5-ROS2/ros_yolo/install/ros_yolo/include/ros_yolo/msg/detail/custom_bounding_boxes__functions.h
-- Up-to-date: /root/drl_grasping/fyp_ws/src/Yolov5-ROS2/ros_yolo/install/ros_yolo/include/ros_yolo/msg/custom_bounding_boxes.h
-- Up-to-date: /root/drl_grasping/fyp_ws/src/Yolov5-ROS2/ros_yolo/install/ros_yolo/share/ros_yolo/environment/library_path.sh
-- Up-to-date: /root/drl_grasping/fyp_ws/src/Yolov5-ROS2/ros_yolo/install/ros_yolo/share/ros_yolo/environment/library_path.dsv
-- Up-to-date: /root/drl_grasping/fyp_ws/src/Yolov5-ROS2/ros_yolo/install/ros_yolo/lib/libros_yolo__rosidl_generator_c.so
-- Up-to-date: /root/drl_grasping/fyp_ws/src/Yolov5-ROS2/ros_yolo/install/ros_yolo/include/ros_yolo
-- Up-to-date: /root/drl_grasping/fyp_ws/src/Yolov5-ROS2/ros_yolo/install/ros_yolo/include/ros_yolo/msg
-- Up-to-date: /root/drl_grasping/fyp_ws/src/Yolov5-ROS2/ros_yolo/install/ros_yolo/include/ros_yolo/msg/rosidl_typesupport_fastrtps_c__visibility_control.h
-- Up-to-date: /root/drl_grasping/fyp_ws/src/Yolov5-ROS2/ros_yolo/install/ros_yolo/include/ros_yolo/msg/detail
-- Up-to-date: /root/drl_grasping/fyp_ws/src/Yolov5-ROS2/ros_yolo/install/ros_yolo/include/ros_yolo/msg/detail/custom_bounding_boxes__rosidl_typesupport_fastrtps_c.h
-- Up-to-date: /root/drl_grasping/fyp_ws/src/Yolov5-ROS2/ros_yolo/install/ros_yolo/include/ros_yolo/msg/detail/custom_bounding_box__rosidl_typesupport_fastrtps_c.h
-- Up-to-date: /root/drl_grasping/fyp_ws/src/Yolov5-ROS2/ros_yolo/install/ros_yolo/lib/libros_yolo__rosidl_typesupport_fastrtps_c.so
-- Up-to-date: /root/drl_grasping/fyp_ws/src/Yolov5-ROS2/ros_yolo/install/ros_yolo/include/ros_yolo
-- Up-to-date: /root/drl_grasping/fyp_ws/src/Yolov5-ROS2/ros_yolo/install/ros_yolo/include/ros_yolo/msg
-- Up-to-date: /root/drl_grasping/fyp_ws/src/Yolov5-ROS2/ros_yolo/install/ros_yolo/include/ros_yolo/msg/rosidl_typesupport_fastrtps_cpp__visibility_control.h
-- Up-to-date: /root/drl_grasping/fyp_ws/src/Yolov5-ROS2/ros_yolo/install/ros_yolo/include/ros_yolo/msg/detail
-- Up-to-date: /root/drl_grasping/fyp_ws/src/Yolov5-ROS2/ros_yolo/install/ros_yolo/include/ros_yolo/msg/detail/custom_bounding_box__rosidl_typesupport_fastrtps_cpp.hpp
-- Up-to-date: /root/drl_grasping/fyp_ws/src/Yolov5-ROS2/ros_yolo/install/ros_yolo/include/ros_yolo/msg/detail/dds_fastrtps
-- Up-to-date: /root/drl_grasping/fyp_ws/src/Yolov5-ROS2/ros_yolo/install/ros_yolo/include/ros_yolo/msg/detail/custom_bounding_boxes__rosidl_typesupport_fastrtps_cpp.hpp
-- Up-to-date: /root/drl_grasping/fyp_ws/src/Yolov5-ROS2/ros_yolo/install/ros_yolo/lib/libros_yolo__rosidl_typesupport_fastrtps_cpp.so
-- Up-to-date: /root/drl_grasping/fyp_ws/src/Yolov5-ROS2/ros_yolo/install/ros_yolo/include/ros_yolo
-- Up-to-date: /root/drl_grasping/fyp_ws/src/Yolov5-ROS2/ros_yolo/install/ros_yolo/include/ros_yolo/msg
-- Up-to-date: /root/drl_grasping/fyp_ws/src/Yolov5-ROS2/ros_yolo/install/ros_yolo/include/ros_yolo/msg/detail
-- Up-to-date: /root/drl_grasping/fyp_ws/src/Yolov5-ROS2/ros_yolo/install/ros_yolo/include/ros_yolo/msg/detail/custom_bounding_box__type_support.c
-- Up-to-date: /root/drl_grasping/fyp_ws/src/Yolov5-ROS2/ros_yolo/install/ros_yolo/include/ros_yolo/msg/detail/custom_bounding_box__rosidl_typesupport_introspection_c.h
-- Up-to-date: /root/drl_grasping/fyp_ws/src/Yolov5-ROS2/ros_yolo/install/ros_yolo/include/ros_yolo/msg/detail/custom_bounding_boxes__type_support.c
-- Up-to-date: /root/drl_grasping/fyp_ws/src/Yolov5-ROS2/ros_yolo/install/ros_yolo/include/ros_yolo/msg/detail/custom_bounding_boxes__rosidl_typesupport_introspection_c.h
-- Up-to-date: /root/drl_grasping/fyp_ws/src/Yolov5-ROS2/ros_yolo/install/ros_yolo/include/ros_yolo/msg/rosidl_typesupport_introspection_c__visibility_control.h
-- Up-to-date: /root/drl_grasping/fyp_ws/src/Yolov5-ROS2/ros_yolo/install/ros_yolo/lib/libros_yolo__rosidl_typesupport_introspection_c.so
-- Up-to-date: /root/drl_grasping/fyp_ws/src/Yolov5-ROS2/ros_yolo/install/ros_yolo/lib/libros_yolo__rosidl_typesupport_c.so
-- Up-to-date: /root/drl_grasping/fyp_ws/src/Yolov5-ROS2/ros_yolo/install/ros_yolo/include/ros_yolo
-- Up-to-date: /root/drl_grasping/fyp_ws/src/Yolov5-ROS2/ros_yolo/install/ros_yolo/include/ros_yolo/msg
-- Up-to-date: /root/drl_grasping/fyp_ws/src/Yolov5-ROS2/ros_yolo/install/ros_yolo/include/ros_yolo/msg/custom_bounding_box.hpp
-- Up-to-date: /root/drl_grasping/fyp_ws/src/Yolov5-ROS2/ros_yolo/install/ros_yolo/include/ros_yolo/msg/detail
-- Up-to-date: /root/drl_grasping/fyp_ws/src/Yolov5-ROS2/ros_yolo/install/ros_yolo/include/ros_yolo/msg/detail/custom_bounding_boxes__builder.hpp
-- Up-to-date: /root/drl_grasping/fyp_ws/src/Yolov5-ROS2/ros_yolo/install/ros_yolo/include/ros_yolo/msg/detail/custom_bounding_boxes__struct.hpp
-- Up-to-date: /root/drl_grasping/fyp_ws/src/Yolov5-ROS2/ros_yolo/install/ros_yolo/include/ros_yolo/msg/detail/custom_bounding_boxes__traits.hpp
-- Up-to-date: /root/drl_grasping/fyp_ws/src/Yolov5-ROS2/ros_yolo/install/ros_yolo/include/ros_yolo/msg/detail/custom_bounding_box__traits.hpp
-- Up-to-date: /root/drl_grasping/fyp_ws/src/Yolov5-ROS2/ros_yolo/install/ros_yolo/include/ros_yolo/msg/detail/custom_bounding_box__struct.hpp
-- Up-to-date: /root/drl_grasping/fyp_ws/src/Yolov5-ROS2/ros_yolo/install/ros_yolo/include/ros_yolo/msg/detail/custom_bounding_box__builder.hpp
-- Up-to-date: /root/drl_grasping/fyp_ws/src/Yolov5-ROS2/ros_yolo/install/ros_yolo/include/ros_yolo/msg/custom_bounding_boxes.hpp
-- Up-to-date: /root/drl_grasping/fyp_ws/src/Yolov5-ROS2/ros_yolo/install/ros_yolo/include/ros_yolo
-- Up-to-date: /root/drl_grasping/fyp_ws/src/Yolov5-ROS2/ros_yolo/install/ros_yolo/include/ros_yolo/msg
-- Up-to-date: /root/drl_grasping/fyp_ws/src/Yolov5-ROS2/ros_yolo/install/ros_yolo/include/ros_yolo/msg/detail
-- Up-to-date: /root/drl_grasping/fyp_ws/src/Yolov5-ROS2/ros_yolo/install/ros_yolo/include/ros_yolo/msg/detail/custom_bounding_box__type_support.cpp
-- Up-to-date: /root/drl_grasping/fyp_ws/src/Yolov5-ROS2/ros_yolo/install/ros_yolo/include/ros_yolo/msg/detail/custom_bounding_box__rosidl_typesupport_introspection_cpp.hpp
-- Up-to-date: /root/drl_grasping/fyp_ws/src/Yolov5-ROS2/ros_yolo/install/ros_yolo/include/ros_yolo/msg/detail/custom_bounding_boxes__rosidl_typesupport_introspection_cpp.hpp
-- Up-to-date: /root/drl_grasping/fyp_ws/src/Yolov5-ROS2/ros_yolo/install/ros_yolo/include/ros_yolo/msg/detail/custom_bounding_boxes__type_support.cpp
-- Up-to-date: /root/drl_grasping/fyp_ws/src/Yolov5-ROS2/ros_yolo/install/ros_yolo/lib/libros_yolo__rosidl_typesupport_introspection_cpp.so
-- Up-to-date: /root/drl_grasping/fyp_ws/src/Yolov5-ROS2/ros_yolo/install/ros_yolo/lib/libros_yolo__rosidl_typesupport_cpp.so
-- Up-to-date: /root/drl_grasping/fyp_ws/src/Yolov5-ROS2/ros_yolo/install/ros_yolo/share/ros_yolo/environment/pythonpath.sh
-- Up-to-date: /root/drl_grasping/fyp_ws/src/Yolov5-ROS2/ros_yolo/install/ros_yolo/share/ros_yolo/environment/pythonpath.dsv
-- Up-to-date: /root/drl_grasping/fyp_ws/src/Yolov5-ROS2/ros_yolo/install/ros_yolo/lib/python3.8/site-packages//ros_yolo.egg-info
-- Installing: /root/drl_grasping/fyp_ws/src/Yolov5-ROS2/ros_yolo/install/ros_yolo/lib/python3.8/site-packages//ros_yolo.egg-info/PKG-INFO
-- Installing: /root/drl_grasping/fyp_ws/src/Yolov5-ROS2/ros_yolo/install/ros_yolo/lib/python3.8/site-packages//ros_yolo.egg-info/SOURCES.txt
-- Installing: /root/drl_grasping/fyp_ws/src/Yolov5-ROS2/ros_yolo/install/ros_yolo/lib/python3.8/site-packages//ros_yolo.egg-info/top_level.txt
-- Installing: /root/drl_grasping/fyp_ws/src/Yolov5-ROS2/ros_yolo/install/ros_yolo/lib/python3.8/site-packages//ros_yolo.egg-info/dependency_links.txt
-- Up-to-date: /root/drl_grasping/fyp_ws/src/Yolov5-ROS2/ros_yolo/install/ros_yolo/lib/python3.8/site-packages/ros_yolo
-- Up-to-date: /root/drl_grasping/fyp_ws/src/Yolov5-ROS2/ros_yolo/install/ros_yolo/lib/python3.8/site-packages/ros_yolo/ros_yolo_s__rosidl_typesupport_introspection_c.cpython-38-x86_64-linux-gnu.so
-- Up-to-date: /root/drl_grasping/fyp_ws/src/Yolov5-ROS2/ros_yolo/install/ros_yolo/lib/python3.8/site-packages/ros_yolo/_ros_yolo_s.ep.rosidl_typesupport_c.c
-- Up-to-date: /root/drl_grasping/fyp_ws/src/Yolov5-ROS2/ros_yolo/install/ros_yolo/lib/python3.8/site-packages/ros_yolo/__init__.py
-- Up-to-date: /root/drl_grasping/fyp_ws/src/Yolov5-ROS2/ros_yolo/install/ros_yolo/lib/python3.8/site-packages/ros_yolo/msg
-- Up-to-date: /root/drl_grasping/fyp_ws/src/Yolov5-ROS2/ros_yolo/install/ros_yolo/lib/python3.8/site-packages/ros_yolo/msg/_custom_bounding_boxes.py
-- Up-to-date: /root/drl_grasping/fyp_ws/src/Yolov5-ROS2/ros_yolo/install/ros_yolo/lib/python3.8/site-packages/ros_yolo/msg/__init__.py
-- Up-to-date: /root/drl_grasping/fyp_ws/src/Yolov5-ROS2/ros_yolo/install/ros_yolo/lib/python3.8/site-packages/ros_yolo/msg/_custom_bounding_box.py
-- Up-to-date: /root/drl_grasping/fyp_ws/src/Yolov5-ROS2/ros_yolo/install/ros_yolo/lib/python3.8/site-packages/ros_yolo/msg/_custom_bounding_box_s.c
-- Up-to-date: /root/drl_grasping/fyp_ws/src/Yolov5-ROS2/ros_yolo/install/ros_yolo/lib/python3.8/site-packages/ros_yolo/msg/_custom_bounding_boxes_s.c
-- Up-to-date: /root/drl_grasping/fyp_ws/src/Yolov5-ROS2/ros_yolo/install/ros_yolo/lib/python3.8/site-packages/ros_yolo/libros_yolo__python.so
-- Up-to-date: /root/drl_grasping/fyp_ws/src/Yolov5-ROS2/ros_yolo/install/ros_yolo/lib/python3.8/site-packages/ros_yolo/ros_yolo_s__rosidl_typesupport_fastrtps_c.cpython-38-x86_64-linux-gnu.so
-- Up-to-date: /root/drl_grasping/fyp_ws/src/Yolov5-ROS2/ros_yolo/install/ros_yolo/lib/python3.8/site-packages/ros_yolo/_ros_yolo_s.ep.rosidl_typesupport_fastrtps_c.c
-- Up-to-date: /root/drl_grasping/fyp_ws/src/Yolov5-ROS2/ros_yolo/install/ros_yolo/lib/python3.8/site-packages/ros_yolo/ros_yolo_s__rosidl_typesupport_c.cpython-38-x86_64-linux-gnu.so
-- Up-to-date: /root/drl_grasping/fyp_ws/src/Yolov5-ROS2/ros_yolo/install/ros_yolo/lib/python3.8/site-packages/ros_yolo/_ros_yolo_s.ep.rosidl_typesupport_introspection_c.c
Listing '/root/drl_grasping/fyp_ws/src/Yolov5-ROS2/ros_yolo/install/ros_yolo/lib/python3.8/site-packages/ros_yolo'...
Listing '/root/drl_grasping/fyp_ws/src/Yolov5-ROS2/ros_yolo/install/ros_yolo/lib/python3.8/site-packages/ros_yolo/msg'...
-- Up-to-date: /root/drl_grasping/fyp_ws/src/Yolov5-ROS2/ros_yolo/install/ros_yolo/lib/python3.8/site-packages/ros_yolo/ros_yolo_s__rosidl_typesupport_fastrtps_c.cpython-38-x86_64-linux-gnu.so
-- Up-to-date: /root/drl_grasping/fyp_ws/src/Yolov5-ROS2/ros_yolo/install/ros_yolo/lib/python3.8/site-packages/ros_yolo/ros_yolo_s__rosidl_typesupport_introspection_c.cpython-38-x86_64-linux-gnu.so
-- Up-to-date: /root/drl_grasping/fyp_ws/src/Yolov5-ROS2/ros_yolo/install/ros_yolo/lib/python3.8/site-packages/ros_yolo/ros_yolo_s__rosidl_typesupport_c.cpython-38-x86_64-linux-gnu.so
-- Up-to-date: /root/drl_grasping/fyp_ws/src/Yolov5-ROS2/ros_yolo/install/ros_yolo/lib/libros_yolo__python.so
-- Up-to-date: /root/drl_grasping/fyp_ws/src/Yolov5-ROS2/ros_yolo/install/ros_yolo/share/ros_yolo/msg/CustomBoundingBox.idl
-- Up-to-date: /root/drl_grasping/fyp_ws/src/Yolov5-ROS2/ros_yolo/install/ros_yolo/share/ros_yolo/msg/CustomBoundingBoxes.idl
-- Up-to-date: /root/drl_grasping/fyp_ws/src/Yolov5-ROS2/ros_yolo/install/ros_yolo/share/ros_yolo/msg/CustomBoundingBox.msg
-- Up-to-date: /root/drl_grasping/fyp_ws/src/Yolov5-ROS2/ros_yolo/install/ros_yolo/share/ros_yolo/msg/CustomBoundingBoxes.msg
CMake Error at cmake_install.cmake:370 (file):
  file INSTALL cannot find
  "/root/drl_grasping/fyp_ws/src/Yolov5-ROS2/ros_yolo/scripts/utils/__init__.py":
  No such file or directory.


