-- The C compiler identification is GNU 9.3.0
-- The CXX compiler identification is GNU 9.3.0
-- Check for working C compiler: /usr/bin/cc
-- Check for working C compiler: /usr/bin/cc -- works
-- Detecting C compiler ABI info
-- Detecting C compiler ABI info - done
-- Detecting C compile features
-- Detecting C compile features - done
-- Check for working CXX compiler: /usr/bin/c++
-- Check for working CXX compiler: /usr/bin/c++ -- works
-- Detecting CXX compiler ABI info
-- Detecting CXX compiler ABI info - done
-- Detecting CXX compile features
-- Detecting CXX compile features - done
-- Found ament_cmake: 1.1.4 (/opt/ros/rolling/share/ament_cmake/cmake)
-- Found PythonInterp: /usr/bin/python3 (found suitable version "3.8.10", minimum required is "3") 
-- Using PYTHON_EXECUTABLE: /usr/bin/python3
-- Found rclcpp: 13.0.0 (/opt/ros/rolling/share/rclcpp/cmake)
-- Using all available rosidl_typesupport_c: rosidl_typesupport_fastrtps_c;rosidl_typesupport_introspection_c
-- Found rosidl_adapter: 2.5.0 (/opt/ros/rolling/share/rosidl_adapter/cmake)
-- Using all available rosidl_typesupport_cpp: rosidl_typesupport_fastrtps_cpp;rosidl_typesupport_introspection_cpp
-- Found rmw_implementation_cmake: 5.0.0 (/opt/ros/rolling/share/rmw_implementation_cmake/cmake)
-- Found rmw_cyclonedds_cpp: 0.24.0 (/opt/ros/rolling/share/rmw_cyclonedds_cpp/cmake)
-- Using RMW implementation 'rmw_cyclonedds_cpp' as default
-- Looking for pthread.h
-- Looking for pthread.h - found
-- Performing Test CMAKE_HAVE_LIBC_PTHREAD
-- Performing Test CMAKE_HAVE_LIBC_PTHREAD - Failed
-- Looking for pthread_create in pthreads
-- Looking for pthread_create in pthreads - not found
-- Looking for pthread_create in pthread
-- Looking for pthread_create in pthread - found
-- Found Threads: TRUE  
-- Found rclpy: 3.0.1 (/opt/ros/rolling/share/rclpy/cmake)
-- Found sensor_msgs: 3.0.0 (/opt/ros/rolling/share/sensor_msgs/cmake)
-- Found rosidl_default_generators: 1.1.1 (/opt/ros/rolling/share/rosidl_default_generators/cmake)
-- Found PythonInterp: /usr/bin/python3 (found version "3.8.10") 
-- Found ament_cmake_ros: 0.9.2 (/opt/ros/rolling/share/ament_cmake_ros/cmake)
-- Using all available rosidl_typesupport_c: rosidl_typesupport_fastrtps_c;rosidl_typesupport_introspection_c
-- Using all available rosidl_typesupport_cpp: rosidl_typesupport_fastrtps_cpp;rosidl_typesupport_introspection_cpp
-- Found PythonInterp: /usr/bin/python3 (found suitable version "3.8.10", minimum required is "3.5") 
-- Found python_cmake_module: 0.8.1 (/opt/ros/rolling/share/python_cmake_module/cmake)
-- Found PythonLibs: /usr/lib/x86_64-linux-gnu/libpython3.8.so (found suitable version "3.8.10", minimum required is "3.5") 
-- Using PYTHON_EXECUTABLE: /usr/bin/python3
-- Using PYTHON_INCLUDE_DIRS: /usr/include/python3.8
-- Using PYTHON_LIBRARIES: /usr/lib/x86_64-linux-gnu/libpython3.8.so
-- Found PythonExtra: .so  
-- Using numpy include directory: /usr/local/lib/python3.8/dist-packages/numpy/core/include
-- Configuring done
-- Generating done
-- Build files have been written to: /root/drl_grasping/fyp_ws/src/Yolov5-ROS2/ros_yolo/build/ros_yolo
[35m[1mScanning dependencies of target ament_cmake_python_symlink_ros_yolo[0m
[35m[1mScanning dependencies of target ros_yolo__cpp[0m
[  2%] [34m[1mGenerating C code for ROS interfaces[0m
[  5%] [34m[1mGenerating C++ code for ROS interfaces[0m
[  5%] Built target ament_cmake_python_symlink_ros_yolo
[35m[1mScanning dependencies of target ament_cmake_python_build_ros_yolo_egg[0m
running egg_info
creating ros_yolo.egg-info
writing ros_yolo.egg-info/PKG-INFO
writing dependency_links to ros_yolo.egg-info/dependency_links.txt
writing top-level names to ros_yolo.egg-info/top_level.txt
writing manifest file 'ros_yolo.egg-info/SOURCES.txt'
reading manifest file 'ros_yolo.egg-info/SOURCES.txt'
writing manifest file 'ros_yolo.egg-info/SOURCES.txt'
[35m[1mScanning dependencies of target ros_yolo__rosidl_generator_c[0m
[  5%] Built target ros_yolo__cpp
[  5%] Built target ament_cmake_python_build_ros_yolo_egg
[  7%] [32mBuilding C object CMakeFiles/ros_yolo__rosidl_generator_c.dir/rosidl_generator_c/ros_yolo/msg/detail/custom_bounding_box__functions.c.o[0m
[ 10%] [32mBuilding C object CMakeFiles/ros_yolo__rosidl_generator_c.dir/rosidl_generator_c/ros_yolo/msg/detail/custom_bounding_boxes__functions.c.o[0m
[ 12%] [34m[1mGenerating C++ type support dispatch for ROS interfaces[0m
[ 15%] [34m[1mGenerating C++ type support for eProsima Fast-RTPS[0m
[ 17%] [34m[1mGenerating C++ introspection for ROS interfaces[0m
[ 20%] [32m[1mLinking C shared library libros_yolo__rosidl_generator_c.so[0m
[ 20%] Built target ros_yolo__rosidl_generator_c
[ 25%] [34m[1mGenerating C introspection for ROS interfaces[0m
[ 25%] [34m[1mGenerating C type support dispatch for ROS interfaces[0m
[35m[1mScanning dependencies of target ros_yolo__rosidl_typesupport_fastrtps_cpp[0m
[ 28%] [32mBuilding CXX object CMakeFiles/ros_yolo__rosidl_typesupport_fastrtps_cpp.dir/rosidl_typesupport_fastrtps_cpp/ros_yolo/msg/detail/dds_fastrtps/custom_bounding_boxes__type_support.cpp.o[0m
[ 30%] [32mBuilding CXX object CMakeFiles/ros_yolo__rosidl_typesupport_fastrtps_cpp.dir/rosidl_typesupport_fastrtps_cpp/ros_yolo/msg/detail/dds_fastrtps/custom_bounding_box__type_support.cpp.o[0m
[35m[1mScanning dependencies of target ros_yolo__rosidl_typesupport_c[0m
[ 33%] [32mBuilding CXX object CMakeFiles/ros_yolo__rosidl_typesupport_c.dir/rosidl_typesupport_c/ros_yolo/msg/custom_bounding_box__type_support.cpp.o[0m
[ 35%] [32mBuilding CXX object CMakeFiles/ros_yolo__rosidl_typesupport_c.dir/rosidl_typesupport_c/ros_yolo/msg/custom_bounding_boxes__type_support.cpp.o[0m
[35m[1mScanning dependencies of target ros_yolo__rosidl_typesupport_cpp[0m
[ 38%] [32mBuilding CXX object CMakeFiles/ros_yolo__rosidl_typesupport_cpp.dir/rosidl_typesupport_cpp/ros_yolo/msg/custom_bounding_box__type_support.cpp.o[0m
[ 43%] [32m[1mLinking CXX shared library libros_yolo__rosidl_typesupport_c.so[0m
[ 43%] [32mBuilding CXX object CMakeFiles/ros_yolo__rosidl_typesupport_cpp.dir/rosidl_typesupport_cpp/ros_yolo/msg/custom_bounding_boxes__type_support.cpp.o[0m
[35m[1mScanning dependencies of target ros_yolo__rosidl_typesupport_introspection_c[0m
[35m[1mScanning dependencies of target ros_yolo__rosidl_typesupport_introspection_cpp[0m
[ 46%] [32mBuilding C object CMakeFiles/ros_yolo__rosidl_typesupport_introspection_c.dir/rosidl_typesupport_introspection_c/ros_yolo/msg/detail/custom_bounding_box__type_support.c.o[0m
[ 48%] [32mBuilding C object CMakeFiles/ros_yolo__rosidl_typesupport_introspection_c.dir/rosidl_typesupport_introspection_c/ros_yolo/msg/detail/custom_bounding_boxes__type_support.c.o[0m
[ 51%] [32mBuilding CXX object CMakeFiles/ros_yolo__rosidl_typesupport_introspection_cpp.dir/rosidl_typesupport_introspection_cpp/ros_yolo/msg/detail/custom_bounding_box__type_support.cpp.o[0m
[ 51%] Built target ros_yolo__rosidl_typesupport_c
[ 53%] [32mBuilding CXX object CMakeFiles/ros_yolo__rosidl_typesupport_introspection_cpp.dir/rosidl_typesupport_introspection_cpp/ros_yolo/msg/detail/custom_bounding_boxes__type_support.cpp.o[0m
[ 56%] [32m[1mLinking C shared library libros_yolo__rosidl_typesupport_introspection_c.so[0m
[ 56%] Built target ros_yolo__rosidl_typesupport_introspection_c
[ 58%] [32m[1mLinking CXX shared library libros_yolo__rosidl_typesupport_cpp.so[0m
[ 58%] Built target ros_yolo__rosidl_typesupport_cpp
[ 61%] [32m[1mLinking CXX shared library libros_yolo__rosidl_typesupport_introspection_cpp.so[0m
[ 64%] [32m[1mLinking CXX shared library libros_yolo__rosidl_typesupport_fastrtps_cpp.so[0m
[ 64%] Built target ros_yolo__rosidl_typesupport_introspection_cpp
[ 64%] Built target ros_yolo__rosidl_typesupport_fastrtps_cpp
[ 66%] [34m[1mGenerating C type support for eProsima Fast-RTPS[0m
[35m[1mScanning dependencies of target ros_yolo__rosidl_typesupport_fastrtps_c[0m
[ 69%] [32mBuilding CXX object CMakeFiles/ros_yolo__rosidl_typesupport_fastrtps_c.dir/rosidl_typesupport_fastrtps_c/ros_yolo/msg/detail/custom_bounding_box__type_support_c.cpp.o[0m
[ 71%] [32mBuilding CXX object CMakeFiles/ros_yolo__rosidl_typesupport_fastrtps_c.dir/rosidl_typesupport_fastrtps_c/ros_yolo/msg/detail/custom_bounding_boxes__type_support_c.cpp.o[0m
[ 74%] [32m[1mLinking CXX shared library libros_yolo__rosidl_typesupport_fastrtps_c.so[0m
[ 74%] Built target ros_yolo__rosidl_typesupport_fastrtps_c
[35m[1mScanning dependencies of target ros_yolo[0m
[ 74%] Built target ros_yolo
[35m[1mScanning dependencies of target ros_yolo__py[0m
[ 76%] [34m[1mGenerating Python code for ROS interfaces[0m
[ 76%] Built target ros_yolo__py
[35m[1mScanning dependencies of target ros_yolo__python[0m
[ 82%] [32mBuilding C object CMakeFiles/ros_yolo__python.dir/rosidl_generator_py/ros_yolo/msg/_custom_bounding_boxes_s.c.o[0m
[ 82%] [32mBuilding C object CMakeFiles/ros_yolo__python.dir/rosidl_generator_py/ros_yolo/msg/_custom_bounding_box_s.c.o[0m
[ 84%] [32m[1mLinking C shared library rosidl_generator_py/ros_yolo/libros_yolo__python.so[0m
[ 84%] Built target ros_yolo__python
[35m[1mScanning dependencies of target ros_yolo__rosidl_typesupport_c__pyext[0m
[35m[1mScanning dependencies of target ros_yolo__rosidl_typesupport_introspection_c__pyext[0m
[35m[1mScanning dependencies of target ros_yolo__rosidl_typesupport_fastrtps_c__pyext[0m
[ 87%] [32mBuilding C object CMakeFiles/ros_yolo__rosidl_typesupport_introspection_c__pyext.dir/rosidl_generator_py/ros_yolo/_ros_yolo_s.ep.rosidl_typesupport_introspection_c.c.o[0m
[ 89%] [32mBuilding C object CMakeFiles/ros_yolo__rosidl_typesupport_c__pyext.dir/rosidl_generator_py/ros_yolo/_ros_yolo_s.ep.rosidl_typesupport_c.c.o[0m
[ 92%] [32mBuilding C object CMakeFiles/ros_yolo__rosidl_typesupport_fastrtps_c__pyext.dir/rosidl_generator_py/ros_yolo/_ros_yolo_s.ep.rosidl_typesupport_fastrtps_c.c.o[0m
[ 94%] [32m[1mLinking C shared library rosidl_generator_py/ros_yolo/ros_yolo_s__rosidl_typesupport_c.cpython-38-x86_64-linux-gnu.so[0m
[ 97%] [32m[1mLinking C shared library rosidl_generator_py/ros_yolo/ros_yolo_s__rosidl_typesupport_introspection_c.cpython-38-x86_64-linux-gnu.so[0m
[100%] [32m[1mLinking C shared library rosidl_generator_py/ros_yolo/ros_yolo_s__rosidl_typesupport_fastrtps_c.cpython-38-x86_64-linux-gnu.so[0m
[100%] Built target ros_yolo__rosidl_typesupport_c__pyext
[100%] Built target ros_yolo__rosidl_typesupport_introspection_c__pyext
[100%] Built target ros_yolo__rosidl_typesupport_fastrtps_c__pyext
-- Install configuration: ""
-- Installing: /root/drl_grasping/fyp_ws/src/Yolov5-ROS2/ros_yolo/install/ros_yolo/share/ament_index/resource_index/rosidl_interfaces/ros_yolo
-- Installing: /root/drl_grasping/fyp_ws/src/Yolov5-ROS2/ros_yolo/install/ros_yolo/include/ros_yolo
-- Installing: /root/drl_grasping/fyp_ws/src/Yolov5-ROS2/ros_yolo/install/ros_yolo/include/ros_yolo/msg
-- Installing: /root/drl_grasping/fyp_ws/src/Yolov5-ROS2/ros_yolo/install/ros_yolo/include/ros_yolo/msg/rosidl_generator_c__visibility_control.h
-- Installing: /root/drl_grasping/fyp_ws/src/Yolov5-ROS2/ros_yolo/install/ros_yolo/include/ros_yolo/msg/custom_bounding_box.h
-- Installing: /root/drl_grasping/fyp_ws/src/Yolov5-ROS2/ros_yolo/install/ros_yolo/include/ros_yolo/msg/detail
-- Installing: /root/drl_grasping/fyp_ws/src/Yolov5-ROS2/ros_yolo/install/ros_yolo/include/ros_yolo/msg/detail/custom_bounding_box__type_support.h
-- Installing: /root/drl_grasping/fyp_ws/src/Yolov5-ROS2/ros_yolo/install/ros_yolo/include/ros_yolo/msg/detail/custom_bounding_boxes__type_support.h
-- Installing: /root/drl_grasping/fyp_ws/src/Yolov5-ROS2/ros_yolo/install/ros_yolo/include/ros_yolo/msg/detail/custom_bounding_box__functions.h
-- Installing: /root/drl_grasping/fyp_ws/src/Yolov5-ROS2/ros_yolo/install/ros_yolo/include/ros_yolo/msg/detail/custom_bounding_box__struct.h
-- Installing: /root/drl_grasping/fyp_ws/src/Yolov5-ROS2/ros_yolo/install/ros_yolo/include/ros_yolo/msg/detail/custom_bounding_boxes__functions.c
-- Installing: /root/drl_grasping/fyp_ws/src/Yolov5-ROS2/ros_yolo/install/ros_yolo/include/ros_yolo/msg/detail/custom_bounding_box__functions.c
-- Installing: /root/drl_grasping/fyp_ws/src/Yolov5-ROS2/ros_yolo/install/ros_yolo/include/ros_yolo/msg/detail/custom_bounding_boxes__struct.h
-- Installing: /root/drl_grasping/fyp_ws/src/Yolov5-ROS2/ros_yolo/install/ros_yolo/include/ros_yolo/msg/detail/custom_bounding_boxes__functions.h
-- Installing: /root/drl_grasping/fyp_ws/src/Yolov5-ROS2/ros_yolo/install/ros_yolo/include/ros_yolo/msg/custom_bounding_boxes.h
-- Installing: /root/drl_grasping/fyp_ws/src/Yolov5-ROS2/ros_yolo/install/ros_yolo/share/ros_yolo/environment/library_path.sh
-- Installing: /root/drl_grasping/fyp_ws/src/Yolov5-ROS2/ros_yolo/install/ros_yolo/share/ros_yolo/environment/library_path.dsv
-- Installing: /root/drl_grasping/fyp_ws/src/Yolov5-ROS2/ros_yolo/install/ros_yolo/lib/libros_yolo__rosidl_generator_c.so
-- Set runtime path of "/root/drl_grasping/fyp_ws/src/Yolov5-ROS2/ros_yolo/install/ros_yolo/lib/libros_yolo__rosidl_generator_c.so" to ""
-- Up-to-date: /root/drl_grasping/fyp_ws/src/Yolov5-ROS2/ros_yolo/install/ros_yolo/include/ros_yolo
-- Up-to-date: /root/drl_grasping/fyp_ws/src/Yolov5-ROS2/ros_yolo/install/ros_yolo/include/ros_yolo/msg
-- Installing: /root/drl_grasping/fyp_ws/src/Yolov5-ROS2/ros_yolo/install/ros_yolo/include/ros_yolo/msg/rosidl_typesupport_fastrtps_c__visibility_control.h
-- Up-to-date: /root/drl_grasping/fyp_ws/src/Yolov5-ROS2/ros_yolo/install/ros_yolo/include/ros_yolo/msg/detail
-- Installing: /root/drl_grasping/fyp_ws/src/Yolov5-ROS2/ros_yolo/install/ros_yolo/include/ros_yolo/msg/detail/custom_bounding_boxes__rosidl_typesupport_fastrtps_c.h
-- Installing: /root/drl_grasping/fyp_ws/src/Yolov5-ROS2/ros_yolo/install/ros_yolo/include/ros_yolo/msg/detail/custom_bounding_box__rosidl_typesupport_fastrtps_c.h
-- Installing: /root/drl_grasping/fyp_ws/src/Yolov5-ROS2/ros_yolo/install/ros_yolo/lib/libros_yolo__rosidl_typesupport_fastrtps_c.so
-- Set runtime path of "/root/drl_grasping/fyp_ws/src/Yolov5-ROS2/ros_yolo/install/ros_yolo/lib/libros_yolo__rosidl_typesupport_fastrtps_c.so" to ""
-- Up-to-date: /root/drl_grasping/fyp_ws/src/Yolov5-ROS2/ros_yolo/install/ros_yolo/include/ros_yolo
-- Up-to-date: /root/drl_grasping/fyp_ws/src/Yolov5-ROS2/ros_yolo/install/ros_yolo/include/ros_yolo/msg
-- Installing: /root/drl_grasping/fyp_ws/src/Yolov5-ROS2/ros_yolo/install/ros_yolo/include/ros_yolo/msg/rosidl_typesupport_fastrtps_cpp__visibility_control.h
-- Up-to-date: /root/drl_grasping/fyp_ws/src/Yolov5-ROS2/ros_yolo/install/ros_yolo/include/ros_yolo/msg/detail
-- Installing: /root/drl_grasping/fyp_ws/src/Yolov5-ROS2/ros_yolo/install/ros_yolo/include/ros_yolo/msg/detail/custom_bounding_box__rosidl_typesupport_fastrtps_cpp.hpp
-- Installing: /root/drl_grasping/fyp_ws/src/Yolov5-ROS2/ros_yolo/install/ros_yolo/include/ros_yolo/msg/detail/dds_fastrtps
-- Installing: /root/drl_grasping/fyp_ws/src/Yolov5-ROS2/ros_yolo/install/ros_yolo/include/ros_yolo/msg/detail/custom_bounding_boxes__rosidl_typesupport_fastrtps_cpp.hpp
-- Installing: /root/drl_grasping/fyp_ws/src/Yolov5-ROS2/ros_yolo/install/ros_yolo/lib/libros_yolo__rosidl_typesupport_fastrtps_cpp.so
-- Set runtime path of "/root/drl_grasping/fyp_ws/src/Yolov5-ROS2/ros_yolo/install/ros_yolo/lib/libros_yolo__rosidl_typesupport_fastrtps_cpp.so" to ""
-- Up-to-date: /root/drl_grasping/fyp_ws/src/Yolov5-ROS2/ros_yolo/install/ros_yolo/include/ros_yolo
-- Up-to-date: /root/drl_grasping/fyp_ws/src/Yolov5-ROS2/ros_yolo/install/ros_yolo/include/ros_yolo/msg
-- Up-to-date: /root/drl_grasping/fyp_ws/src/Yolov5-ROS2/ros_yolo/install/ros_yolo/include/ros_yolo/msg/detail
-- Installing: /root/drl_grasping/fyp_ws/src/Yolov5-ROS2/ros_yolo/install/ros_yolo/include/ros_yolo/msg/detail/custom_bounding_box__type_support.c
-- Installing: /root/drl_grasping/fyp_ws/src/Yolov5-ROS2/ros_yolo/install/ros_yolo/include/ros_yolo/msg/detail/custom_bounding_box__rosidl_typesupport_introspection_c.h
-- Installing: /root/drl_grasping/fyp_ws/src/Yolov5-ROS2/ros_yolo/install/ros_yolo/include/ros_yolo/msg/detail/custom_bounding_boxes__type_support.c
-- Installing: /root/drl_grasping/fyp_ws/src/Yolov5-ROS2/ros_yolo/install/ros_yolo/include/ros_yolo/msg/detail/custom_bounding_boxes__rosidl_typesupport_introspection_c.h
-- Installing: /root/drl_grasping/fyp_ws/src/Yolov5-ROS2/ros_yolo/install/ros_yolo/include/ros_yolo/msg/rosidl_typesupport_introspection_c__visibility_control.h
-- Installing: /root/drl_grasping/fyp_ws/src/Yolov5-ROS2/ros_yolo/install/ros_yolo/lib/libros_yolo__rosidl_typesupport_introspection_c.so
-- Set runtime path of "/root/drl_grasping/fyp_ws/src/Yolov5-ROS2/ros_yolo/install/ros_yolo/lib/libros_yolo__rosidl_typesupport_introspection_c.so" to ""
-- Installing: /root/drl_grasping/fyp_ws/src/Yolov5-ROS2/ros_yolo/install/ros_yolo/lib/libros_yolo__rosidl_typesupport_c.so
-- Set runtime path of "/root/drl_grasping/fyp_ws/src/Yolov5-ROS2/ros_yolo/install/ros_yolo/lib/libros_yolo__rosidl_typesupport_c.so" to ""
-- Up-to-date: /root/drl_grasping/fyp_ws/src/Yolov5-ROS2/ros_yolo/install/ros_yolo/include/ros_yolo
-- Up-to-date: /root/drl_grasping/fyp_ws/src/Yolov5-ROS2/ros_yolo/install/ros_yolo/include/ros_yolo/msg
-- Installing: /root/drl_grasping/fyp_ws/src/Yolov5-ROS2/ros_yolo/install/ros_yolo/include/ros_yolo/msg/custom_bounding_box.hpp
-- Up-to-date: /root/drl_grasping/fyp_ws/src/Yolov5-ROS2/ros_yolo/install/ros_yolo/include/ros_yolo/msg/detail
-- Installing: /root/drl_grasping/fyp_ws/src/Yolov5-ROS2/ros_yolo/install/ros_yolo/include/ros_yolo/msg/detail/custom_bounding_boxes__builder.hpp
-- Installing: /root/drl_grasping/fyp_ws/src/Yolov5-ROS2/ros_yolo/install/ros_yolo/include/ros_yolo/msg/detail/custom_bounding_boxes__struct.hpp
-- Installing: /root/drl_grasping/fyp_ws/src/Yolov5-ROS2/ros_yolo/install/ros_yolo/include/ros_yolo/msg/detail/custom_bounding_boxes__traits.hpp
-- Installing: /root/drl_grasping/fyp_ws/src/Yolov5-ROS2/ros_yolo/install/ros_yolo/include/ros_yolo/msg/detail/custom_bounding_box__traits.hpp
-- Installing: /root/drl_grasping/fyp_ws/src/Yolov5-ROS2/ros_yolo/install/ros_yolo/include/ros_yolo/msg/detail/custom_bounding_box__struct.hpp
-- Installing: /root/drl_grasping/fyp_ws/src/Yolov5-ROS2/ros_yolo/install/ros_yolo/include/ros_yolo/msg/detail/custom_bounding_box__builder.hpp
-- Installing: /root/drl_grasping/fyp_ws/src/Yolov5-ROS2/ros_yolo/install/ros_yolo/include/ros_yolo/msg/custom_bounding_boxes.hpp
-- Up-to-date: /root/drl_grasping/fyp_ws/src/Yolov5-ROS2/ros_yolo/install/ros_yolo/include/ros_yolo
-- Up-to-date: /root/drl_grasping/fyp_ws/src/Yolov5-ROS2/ros_yolo/install/ros_yolo/include/ros_yolo/msg
-- Up-to-date: /root/drl_grasping/fyp_ws/src/Yolov5-ROS2/ros_yolo/install/ros_yolo/include/ros_yolo/msg/detail
-- Installing: /root/drl_grasping/fyp_ws/src/Yolov5-ROS2/ros_yolo/install/ros_yolo/include/ros_yolo/msg/detail/custom_bounding_box__type_support.cpp
-- Installing: /root/drl_grasping/fyp_ws/src/Yolov5-ROS2/ros_yolo/install/ros_yolo/include/ros_yolo/msg/detail/custom_bounding_box__rosidl_typesupport_introspection_cpp.hpp
-- Installing: /root/drl_grasping/fyp_ws/src/Yolov5-ROS2/ros_yolo/install/ros_yolo/include/ros_yolo/msg/detail/custom_bounding_boxes__rosidl_typesupport_introspection_cpp.hpp
-- Installing: /root/drl_grasping/fyp_ws/src/Yolov5-ROS2/ros_yolo/install/ros_yolo/include/ros_yolo/msg/detail/custom_bounding_boxes__type_support.cpp
-- Installing: /root/drl_grasping/fyp_ws/src/Yolov5-ROS2/ros_yolo/install/ros_yolo/lib/libros_yolo__rosidl_typesupport_introspection_cpp.so
-- Set runtime path of "/root/drl_grasping/fyp_ws/src/Yolov5-ROS2/ros_yolo/install/ros_yolo/lib/libros_yolo__rosidl_typesupport_introspection_cpp.so" to ""
-- Installing: /root/drl_grasping/fyp_ws/src/Yolov5-ROS2/ros_yolo/install/ros_yolo/lib/libros_yolo__rosidl_typesupport_cpp.so
-- Set runtime path of "/root/drl_grasping/fyp_ws/src/Yolov5-ROS2/ros_yolo/install/ros_yolo/lib/libros_yolo__rosidl_typesupport_cpp.so" to ""
-- Installing: /root/drl_grasping/fyp_ws/src/Yolov5-ROS2/ros_yolo/install/ros_yolo/share/ros_yolo/environment/pythonpath.sh
-- Installing: /root/drl_grasping/fyp_ws/src/Yolov5-ROS2/ros_yolo/install/ros_yolo/share/ros_yolo/environment/pythonpath.dsv
-- Installing: /root/drl_grasping/fyp_ws/src/Yolov5-ROS2/ros_yolo/install/ros_yolo/lib/python3.8/site-packages//ros_yolo.egg-info
-- Installing: /root/drl_grasping/fyp_ws/src/Yolov5-ROS2/ros_yolo/install/ros_yolo/lib/python3.8/site-packages//ros_yolo.egg-info/PKG-INFO
-- Installing: /root/drl_grasping/fyp_ws/src/Yolov5-ROS2/ros_yolo/install/ros_yolo/lib/python3.8/site-packages//ros_yolo.egg-info/SOURCES.txt
-- Installing: /root/drl_grasping/fyp_ws/src/Yolov5-ROS2/ros_yolo/install/ros_yolo/lib/python3.8/site-packages//ros_yolo.egg-info/top_level.txt
-- Installing: /root/drl_grasping/fyp_ws/src/Yolov5-ROS2/ros_yolo/install/ros_yolo/lib/python3.8/site-packages//ros_yolo.egg-info/dependency_links.txt
-- Installing: /root/drl_grasping/fyp_ws/src/Yolov5-ROS2/ros_yolo/install/ros_yolo/lib/python3.8/site-packages/ros_yolo
-- Installing: /root/drl_grasping/fyp_ws/src/Yolov5-ROS2/ros_yolo/install/ros_yolo/lib/python3.8/site-packages/ros_yolo/ros_yolo_s__rosidl_typesupport_introspection_c.cpython-38-x86_64-linux-gnu.so
-- Installing: /root/drl_grasping/fyp_ws/src/Yolov5-ROS2/ros_yolo/install/ros_yolo/lib/python3.8/site-packages/ros_yolo/_ros_yolo_s.ep.rosidl_typesupport_c.c
-- Installing: /root/drl_grasping/fyp_ws/src/Yolov5-ROS2/ros_yolo/install/ros_yolo/lib/python3.8/site-packages/ros_yolo/__init__.py
-- Installing: /root/drl_grasping/fyp_ws/src/Yolov5-ROS2/ros_yolo/install/ros_yolo/lib/python3.8/site-packages/ros_yolo/msg
-- Installing: /root/drl_grasping/fyp_ws/src/Yolov5-ROS2/ros_yolo/install/ros_yolo/lib/python3.8/site-packages/ros_yolo/msg/_custom_bounding_boxes.py
-- Installing: /root/drl_grasping/fyp_ws/src/Yolov5-ROS2/ros_yolo/install/ros_yolo/lib/python3.8/site-packages/ros_yolo/msg/__init__.py
-- Installing: /root/drl_grasping/fyp_ws/src/Yolov5-ROS2/ros_yolo/install/ros_yolo/lib/python3.8/site-packages/ros_yolo/msg/_custom_bounding_box.py
-- Installing: /root/drl_grasping/fyp_ws/src/Yolov5-ROS2/ros_yolo/install/ros_yolo/lib/python3.8/site-packages/ros_yolo/msg/_custom_bounding_box_s.c
-- Installing: /root/drl_grasping/fyp_ws/src/Yolov5-ROS2/ros_yolo/install/ros_yolo/lib/python3.8/site-packages/ros_yolo/msg/_custom_bounding_boxes_s.c
-- Installing: /root/drl_grasping/fyp_ws/src/Yolov5-ROS2/ros_yolo/install/ros_yolo/lib/python3.8/site-packages/ros_yolo/libros_yolo__python.so
-- Installing: /root/drl_grasping/fyp_ws/src/Yolov5-ROS2/ros_yolo/install/ros_yolo/lib/python3.8/site-packages/ros_yolo/ros_yolo_s__rosidl_typesupport_fastrtps_c.cpython-38-x86_64-linux-gnu.so
-- Installing: /root/drl_grasping/fyp_ws/src/Yolov5-ROS2/ros_yolo/install/ros_yolo/lib/python3.8/site-packages/ros_yolo/_ros_yolo_s.ep.rosidl_typesupport_fastrtps_c.c
-- Installing: /root/drl_grasping/fyp_ws/src/Yolov5-ROS2/ros_yolo/install/ros_yolo/lib/python3.8/site-packages/ros_yolo/ros_yolo_s__rosidl_typesupport_c.cpython-38-x86_64-linux-gnu.so
-- Installing: /root/drl_grasping/fyp_ws/src/Yolov5-ROS2/ros_yolo/install/ros_yolo/lib/python3.8/site-packages/ros_yolo/_ros_yolo_s.ep.rosidl_typesupport_introspection_c.c
Listing '/root/drl_grasping/fyp_ws/src/Yolov5-ROS2/ros_yolo/install/ros_yolo/lib/python3.8/site-packages/ros_yolo'...
Compiling '/root/drl_grasping/fyp_ws/src/Yolov5-ROS2/ros_yolo/install/ros_yolo/lib/python3.8/site-packages/ros_yolo/__init__.py'...
Listing '/root/drl_grasping/fyp_ws/src/Yolov5-ROS2/ros_yolo/install/ros_yolo/lib/python3.8/site-packages/ros_yolo/msg'...
Compiling '/root/drl_grasping/fyp_ws/src/Yolov5-ROS2/ros_yolo/install/ros_yolo/lib/python3.8/site-packages/ros_yolo/msg/__init__.py'...
Compiling '/root/drl_grasping/fyp_ws/src/Yolov5-ROS2/ros_yolo/install/ros_yolo/lib/python3.8/site-packages/ros_yolo/msg/_custom_bounding_box.py'...
Compiling '/root/drl_grasping/fyp_ws/src/Yolov5-ROS2/ros_yolo/install/ros_yolo/lib/python3.8/site-packages/ros_yolo/msg/_custom_bounding_boxes.py'...
-- Installing: /root/drl_grasping/fyp_ws/src/Yolov5-ROS2/ros_yolo/install/ros_yolo/lib/python3.8/site-packages/ros_yolo/ros_yolo_s__rosidl_typesupport_fastrtps_c.cpython-38-x86_64-linux-gnu.so
-- Set runtime path of "/root/drl_grasping/fyp_ws/src/Yolov5-ROS2/ros_yolo/install/ros_yolo/lib/python3.8/site-packages/ros_yolo/ros_yolo_s__rosidl_typesupport_fastrtps_c.cpython-38-x86_64-linux-gnu.so" to ""
-- Installing: /root/drl_grasping/fyp_ws/src/Yolov5-ROS2/ros_yolo/install/ros_yolo/lib/python3.8/site-packages/ros_yolo/ros_yolo_s__rosidl_typesupport_introspection_c.cpython-38-x86_64-linux-gnu.so
-- Set runtime path of "/root/drl_grasping/fyp_ws/src/Yolov5-ROS2/ros_yolo/install/ros_yolo/lib/python3.8/site-packages/ros_yolo/ros_yolo_s__rosidl_typesupport_introspection_c.cpython-38-x86_64-linux-gnu.so" to ""
-- Installing: /root/drl_grasping/fyp_ws/src/Yolov5-ROS2/ros_yolo/install/ros_yolo/lib/python3.8/site-packages/ros_yolo/ros_yolo_s__rosidl_typesupport_c.cpython-38-x86_64-linux-gnu.so
-- Set runtime path of "/root/drl_grasping/fyp_ws/src/Yolov5-ROS2/ros_yolo/install/ros_yolo/lib/python3.8/site-packages/ros_yolo/ros_yolo_s__rosidl_typesupport_c.cpython-38-x86_64-linux-gnu.so" to ""
-- Installing: /root/drl_grasping/fyp_ws/src/Yolov5-ROS2/ros_yolo/install/ros_yolo/lib/libros_yolo__python.so
-- Set runtime path of "/root/drl_grasping/fyp_ws/src/Yolov5-ROS2/ros_yolo/install/ros_yolo/lib/libros_yolo__python.so" to ""
-- Installing: /root/drl_grasping/fyp_ws/src/Yolov5-ROS2/ros_yolo/install/ros_yolo/share/ros_yolo/msg/CustomBoundingBox.idl
-- Installing: /root/drl_grasping/fyp_ws/src/Yolov5-ROS2/ros_yolo/install/ros_yolo/share/ros_yolo/msg/CustomBoundingBoxes.idl
-- Installing: /root/drl_grasping/fyp_ws/src/Yolov5-ROS2/ros_yolo/install/ros_yolo/share/ros_yolo/msg/CustomBoundingBox.msg
-- Installing: /root/drl_grasping/fyp_ws/src/Yolov5-ROS2/ros_yolo/install/ros_yolo/share/ros_yolo/msg/CustomBoundingBoxes.msg
-- Installing: /root/drl_grasping/fyp_ws/src/Yolov5-ROS2/ros_yolo/install/ros_yolo/lib/ros_yolo/final_yolo.py
-- Installing: /root/drl_grasping/fyp_ws/src/Yolov5-ROS2/ros_yolo/install/ros_yolo/share/ament_index/resource_index/package_run_dependencies/ros_yolo
-- Installing: /root/drl_grasping/fyp_ws/src/Yolov5-ROS2/ros_yolo/install/ros_yolo/share/ament_index/resource_index/parent_prefix_path/ros_yolo
-- Installing: /root/drl_grasping/fyp_ws/src/Yolov5-ROS2/ros_yolo/install/ros_yolo/share/ros_yolo/environment/ament_prefix_path.sh
-- Installing: /root/drl_grasping/fyp_ws/src/Yolov5-ROS2/ros_yolo/install/ros_yolo/share/ros_yolo/environment/ament_prefix_path.dsv
-- Installing: /root/drl_grasping/fyp_ws/src/Yolov5-ROS2/ros_yolo/install/ros_yolo/share/ros_yolo/environment/path.sh
-- Installing: /root/drl_grasping/fyp_ws/src/Yolov5-ROS2/ros_yolo/install/ros_yolo/share/ros_yolo/environment/path.dsv
-- Installing: /root/drl_grasping/fyp_ws/src/Yolov5-ROS2/ros_yolo/install/ros_yolo/share/ros_yolo/local_setup.bash
-- Installing: /root/drl_grasping/fyp_ws/src/Yolov5-ROS2/ros_yolo/install/ros_yolo/share/ros_yolo/local_setup.sh
-- Installing: /root/drl_grasping/fyp_ws/src/Yolov5-ROS2/ros_yolo/install/ros_yolo/share/ros_yolo/local_setup.zsh
-- Installing: /root/drl_grasping/fyp_ws/src/Yolov5-ROS2/ros_yolo/install/ros_yolo/share/ros_yolo/local_setup.dsv
-- Installing: /root/drl_grasping/fyp_ws/src/Yolov5-ROS2/ros_yolo/install/ros_yolo/share/ros_yolo/package.dsv
-- Installing: /root/drl_grasping/fyp_ws/src/Yolov5-ROS2/ros_yolo/install/ros_yolo/share/ament_index/resource_index/packages/ros_yolo
-- Installing: /root/drl_grasping/fyp_ws/src/Yolov5-ROS2/ros_yolo/install/ros_yolo/share/ros_yolo/cmake/ros_yolo__rosidl_generator_cExport.cmake
-- Installing: /root/drl_grasping/fyp_ws/src/Yolov5-ROS2/ros_yolo/install/ros_yolo/share/ros_yolo/cmake/ros_yolo__rosidl_generator_cExport-noconfig.cmake
-- Installing: /root/drl_grasping/fyp_ws/src/Yolov5-ROS2/ros_yolo/install/ros_yolo/share/ros_yolo/cmake/ros_yolo__rosidl_typesupport_introspection_cExport.cmake
-- Installing: /root/drl_grasping/fyp_ws/src/Yolov5-ROS2/ros_yolo/install/ros_yolo/share/ros_yolo/cmake/ros_yolo__rosidl_typesupport_introspection_cExport-noconfig.cmake
-- Installing: /root/drl_grasping/fyp_ws/src/Yolov5-ROS2/ros_yolo/install/ros_yolo/share/ros_yolo/cmake/ros_yolo__rosidl_typesupport_cExport.cmake
-- Installing: /root/drl_grasping/fyp_ws/src/Yolov5-ROS2/ros_yolo/install/ros_yolo/share/ros_yolo/cmake/ros_yolo__rosidl_typesupport_cExport-noconfig.cmake
-- Installing: /root/drl_grasping/fyp_ws/src/Yolov5-ROS2/ros_yolo/install/ros_yolo/share/ros_yolo/cmake/ros_yolo__rosidl_generator_cppExport.cmake
-- Installing: /root/drl_grasping/fyp_ws/src/Yolov5-ROS2/ros_yolo/install/ros_yolo/share/ros_yolo/cmake/ros_yolo__rosidl_typesupport_introspection_cppExport.cmake
-- Installing: /root/drl_grasping/fyp_ws/src/Yolov5-ROS2/ros_yolo/install/ros_yolo/share/ros_yolo/cmake/ros_yolo__rosidl_typesupport_introspection_cppExport-noconfig.cmake
-- Installing: /root/drl_grasping/fyp_ws/src/Yolov5-ROS2/ros_yolo/install/ros_yolo/share/ros_yolo/cmake/ros_yolo__rosidl_typesupport_cppExport.cmake
-- Installing: /root/drl_grasping/fyp_ws/src/Yolov5-ROS2/ros_yolo/install/ros_yolo/share/ros_yolo/cmake/ros_yolo__rosidl_typesupport_cppExport-noconfig.cmake
-- Installing: /root/drl_grasping/fyp_ws/src/Yolov5-ROS2/ros_yolo/install/ros_yolo/share/ros_yolo/cmake/rosidl_cmake-extras.cmake
-- Installing: /root/drl_grasping/fyp_ws/src/Yolov5-ROS2/ros_yolo/install/ros_yolo/share/ros_yolo/cmake/ament_cmake_export_dependencies-extras.cmake
-- Installing: /root/drl_grasping/fyp_ws/src/Yolov5-ROS2/ros_yolo/install/ros_yolo/share/ros_yolo/cmake/ament_cmake_export_libraries-extras.cmake
-- Installing: /root/drl_grasping/fyp_ws/src/Yolov5-ROS2/ros_yolo/install/ros_yolo/share/ros_yolo/cmake/ament_cmake_export_targets-extras.cmake
-- Installing: /root/drl_grasping/fyp_ws/src/Yolov5-ROS2/ros_yolo/install/ros_yolo/share/ros_yolo/cmake/ament_cmake_export_include_directories-extras.cmake
-- Installing: /root/drl_grasping/fyp_ws/src/Yolov5-ROS2/ros_yolo/install/ros_yolo/share/ros_yolo/cmake/rosidl_cmake_export_typesupport_libraries-extras.cmake
-- Installing: /root/drl_grasping/fyp_ws/src/Yolov5-ROS2/ros_yolo/install/ros_yolo/share/ros_yolo/cmake/rosidl_cmake_export_typesupport_targets-extras.cmake
-- Installing: /root/drl_grasping/fyp_ws/src/Yolov5-ROS2/ros_yolo/install/ros_yolo/share/ros_yolo/cmake/ros_yoloConfig.cmake
-- Installing: /root/drl_grasping/fyp_ws/src/Yolov5-ROS2/ros_yolo/install/ros_yolo/share/ros_yolo/cmake/ros_yoloConfig-version.cmake
-- Installing: /root/drl_grasping/fyp_ws/src/Yolov5-ROS2/ros_yolo/install/ros_yolo/share/ros_yolo/package.xml
