[0.017s] Invoking command in '/root/drl_grasping/fyp_ws/src/Yolov5-ROS2/ros_yolo/build/ros_yolo': CMAKE_PREFIX_PATH=${CMAKE_PREFIX_PATH}:/opt/ros/rolling /usr/bin/cmake /root/drl_grasping/fyp_ws/src/Yolov5-ROS2/ros_yolo -DCMAKE_INSTALL_PREFIX=/root/drl_grasping/fyp_ws/src/Yolov5-ROS2/ros_yolo/install/ros_yolo
[0.090s] -- The C compiler identification is GNU 9.3.0
[0.163s] -- The CXX compiler identification is GNU 9.3.0
[0.170s] -- Check for working C compiler: /usr/bin/cc
[0.258s] -- Check for working C compiler: /usr/bin/cc -- works
[0.259s] -- Detecting C compiler ABI info
[0.346s] -- Detecting C compiler ABI info - done
[0.366s] -- Detecting C compile features
[0.366s] -- Detecting C compile features - done
[0.370s] -- Check for working CXX compiler: /usr/bin/c++
[0.462s] -- Check for working CXX compiler: /usr/bin/c++ -- works
[0.463s] -- Detecting CXX compiler ABI info
[0.557s] -- Detecting CXX compiler ABI info - done
[0.576s] -- Detecting CXX compile features
[0.577s] -- Detecting CXX compile features - done
[0.581s] -- Found ament_cmake: 1.1.4 (/opt/ros/rolling/share/ament_cmake/cmake)
[0.616s] -- Found PythonInterp: /usr/bin/python3 (found suitable version "3.8.10", minimum required is "3") 
[0.616s] -- Using PYTHON_EXECUTABLE: /usr/bin/python3
[0.732s] -- Found rclcpp: 13.0.0 (/opt/ros/rolling/share/rclcpp/cmake)
[0.810s] -- Using all available rosidl_typesupport_c: rosidl_typesupport_fastrtps_c;rosidl_typesupport_introspection_c
[0.821s] -- Found rosidl_adapter: 2.5.0 (/opt/ros/rolling/share/rosidl_adapter/cmake)
[0.887s] -- Using all available rosidl_typesupport_cpp: rosidl_typesupport_fastrtps_cpp;rosidl_typesupport_introspection_cpp
[0.983s] -- Found rmw_implementation_cmake: 5.0.0 (/opt/ros/rolling/share/rmw_implementation_cmake/cmake)
[0.988s] -- Found rmw_cyclonedds_cpp: 0.24.0 (/opt/ros/rolling/share/rmw_cyclonedds_cpp/cmake)
[1.019s] -- Using RMW implementation 'rmw_cyclonedds_cpp' as default
[1.020s] -- Looking for pthread.h
[1.102s] -- Looking for pthread.h - found
[1.103s] -- Performing Test CMAKE_HAVE_LIBC_PTHREAD
[1.194s] -- Performing Test CMAKE_HAVE_LIBC_PTHREAD - Failed
[1.195s] -- Looking for pthread_create in pthreads
[1.273s] -- Looking for pthread_create in pthreads - not found
[1.273s] -- Looking for pthread_create in pthread
[1.358s] -- Looking for pthread_create in pthread - found
[1.359s] -- Found Threads: TRUE  
[1.587s] -- Found rclpy: 3.0.1 (/opt/ros/rolling/share/rclpy/cmake)
[1.590s] -- Found sensor_msgs: 3.0.0 (/opt/ros/rolling/share/sensor_msgs/cmake)
[1.770s] -- Found rosidl_default_generators: 1.1.1 (/opt/ros/rolling/share/rosidl_default_generators/cmake)
[1.814s] -- Found PythonInterp: /usr/bin/python3 (found version "3.8.10") 
[2.102s] -- Found ament_cmake_ros: 0.9.2 (/opt/ros/rolling/share/ament_cmake_ros/cmake)
[2.475s] -- Using all available rosidl_typesupport_c: rosidl_typesupport_fastrtps_c;rosidl_typesupport_introspection_c
[2.722s] -- Using all available rosidl_typesupport_cpp: rosidl_typesupport_fastrtps_cpp;rosidl_typesupport_introspection_cpp
[2.758s] -- Found PythonInterp: /usr/bin/python3 (found suitable version "3.8.10", minimum required is "3.5") 
[2.760s] -- Found python_cmake_module: 0.8.1 (/opt/ros/rolling/share/python_cmake_module/cmake)
[2.795s] -- Found PythonLibs: /usr/lib/x86_64-linux-gnu/libpython3.8.so (found suitable version "3.8.10", minimum required is "3.5") 
[2.796s] -- Using PYTHON_EXECUTABLE: /usr/bin/python3
[2.796s] -- Using PYTHON_INCLUDE_DIRS: /usr/include/python3.8
[2.796s] -- Using PYTHON_LIBRARIES: /usr/lib/x86_64-linux-gnu/libpython3.8.so
[2.822s] -- Found PythonExtra: .so  
[3.118s] -- Using numpy include directory: /usr/local/lib/python3.8/dist-packages/numpy/core/include
[3.160s] -- Configuring done
[3.254s] -- Generating done
[3.259s] -- Build files have been written to: /root/drl_grasping/fyp_ws/src/Yolov5-ROS2/ros_yolo/build/ros_yolo
[3.268s] Invoked command in '/root/drl_grasping/fyp_ws/src/Yolov5-ROS2/ros_yolo/build/ros_yolo' returned '0': CMAKE_PREFIX_PATH=${CMAKE_PREFIX_PATH}:/opt/ros/rolling /usr/bin/cmake /root/drl_grasping/fyp_ws/src/Yolov5-ROS2/ros_yolo -DCMAKE_INSTALL_PREFIX=/root/drl_grasping/fyp_ws/src/Yolov5-ROS2/ros_yolo/install/ros_yolo
[3.272s] Invoking command in '/root/drl_grasping/fyp_ws/src/Yolov5-ROS2/ros_yolo/build/ros_yolo': CMAKE_PREFIX_PATH=${CMAKE_PREFIX_PATH}:/opt/ros/rolling /usr/bin/cmake --build /root/drl_grasping/fyp_ws/src/Yolov5-ROS2/ros_yolo/build/ros_yolo -- -j8 -l8
[3.321s] [35m[1mScanning dependencies of target ament_cmake_python_symlink_ros_yolo[0m
[3.322s] [35m[1mScanning dependencies of target ros_yolo__cpp[0m
[3.322s] [  2%] [34m[1mGenerating C code for ROS interfaces[0m
[3.337s] [  5%] [34m[1mGenerating C++ code for ROS interfaces[0m
[3.346s] [  5%] Built target ament_cmake_python_symlink_ros_yolo
[3.359s] [35m[1mScanning dependencies of target ament_cmake_python_build_ros_yolo_egg[0m
[3.770s] running egg_info
[3.771s] creating ros_yolo.egg-info
[3.772s] writing ros_yolo.egg-info/PKG-INFO
[3.772s] writing dependency_links to ros_yolo.egg-info/dependency_links.txt
[3.772s] writing top-level names to ros_yolo.egg-info/top_level.txt
[3.774s] writing manifest file 'ros_yolo.egg-info/SOURCES.txt'
[3.847s] reading manifest file 'ros_yolo.egg-info/SOURCES.txt'
[3.848s] writing manifest file 'ros_yolo.egg-info/SOURCES.txt'
[3.869s] [35m[1mScanning dependencies of target ros_yolo__rosidl_generator_c[0m
[3.888s] [  5%] Built target ros_yolo__cpp
[3.888s] [  5%] Built target ament_cmake_python_build_ros_yolo_egg
[3.892s] [  7%] [32mBuilding C object CMakeFiles/ros_yolo__rosidl_generator_c.dir/rosidl_generator_c/ros_yolo/msg/detail/custom_bounding_box__functions.c.o[0m
[3.893s] [ 10%] [32mBuilding C object CMakeFiles/ros_yolo__rosidl_generator_c.dir/rosidl_generator_c/ros_yolo/msg/detail/custom_bounding_boxes__functions.c.o[0m
[3.903s] [ 12%] [34m[1mGenerating C++ type support dispatch for ROS interfaces[0m
[3.904s] [ 15%] [34m[1mGenerating C++ type support for eProsima Fast-RTPS[0m
[3.907s] [ 17%] [34m[1mGenerating C++ introspection for ROS interfaces[0m
[3.955s] [ 20%] [32m[1mLinking C shared library libros_yolo__rosidl_generator_c.so[0m
[4.004s] [ 20%] Built target ros_yolo__rosidl_generator_c
[4.019s] [ 25%] [34m[1mGenerating C introspection for ROS interfaces[0m
[4.019s] [ 25%] [34m[1mGenerating C type support dispatch for ROS interfaces[0m
[4.422s] [35m[1mScanning dependencies of target ros_yolo__rosidl_typesupport_fastrtps_cpp[0m
[4.445s] [ 28%] [32mBuilding CXX object CMakeFiles/ros_yolo__rosidl_typesupport_fastrtps_cpp.dir/rosidl_typesupport_fastrtps_cpp/ros_yolo/msg/detail/dds_fastrtps/custom_bounding_boxes__type_support.cpp.o[0m
[4.446s] [ 30%] [32mBuilding CXX object CMakeFiles/ros_yolo__rosidl_typesupport_fastrtps_cpp.dir/rosidl_typesupport_fastrtps_cpp/ros_yolo/msg/detail/dds_fastrtps/custom_bounding_box__type_support.cpp.o[0m
[4.449s] [35m[1mScanning dependencies of target ros_yolo__rosidl_typesupport_c[0m
[4.474s] [ 33%] [32mBuilding CXX object CMakeFiles/ros_yolo__rosidl_typesupport_c.dir/rosidl_typesupport_c/ros_yolo/msg/custom_bounding_box__type_support.cpp.o[0m
[4.476s] [ 35%] [32mBuilding CXX object CMakeFiles/ros_yolo__rosidl_typesupport_c.dir/rosidl_typesupport_c/ros_yolo/msg/custom_bounding_boxes__type_support.cpp.o[0m
[4.491s] [35m[1mScanning dependencies of target ros_yolo__rosidl_typesupport_cpp[0m
[4.530s] [ 38%] [32mBuilding CXX object CMakeFiles/ros_yolo__rosidl_typesupport_cpp.dir/rosidl_typesupport_cpp/ros_yolo/msg/custom_bounding_box__type_support.cpp.o[0m
[4.539s] [ 43%] [32m[1mLinking CXX shared library libros_yolo__rosidl_typesupport_c.so[0m
[4.540s] [ 43%] [32mBuilding CXX object CMakeFiles/ros_yolo__rosidl_typesupport_cpp.dir/rosidl_typesupport_cpp/ros_yolo/msg/custom_bounding_boxes__type_support.cpp.o[0m
[4.540s] [35m[1mScanning dependencies of target ros_yolo__rosidl_typesupport_introspection_c[0m
[4.554s] [35m[1mScanning dependencies of target ros_yolo__rosidl_typesupport_introspection_cpp[0m
[4.568s] [ 46%] [32mBuilding C object CMakeFiles/ros_yolo__rosidl_typesupport_introspection_c.dir/rosidl_typesupport_introspection_c/ros_yolo/msg/detail/custom_bounding_box__type_support.c.o[0m
[4.570s] [ 48%] [32mBuilding C object CMakeFiles/ros_yolo__rosidl_typesupport_introspection_c.dir/rosidl_typesupport_introspection_c/ros_yolo/msg/detail/custom_bounding_boxes__type_support.c.o[0m
[4.586s] [ 51%] [32mBuilding CXX object CMakeFiles/ros_yolo__rosidl_typesupport_introspection_cpp.dir/rosidl_typesupport_introspection_cpp/ros_yolo/msg/detail/custom_bounding_box__type_support.cpp.o[0m
[4.629s] [ 51%] Built target ros_yolo__rosidl_typesupport_c
[4.645s] [ 53%] [32mBuilding CXX object CMakeFiles/ros_yolo__rosidl_typesupport_introspection_cpp.dir/rosidl_typesupport_introspection_cpp/ros_yolo/msg/detail/custom_bounding_boxes__type_support.cpp.o[0m
[4.645s] [ 56%] [32m[1mLinking C shared library libros_yolo__rosidl_typesupport_introspection_c.so[0m
[4.712s] [ 56%] Built target ros_yolo__rosidl_typesupport_introspection_c
[5.107s] [ 58%] [32m[1mLinking CXX shared library libros_yolo__rosidl_typesupport_cpp.so[0m
[5.166s] [ 58%] Built target ros_yolo__rosidl_typesupport_cpp
[5.258s] [ 61%] [32m[1mLinking CXX shared library libros_yolo__rosidl_typesupport_introspection_cpp.so[0m
[5.267s] [ 64%] [32m[1mLinking CXX shared library libros_yolo__rosidl_typesupport_fastrtps_cpp.so[0m
[5.357s] [ 64%] Built target ros_yolo__rosidl_typesupport_introspection_cpp
[5.369s] [ 64%] Built target ros_yolo__rosidl_typesupport_fastrtps_cpp
[5.384s] [ 66%] [34m[1mGenerating C type support for eProsima Fast-RTPS[0m
[5.796s] [35m[1mScanning dependencies of target ros_yolo__rosidl_typesupport_fastrtps_c[0m
[5.817s] [ 69%] [32mBuilding CXX object CMakeFiles/ros_yolo__rosidl_typesupport_fastrtps_c.dir/rosidl_typesupport_fastrtps_c/ros_yolo/msg/detail/custom_bounding_box__type_support_c.cpp.o[0m
[5.817s] [ 71%] [32mBuilding CXX object CMakeFiles/ros_yolo__rosidl_typesupport_fastrtps_c.dir/rosidl_typesupport_fastrtps_c/ros_yolo/msg/detail/custom_bounding_boxes__type_support_c.cpp.o[0m
[6.221s] [ 74%] [32m[1mLinking CXX shared library libros_yolo__rosidl_typesupport_fastrtps_c.so[0m
[6.307s] [ 74%] Built target ros_yolo__rosidl_typesupport_fastrtps_c
[6.318s] [35m[1mScanning dependencies of target ros_yolo[0m
[6.330s] [ 74%] Built target ros_yolo
[6.342s] [35m[1mScanning dependencies of target ros_yolo__py[0m
[6.355s] [ 76%] [34m[1mGenerating Python code for ROS interfaces[0m
[7.110s] [ 76%] Built target ros_yolo__py
[7.122s] [35m[1mScanning dependencies of target ros_yolo__python[0m
[7.151s] [ 82%] [32mBuilding C object CMakeFiles/ros_yolo__python.dir/rosidl_generator_py/ros_yolo/msg/_custom_bounding_boxes_s.c.o[0m
[7.151s] [ 82%] [32mBuilding C object CMakeFiles/ros_yolo__python.dir/rosidl_generator_py/ros_yolo/msg/_custom_bounding_box_s.c.o[0m
[7.269s] [ 84%] [32m[1mLinking C shared library rosidl_generator_py/ros_yolo/libros_yolo__python.so[0m
[7.323s] [ 84%] Built target ros_yolo__python
[7.336s] [35m[1mScanning dependencies of target ros_yolo__rosidl_typesupport_c__pyext[0m
[7.336s] [35m[1mScanning dependencies of target ros_yolo__rosidl_typesupport_introspection_c__pyext[0m
[7.336s] [35m[1mScanning dependencies of target ros_yolo__rosidl_typesupport_fastrtps_c__pyext[0m
[7.362s] [ 87%] [32mBuilding C object CMakeFiles/ros_yolo__rosidl_typesupport_introspection_c__pyext.dir/rosidl_generator_py/ros_yolo/_ros_yolo_s.ep.rosidl_typesupport_introspection_c.c.o[0m
[7.364s] [ 89%] [32mBuilding C object CMakeFiles/ros_yolo__rosidl_typesupport_c__pyext.dir/rosidl_generator_py/ros_yolo/_ros_yolo_s.ep.rosidl_typesupport_c.c.o[0m
[7.369s] [ 92%] [32mBuilding C object CMakeFiles/ros_yolo__rosidl_typesupport_fastrtps_c__pyext.dir/rosidl_generator_py/ros_yolo/_ros_yolo_s.ep.rosidl_typesupport_fastrtps_c.c.o[0m
[7.476s] [ 94%] [32m[1mLinking C shared library rosidl_generator_py/ros_yolo/ros_yolo_s__rosidl_typesupport_c.cpython-38-x86_64-linux-gnu.so[0m
[7.483s] [ 97%] [32m[1mLinking C shared library rosidl_generator_py/ros_yolo/ros_yolo_s__rosidl_typesupport_introspection_c.cpython-38-x86_64-linux-gnu.so[0m
[7.484s] [100%] [32m[1mLinking C shared library rosidl_generator_py/ros_yolo/ros_yolo_s__rosidl_typesupport_fastrtps_c.cpython-38-x86_64-linux-gnu.so[0m
[7.531s] [100%] Built target ros_yolo__rosidl_typesupport_c__pyext
[7.538s] [100%] Built target ros_yolo__rosidl_typesupport_introspection_c__pyext
[7.544s] [100%] Built target ros_yolo__rosidl_typesupport_fastrtps_c__pyext
[7.557s] Invoked command in '/root/drl_grasping/fyp_ws/src/Yolov5-ROS2/ros_yolo/build/ros_yolo' returned '0': CMAKE_PREFIX_PATH=${CMAKE_PREFIX_PATH}:/opt/ros/rolling /usr/bin/cmake --build /root/drl_grasping/fyp_ws/src/Yolov5-ROS2/ros_yolo/build/ros_yolo -- -j8 -l8
[7.648s] Invoking command in '/root/drl_grasping/fyp_ws/src/Yolov5-ROS2/ros_yolo/build/ros_yolo': CMAKE_PREFIX_PATH=${CMAKE_PREFIX_PATH}:/opt/ros/rolling /usr/bin/cmake --install /root/drl_grasping/fyp_ws/src/Yolov5-ROS2/ros_yolo/build/ros_yolo
[7.658s] -- Install configuration: ""
[7.658s] -- Installing: /root/drl_grasping/fyp_ws/src/Yolov5-ROS2/ros_yolo/install/ros_yolo/share/ament_index/resource_index/rosidl_interfaces/ros_yolo
[7.658s] -- Installing: /root/drl_grasping/fyp_ws/src/Yolov5-ROS2/ros_yolo/install/ros_yolo/include/ros_yolo
[7.659s] -- Installing: /root/drl_grasping/fyp_ws/src/Yolov5-ROS2/ros_yolo/install/ros_yolo/include/ros_yolo/msg
[7.659s] -- Installing: /root/drl_grasping/fyp_ws/src/Yolov5-ROS2/ros_yolo/install/ros_yolo/include/ros_yolo/msg/rosidl_generator_c__visibility_control.h
[7.659s] -- Installing: /root/drl_grasping/fyp_ws/src/Yolov5-ROS2/ros_yolo/install/ros_yolo/include/ros_yolo/msg/custom_bounding_box.h
[7.659s] -- Installing: /root/drl_grasping/fyp_ws/src/Yolov5-ROS2/ros_yolo/install/ros_yolo/include/ros_yolo/msg/detail
[7.659s] -- Installing: /root/drl_grasping/fyp_ws/src/Yolov5-ROS2/ros_yolo/install/ros_yolo/include/ros_yolo/msg/detail/custom_bounding_box__type_support.h
[7.659s] -- Installing: /root/drl_grasping/fyp_ws/src/Yolov5-ROS2/ros_yolo/install/ros_yolo/include/ros_yolo/msg/detail/custom_bounding_boxes__type_support.h
[7.660s] -- Installing: /root/drl_grasping/fyp_ws/src/Yolov5-ROS2/ros_yolo/install/ros_yolo/include/ros_yolo/msg/detail/custom_bounding_box__functions.h
[7.660s] -- Installing: /root/drl_grasping/fyp_ws/src/Yolov5-ROS2/ros_yolo/install/ros_yolo/include/ros_yolo/msg/detail/custom_bounding_box__struct.h
[7.660s] -- Installing: /root/drl_grasping/fyp_ws/src/Yolov5-ROS2/ros_yolo/install/ros_yolo/include/ros_yolo/msg/detail/custom_bounding_boxes__functions.c
[7.660s] -- Installing: /root/drl_grasping/fyp_ws/src/Yolov5-ROS2/ros_yolo/install/ros_yolo/include/ros_yolo/msg/detail/custom_bounding_box__functions.c
[7.660s] -- Installing: /root/drl_grasping/fyp_ws/src/Yolov5-ROS2/ros_yolo/install/ros_yolo/include/ros_yolo/msg/detail/custom_bounding_boxes__struct.h
[7.660s] -- Installing: /root/drl_grasping/fyp_ws/src/Yolov5-ROS2/ros_yolo/install/ros_yolo/include/ros_yolo/msg/detail/custom_bounding_boxes__functions.h
[7.660s] -- Installing: /root/drl_grasping/fyp_ws/src/Yolov5-ROS2/ros_yolo/install/ros_yolo/include/ros_yolo/msg/custom_bounding_boxes.h
[7.661s] -- Installing: /root/drl_grasping/fyp_ws/src/Yolov5-ROS2/ros_yolo/install/ros_yolo/share/ros_yolo/environment/library_path.sh
[7.661s] -- Installing: /root/drl_grasping/fyp_ws/src/Yolov5-ROS2/ros_yolo/install/ros_yolo/share/ros_yolo/environment/library_path.dsv
[7.661s] -- Installing: /root/drl_grasping/fyp_ws/src/Yolov5-ROS2/ros_yolo/install/ros_yolo/lib/libros_yolo__rosidl_generator_c.so
[7.661s] -- Set runtime path of "/root/drl_grasping/fyp_ws/src/Yolov5-ROS2/ros_yolo/install/ros_yolo/lib/libros_yolo__rosidl_generator_c.so" to ""
[7.661s] -- Up-to-date: /root/drl_grasping/fyp_ws/src/Yolov5-ROS2/ros_yolo/install/ros_yolo/include/ros_yolo
[7.662s] -- Up-to-date: /root/drl_grasping/fyp_ws/src/Yolov5-ROS2/ros_yolo/install/ros_yolo/include/ros_yolo/msg
[7.662s] -- Installing: /root/drl_grasping/fyp_ws/src/Yolov5-ROS2/ros_yolo/install/ros_yolo/include/ros_yolo/msg/rosidl_typesupport_fastrtps_c__visibility_control.h
[7.662s] -- Up-to-date: /root/drl_grasping/fyp_ws/src/Yolov5-ROS2/ros_yolo/install/ros_yolo/include/ros_yolo/msg/detail
[7.662s] -- Installing: /root/drl_grasping/fyp_ws/src/Yolov5-ROS2/ros_yolo/install/ros_yolo/include/ros_yolo/msg/detail/custom_bounding_boxes__rosidl_typesupport_fastrtps_c.h
[7.662s] -- Installing: /root/drl_grasping/fyp_ws/src/Yolov5-ROS2/ros_yolo/install/ros_yolo/include/ros_yolo/msg/detail/custom_bounding_box__rosidl_typesupport_fastrtps_c.h
[7.662s] -- Installing: /root/drl_grasping/fyp_ws/src/Yolov5-ROS2/ros_yolo/install/ros_yolo/lib/libros_yolo__rosidl_typesupport_fastrtps_c.so
[7.663s] -- Set runtime path of "/root/drl_grasping/fyp_ws/src/Yolov5-ROS2/ros_yolo/install/ros_yolo/lib/libros_yolo__rosidl_typesupport_fastrtps_c.so" to ""
[7.663s] -- Up-to-date: /root/drl_grasping/fyp_ws/src/Yolov5-ROS2/ros_yolo/install/ros_yolo/include/ros_yolo
[7.663s] -- Up-to-date: /root/drl_grasping/fyp_ws/src/Yolov5-ROS2/ros_yolo/install/ros_yolo/include/ros_yolo/msg
[7.663s] -- Installing: /root/drl_grasping/fyp_ws/src/Yolov5-ROS2/ros_yolo/install/ros_yolo/include/ros_yolo/msg/rosidl_typesupport_fastrtps_cpp__visibility_control.h
[7.663s] -- Up-to-date: /root/drl_grasping/fyp_ws/src/Yolov5-ROS2/ros_yolo/install/ros_yolo/include/ros_yolo/msg/detail
[7.663s] -- Installing: /root/drl_grasping/fyp_ws/src/Yolov5-ROS2/ros_yolo/install/ros_yolo/include/ros_yolo/msg/detail/custom_bounding_box__rosidl_typesupport_fastrtps_cpp.hpp
[7.664s] -- Installing: /root/drl_grasping/fyp_ws/src/Yolov5-ROS2/ros_yolo/install/ros_yolo/include/ros_yolo/msg/detail/dds_fastrtps
[7.664s] -- Installing: /root/drl_grasping/fyp_ws/src/Yolov5-ROS2/ros_yolo/install/ros_yolo/include/ros_yolo/msg/detail/custom_bounding_boxes__rosidl_typesupport_fastrtps_cpp.hpp
[7.664s] -- Installing: /root/drl_grasping/fyp_ws/src/Yolov5-ROS2/ros_yolo/install/ros_yolo/lib/libros_yolo__rosidl_typesupport_fastrtps_cpp.so
[7.664s] -- Set runtime path of "/root/drl_grasping/fyp_ws/src/Yolov5-ROS2/ros_yolo/install/ros_yolo/lib/libros_yolo__rosidl_typesupport_fastrtps_cpp.so" to ""
[7.665s] -- Up-to-date: /root/drl_grasping/fyp_ws/src/Yolov5-ROS2/ros_yolo/install/ros_yolo/include/ros_yolo
[7.665s] -- Up-to-date: /root/drl_grasping/fyp_ws/src/Yolov5-ROS2/ros_yolo/install/ros_yolo/include/ros_yolo/msg
[7.665s] -- Up-to-date: /root/drl_grasping/fyp_ws/src/Yolov5-ROS2/ros_yolo/install/ros_yolo/include/ros_yolo/msg/detail
[7.665s] -- Installing: /root/drl_grasping/fyp_ws/src/Yolov5-ROS2/ros_yolo/install/ros_yolo/include/ros_yolo/msg/detail/custom_bounding_box__type_support.c
[7.665s] -- Installing: /root/drl_grasping/fyp_ws/src/Yolov5-ROS2/ros_yolo/install/ros_yolo/include/ros_yolo/msg/detail/custom_bounding_box__rosidl_typesupport_introspection_c.h
[7.665s] -- Installing: /root/drl_grasping/fyp_ws/src/Yolov5-ROS2/ros_yolo/install/ros_yolo/include/ros_yolo/msg/detail/custom_bounding_boxes__type_support.c
[7.665s] -- Installing: /root/drl_grasping/fyp_ws/src/Yolov5-ROS2/ros_yolo/install/ros_yolo/include/ros_yolo/msg/detail/custom_bounding_boxes__rosidl_typesupport_introspection_c.h
[7.666s] -- Installing: /root/drl_grasping/fyp_ws/src/Yolov5-ROS2/ros_yolo/install/ros_yolo/include/ros_yolo/msg/rosidl_typesupport_introspection_c__visibility_control.h
[7.666s] -- Installing: /root/drl_grasping/fyp_ws/src/Yolov5-ROS2/ros_yolo/install/ros_yolo/lib/libros_yolo__rosidl_typesupport_introspection_c.so
[7.666s] -- Set runtime path of "/root/drl_grasping/fyp_ws/src/Yolov5-ROS2/ros_yolo/install/ros_yolo/lib/libros_yolo__rosidl_typesupport_introspection_c.so" to ""
[7.666s] -- Installing: /root/drl_grasping/fyp_ws/src/Yolov5-ROS2/ros_yolo/install/ros_yolo/lib/libros_yolo__rosidl_typesupport_c.so
[7.666s] -- Set runtime path of "/root/drl_grasping/fyp_ws/src/Yolov5-ROS2/ros_yolo/install/ros_yolo/lib/libros_yolo__rosidl_typesupport_c.so" to ""
[7.667s] -- Up-to-date: /root/drl_grasping/fyp_ws/src/Yolov5-ROS2/ros_yolo/install/ros_yolo/include/ros_yolo
[7.667s] -- Up-to-date: /root/drl_grasping/fyp_ws/src/Yolov5-ROS2/ros_yolo/install/ros_yolo/include/ros_yolo/msg
[7.667s] -- Installing: /root/drl_grasping/fyp_ws/src/Yolov5-ROS2/ros_yolo/install/ros_yolo/include/ros_yolo/msg/custom_bounding_box.hpp
[7.667s] -- Up-to-date: /root/drl_grasping/fyp_ws/src/Yolov5-ROS2/ros_yolo/install/ros_yolo/include/ros_yolo/msg/detail
[7.667s] -- Installing: /root/drl_grasping/fyp_ws/src/Yolov5-ROS2/ros_yolo/install/ros_yolo/include/ros_yolo/msg/detail/custom_bounding_boxes__builder.hpp
[7.667s] -- Installing: /root/drl_grasping/fyp_ws/src/Yolov5-ROS2/ros_yolo/install/ros_yolo/include/ros_yolo/msg/detail/custom_bounding_boxes__struct.hpp
[7.667s] -- Installing: /root/drl_grasping/fyp_ws/src/Yolov5-ROS2/ros_yolo/install/ros_yolo/include/ros_yolo/msg/detail/custom_bounding_boxes__traits.hpp
[7.668s] -- Installing: /root/drl_grasping/fyp_ws/src/Yolov5-ROS2/ros_yolo/install/ros_yolo/include/ros_yolo/msg/detail/custom_bounding_box__traits.hpp
[7.668s] -- Installing: /root/drl_grasping/fyp_ws/src/Yolov5-ROS2/ros_yolo/install/ros_yolo/include/ros_yolo/msg/detail/custom_bounding_box__struct.hpp
[7.668s] -- Installing: /root/drl_grasping/fyp_ws/src/Yolov5-ROS2/ros_yolo/install/ros_yolo/include/ros_yolo/msg/detail/custom_bounding_box__builder.hpp
[7.668s] -- Installing: /root/drl_grasping/fyp_ws/src/Yolov5-ROS2/ros_yolo/install/ros_yolo/include/ros_yolo/msg/custom_bounding_boxes.hpp
[7.668s] -- Up-to-date: /root/drl_grasping/fyp_ws/src/Yolov5-ROS2/ros_yolo/install/ros_yolo/include/ros_yolo
[7.668s] -- Up-to-date: /root/drl_grasping/fyp_ws/src/Yolov5-ROS2/ros_yolo/install/ros_yolo/include/ros_yolo/msg
[7.669s] -- Up-to-date: /root/drl_grasping/fyp_ws/src/Yolov5-ROS2/ros_yolo/install/ros_yolo/include/ros_yolo/msg/detail
[7.669s] -- Installing: /root/drl_grasping/fyp_ws/src/Yolov5-ROS2/ros_yolo/install/ros_yolo/include/ros_yolo/msg/detail/custom_bounding_box__type_support.cpp
[7.669s] -- Installing: /root/drl_grasping/fyp_ws/src/Yolov5-ROS2/ros_yolo/install/ros_yolo/include/ros_yolo/msg/detail/custom_bounding_box__rosidl_typesupport_introspection_cpp.hpp
[7.669s] -- Installing: /root/drl_grasping/fyp_ws/src/Yolov5-ROS2/ros_yolo/install/ros_yolo/include/ros_yolo/msg/detail/custom_bounding_boxes__rosidl_typesupport_introspection_cpp.hpp
[7.669s] -- Installing: /root/drl_grasping/fyp_ws/src/Yolov5-ROS2/ros_yolo/install/ros_yolo/include/ros_yolo/msg/detail/custom_bounding_boxes__type_support.cpp
[7.669s] -- Installing: /root/drl_grasping/fyp_ws/src/Yolov5-ROS2/ros_yolo/install/ros_yolo/lib/libros_yolo__rosidl_typesupport_introspection_cpp.so
[7.669s] -- Set runtime path of "/root/drl_grasping/fyp_ws/src/Yolov5-ROS2/ros_yolo/install/ros_yolo/lib/libros_yolo__rosidl_typesupport_introspection_cpp.so" to ""
[7.670s] -- Installing: /root/drl_grasping/fyp_ws/src/Yolov5-ROS2/ros_yolo/install/ros_yolo/lib/libros_yolo__rosidl_typesupport_cpp.so
[7.670s] -- Set runtime path of "/root/drl_grasping/fyp_ws/src/Yolov5-ROS2/ros_yolo/install/ros_yolo/lib/libros_yolo__rosidl_typesupport_cpp.so" to ""
[7.670s] -- Installing: /root/drl_grasping/fyp_ws/src/Yolov5-ROS2/ros_yolo/install/ros_yolo/share/ros_yolo/environment/pythonpath.sh
[7.670s] -- Installing: /root/drl_grasping/fyp_ws/src/Yolov5-ROS2/ros_yolo/install/ros_yolo/share/ros_yolo/environment/pythonpath.dsv
[7.671s] -- Installing: /root/drl_grasping/fyp_ws/src/Yolov5-ROS2/ros_yolo/install/ros_yolo/lib/python3.8/site-packages//ros_yolo.egg-info
[7.671s] -- Installing: /root/drl_grasping/fyp_ws/src/Yolov5-ROS2/ros_yolo/install/ros_yolo/lib/python3.8/site-packages//ros_yolo.egg-info/PKG-INFO
[7.671s] -- Installing: /root/drl_grasping/fyp_ws/src/Yolov5-ROS2/ros_yolo/install/ros_yolo/lib/python3.8/site-packages//ros_yolo.egg-info/SOURCES.txt
[7.671s] -- Installing: /root/drl_grasping/fyp_ws/src/Yolov5-ROS2/ros_yolo/install/ros_yolo/lib/python3.8/site-packages//ros_yolo.egg-info/top_level.txt
[7.671s] -- Installing: /root/drl_grasping/fyp_ws/src/Yolov5-ROS2/ros_yolo/install/ros_yolo/lib/python3.8/site-packages//ros_yolo.egg-info/dependency_links.txt
[7.672s] -- Installing: /root/drl_grasping/fyp_ws/src/Yolov5-ROS2/ros_yolo/install/ros_yolo/lib/python3.8/site-packages/ros_yolo
[7.672s] -- Installing: /root/drl_grasping/fyp_ws/src/Yolov5-ROS2/ros_yolo/install/ros_yolo/lib/python3.8/site-packages/ros_yolo/ros_yolo_s__rosidl_typesupport_introspection_c.cpython-38-x86_64-linux-gnu.so
[7.672s] -- Installing: /root/drl_grasping/fyp_ws/src/Yolov5-ROS2/ros_yolo/install/ros_yolo/lib/python3.8/site-packages/ros_yolo/_ros_yolo_s.ep.rosidl_typesupport_c.c
[7.672s] -- Installing: /root/drl_grasping/fyp_ws/src/Yolov5-ROS2/ros_yolo/install/ros_yolo/lib/python3.8/site-packages/ros_yolo/__init__.py
[7.672s] -- Installing: /root/drl_grasping/fyp_ws/src/Yolov5-ROS2/ros_yolo/install/ros_yolo/lib/python3.8/site-packages/ros_yolo/msg
[7.672s] -- Installing: /root/drl_grasping/fyp_ws/src/Yolov5-ROS2/ros_yolo/install/ros_yolo/lib/python3.8/site-packages/ros_yolo/msg/_custom_bounding_boxes.py
[7.673s] -- Installing: /root/drl_grasping/fyp_ws/src/Yolov5-ROS2/ros_yolo/install/ros_yolo/lib/python3.8/site-packages/ros_yolo/msg/__init__.py
[7.673s] -- Installing: /root/drl_grasping/fyp_ws/src/Yolov5-ROS2/ros_yolo/install/ros_yolo/lib/python3.8/site-packages/ros_yolo/msg/_custom_bounding_box.py
[7.673s] -- Installing: /root/drl_grasping/fyp_ws/src/Yolov5-ROS2/ros_yolo/install/ros_yolo/lib/python3.8/site-packages/ros_yolo/msg/_custom_bounding_box_s.c
[7.673s] -- Installing: /root/drl_grasping/fyp_ws/src/Yolov5-ROS2/ros_yolo/install/ros_yolo/lib/python3.8/site-packages/ros_yolo/msg/_custom_bounding_boxes_s.c
[7.673s] -- Installing: /root/drl_grasping/fyp_ws/src/Yolov5-ROS2/ros_yolo/install/ros_yolo/lib/python3.8/site-packages/ros_yolo/libros_yolo__python.so
[7.673s] -- Installing: /root/drl_grasping/fyp_ws/src/Yolov5-ROS2/ros_yolo/install/ros_yolo/lib/python3.8/site-packages/ros_yolo/ros_yolo_s__rosidl_typesupport_fastrtps_c.cpython-38-x86_64-linux-gnu.so
[7.673s] -- Installing: /root/drl_grasping/fyp_ws/src/Yolov5-ROS2/ros_yolo/install/ros_yolo/lib/python3.8/site-packages/ros_yolo/_ros_yolo_s.ep.rosidl_typesupport_fastrtps_c.c
[7.674s] -- Installing: /root/drl_grasping/fyp_ws/src/Yolov5-ROS2/ros_yolo/install/ros_yolo/lib/python3.8/site-packages/ros_yolo/ros_yolo_s__rosidl_typesupport_c.cpython-38-x86_64-linux-gnu.so
[7.674s] -- Installing: /root/drl_grasping/fyp_ws/src/Yolov5-ROS2/ros_yolo/install/ros_yolo/lib/python3.8/site-packages/ros_yolo/_ros_yolo_s.ep.rosidl_typesupport_introspection_c.c
[7.716s] Listing '/root/drl_grasping/fyp_ws/src/Yolov5-ROS2/ros_yolo/install/ros_yolo/lib/python3.8/site-packages/ros_yolo'...
[7.716s] Compiling '/root/drl_grasping/fyp_ws/src/Yolov5-ROS2/ros_yolo/install/ros_yolo/lib/python3.8/site-packages/ros_yolo/__init__.py'...
[7.716s] Listing '/root/drl_grasping/fyp_ws/src/Yolov5-ROS2/ros_yolo/install/ros_yolo/lib/python3.8/site-packages/ros_yolo/msg'...
[7.716s] Compiling '/root/drl_grasping/fyp_ws/src/Yolov5-ROS2/ros_yolo/install/ros_yolo/lib/python3.8/site-packages/ros_yolo/msg/__init__.py'...
[7.716s] Compiling '/root/drl_grasping/fyp_ws/src/Yolov5-ROS2/ros_yolo/install/ros_yolo/lib/python3.8/site-packages/ros_yolo/msg/_custom_bounding_box.py'...
[7.717s] Compiling '/root/drl_grasping/fyp_ws/src/Yolov5-ROS2/ros_yolo/install/ros_yolo/lib/python3.8/site-packages/ros_yolo/msg/_custom_bounding_boxes.py'...
[7.721s] -- Installing: /root/drl_grasping/fyp_ws/src/Yolov5-ROS2/ros_yolo/install/ros_yolo/lib/python3.8/site-packages/ros_yolo/ros_yolo_s__rosidl_typesupport_fastrtps_c.cpython-38-x86_64-linux-gnu.so
[7.721s] -- Set runtime path of "/root/drl_grasping/fyp_ws/src/Yolov5-ROS2/ros_yolo/install/ros_yolo/lib/python3.8/site-packages/ros_yolo/ros_yolo_s__rosidl_typesupport_fastrtps_c.cpython-38-x86_64-linux-gnu.so" to ""
[7.722s] -- Installing: /root/drl_grasping/fyp_ws/src/Yolov5-ROS2/ros_yolo/install/ros_yolo/lib/python3.8/site-packages/ros_yolo/ros_yolo_s__rosidl_typesupport_introspection_c.cpython-38-x86_64-linux-gnu.so
[7.723s] -- Set runtime path of "/root/drl_grasping/fyp_ws/src/Yolov5-ROS2/ros_yolo/install/ros_yolo/lib/python3.8/site-packages/ros_yolo/ros_yolo_s__rosidl_typesupport_introspection_c.cpython-38-x86_64-linux-gnu.so" to ""
[7.723s] -- Installing: /root/drl_grasping/fyp_ws/src/Yolov5-ROS2/ros_yolo/install/ros_yolo/lib/python3.8/site-packages/ros_yolo/ros_yolo_s__rosidl_typesupport_c.cpython-38-x86_64-linux-gnu.so
[7.724s] -- Set runtime path of "/root/drl_grasping/fyp_ws/src/Yolov5-ROS2/ros_yolo/install/ros_yolo/lib/python3.8/site-packages/ros_yolo/ros_yolo_s__rosidl_typesupport_c.cpython-38-x86_64-linux-gnu.so" to ""
[7.724s] -- Installing: /root/drl_grasping/fyp_ws/src/Yolov5-ROS2/ros_yolo/install/ros_yolo/lib/libros_yolo__python.so
[7.725s] -- Set runtime path of "/root/drl_grasping/fyp_ws/src/Yolov5-ROS2/ros_yolo/install/ros_yolo/lib/libros_yolo__python.so" to ""
[7.725s] -- Installing: /root/drl_grasping/fyp_ws/src/Yolov5-ROS2/ros_yolo/install/ros_yolo/share/ros_yolo/msg/CustomBoundingBox.idl
[7.725s] -- Installing: /root/drl_grasping/fyp_ws/src/Yolov5-ROS2/ros_yolo/install/ros_yolo/share/ros_yolo/msg/CustomBoundingBoxes.idl
[7.725s] -- Installing: /root/drl_grasping/fyp_ws/src/Yolov5-ROS2/ros_yolo/install/ros_yolo/share/ros_yolo/msg/CustomBoundingBox.msg
[7.726s] -- Installing: /root/drl_grasping/fyp_ws/src/Yolov5-ROS2/ros_yolo/install/ros_yolo/share/ros_yolo/msg/CustomBoundingBoxes.msg
[7.726s] -- Installing: /root/drl_grasping/fyp_ws/src/Yolov5-ROS2/ros_yolo/install/ros_yolo/lib/ros_yolo/final_yolo.py
[7.726s] -- Installing: /root/drl_grasping/fyp_ws/src/Yolov5-ROS2/ros_yolo/install/ros_yolo/share/ament_index/resource_index/package_run_dependencies/ros_yolo
[7.726s] -- Installing: /root/drl_grasping/fyp_ws/src/Yolov5-ROS2/ros_yolo/install/ros_yolo/share/ament_index/resource_index/parent_prefix_path/ros_yolo
[7.727s] -- Installing: /root/drl_grasping/fyp_ws/src/Yolov5-ROS2/ros_yolo/install/ros_yolo/share/ros_yolo/environment/ament_prefix_path.sh
[7.727s] -- Installing: /root/drl_grasping/fyp_ws/src/Yolov5-ROS2/ros_yolo/install/ros_yolo/share/ros_yolo/environment/ament_prefix_path.dsv
[7.727s] -- Installing: /root/drl_grasping/fyp_ws/src/Yolov5-ROS2/ros_yolo/install/ros_yolo/share/ros_yolo/environment/path.sh
[7.728s] -- Installing: /root/drl_grasping/fyp_ws/src/Yolov5-ROS2/ros_yolo/install/ros_yolo/share/ros_yolo/environment/path.dsv
[7.728s] -- Installing: /root/drl_grasping/fyp_ws/src/Yolov5-ROS2/ros_yolo/install/ros_yolo/share/ros_yolo/local_setup.bash
[7.728s] -- Installing: /root/drl_grasping/fyp_ws/src/Yolov5-ROS2/ros_yolo/install/ros_yolo/share/ros_yolo/local_setup.sh
[7.728s] -- Installing: /root/drl_grasping/fyp_ws/src/Yolov5-ROS2/ros_yolo/install/ros_yolo/share/ros_yolo/local_setup.zsh
[7.728s] -- Installing: /root/drl_grasping/fyp_ws/src/Yolov5-ROS2/ros_yolo/install/ros_yolo/share/ros_yolo/local_setup.dsv
[7.729s] -- Installing: /root/drl_grasping/fyp_ws/src/Yolov5-ROS2/ros_yolo/install/ros_yolo/share/ros_yolo/package.dsv
[7.729s] -- Installing: /root/drl_grasping/fyp_ws/src/Yolov5-ROS2/ros_yolo/install/ros_yolo/share/ament_index/resource_index/packages/ros_yolo
[7.729s] -- Installing: /root/drl_grasping/fyp_ws/src/Yolov5-ROS2/ros_yolo/install/ros_yolo/share/ros_yolo/cmake/ros_yolo__rosidl_generator_cExport.cmake
[7.730s] -- Installing: /root/drl_grasping/fyp_ws/src/Yolov5-ROS2/ros_yolo/install/ros_yolo/share/ros_yolo/cmake/ros_yolo__rosidl_generator_cExport-noconfig.cmake
[7.730s] -- Installing: /root/drl_grasping/fyp_ws/src/Yolov5-ROS2/ros_yolo/install/ros_yolo/share/ros_yolo/cmake/ros_yolo__rosidl_typesupport_introspection_cExport.cmake
[7.730s] -- Installing: /root/drl_grasping/fyp_ws/src/Yolov5-ROS2/ros_yolo/install/ros_yolo/share/ros_yolo/cmake/ros_yolo__rosidl_typesupport_introspection_cExport-noconfig.cmake
[7.731s] -- Installing: /root/drl_grasping/fyp_ws/src/Yolov5-ROS2/ros_yolo/install/ros_yolo/share/ros_yolo/cmake/ros_yolo__rosidl_typesupport_cExport.cmake
[7.731s] -- Installing: /root/drl_grasping/fyp_ws/src/Yolov5-ROS2/ros_yolo/install/ros_yolo/share/ros_yolo/cmake/ros_yolo__rosidl_typesupport_cExport-noconfig.cmake
[7.731s] -- Installing: /root/drl_grasping/fyp_ws/src/Yolov5-ROS2/ros_yolo/install/ros_yolo/share/ros_yolo/cmake/ros_yolo__rosidl_generator_cppExport.cmake
[7.731s] -- Installing: /root/drl_grasping/fyp_ws/src/Yolov5-ROS2/ros_yolo/install/ros_yolo/share/ros_yolo/cmake/ros_yolo__rosidl_typesupport_introspection_cppExport.cmake
[7.732s] -- Installing: /root/drl_grasping/fyp_ws/src/Yolov5-ROS2/ros_yolo/install/ros_yolo/share/ros_yolo/cmake/ros_yolo__rosidl_typesupport_introspection_cppExport-noconfig.cmake
[7.732s] -- Installing: /root/drl_grasping/fyp_ws/src/Yolov5-ROS2/ros_yolo/install/ros_yolo/share/ros_yolo/cmake/ros_yolo__rosidl_typesupport_cppExport.cmake
[7.732s] -- Installing: /root/drl_grasping/fyp_ws/src/Yolov5-ROS2/ros_yolo/install/ros_yolo/share/ros_yolo/cmake/ros_yolo__rosidl_typesupport_cppExport-noconfig.cmake
[7.733s] -- Installing: /root/drl_grasping/fyp_ws/src/Yolov5-ROS2/ros_yolo/install/ros_yolo/share/ros_yolo/cmake/rosidl_cmake-extras.cmake
[7.733s] -- Installing: /root/drl_grasping/fyp_ws/src/Yolov5-ROS2/ros_yolo/install/ros_yolo/share/ros_yolo/cmake/ament_cmake_export_dependencies-extras.cmake
[7.733s] -- Installing: /root/drl_grasping/fyp_ws/src/Yolov5-ROS2/ros_yolo/install/ros_yolo/share/ros_yolo/cmake/ament_cmake_export_libraries-extras.cmake
[7.733s] -- Installing: /root/drl_grasping/fyp_ws/src/Yolov5-ROS2/ros_yolo/install/ros_yolo/share/ros_yolo/cmake/ament_cmake_export_targets-extras.cmake
[7.733s] -- Installing: /root/drl_grasping/fyp_ws/src/Yolov5-ROS2/ros_yolo/install/ros_yolo/share/ros_yolo/cmake/ament_cmake_export_include_directories-extras.cmake
[7.734s] -- Installing: /root/drl_grasping/fyp_ws/src/Yolov5-ROS2/ros_yolo/install/ros_yolo/share/ros_yolo/cmake/rosidl_cmake_export_typesupport_libraries-extras.cmake
[7.734s] -- Installing: /root/drl_grasping/fyp_ws/src/Yolov5-ROS2/ros_yolo/install/ros_yolo/share/ros_yolo/cmake/rosidl_cmake_export_typesupport_targets-extras.cmake
[7.734s] -- Installing: /root/drl_grasping/fyp_ws/src/Yolov5-ROS2/ros_yolo/install/ros_yolo/share/ros_yolo/cmake/ros_yoloConfig.cmake
[7.734s] -- Installing: /root/drl_grasping/fyp_ws/src/Yolov5-ROS2/ros_yolo/install/ros_yolo/share/ros_yolo/cmake/ros_yoloConfig-version.cmake
[7.734s] -- Installing: /root/drl_grasping/fyp_ws/src/Yolov5-ROS2/ros_yolo/install/ros_yolo/share/ros_yolo/package.xml
[7.738s] Invoked command in '/root/drl_grasping/fyp_ws/src/Yolov5-ROS2/ros_yolo/build/ros_yolo' returned '0': CMAKE_PREFIX_PATH=${CMAKE_PREFIX_PATH}:/opt/ros/rolling /usr/bin/cmake --install /root/drl_grasping/fyp_ws/src/Yolov5-ROS2/ros_yolo/build/ros_yolo
