[0.019s] Invoking command in '/root/drl_grasping/fyp_ws/src/Yolov5-ROS2/build/ros_yolo': CMAKE_PREFIX_PATH=${CMAKE_PREFIX_PATH}:/opt/ros/rolling /usr/bin/cmake /root/drl_grasping/fyp_ws/src/Yolov5-ROS2/ros_yolo -DCMAKE_INSTALL_PREFIX=/root/drl_grasping/fyp_ws/src/Yolov5-ROS2/install/ros_yolo
[0.040s] -- Found ament_cmake: 1.1.4 (/opt/ros/rolling/share/ament_cmake/cmake)
[0.069s] -- Found PythonInterp: /usr/bin/python3 (found suitable version "3.8.10", minimum required is "3") 
[0.069s] -- Using PYTHON_EXECUTABLE: /usr/bin/python3
[0.150s] -- Found rclcpp: 13.0.0 (/opt/ros/rolling/share/rclcpp/cmake)
[0.201s] -- Using all available rosidl_typesupport_c: rosidl_typesupport_fastrtps_c;rosidl_typesupport_introspection_c
[0.206s] -- Found rosidl_adapter: 2.5.0 (/opt/ros/rolling/share/rosidl_adapter/cmake)
[0.255s] -- Using all available rosidl_typesupport_cpp: rosidl_typesupport_fastrtps_cpp;rosidl_typesupport_introspection_cpp
[0.331s] -- Found rmw_implementation_cmake: 5.0.0 (/opt/ros/rolling/share/rmw_implementation_cmake/cmake)
[0.333s] -- Found rmw_cyclonedds_cpp: 0.24.0 (/opt/ros/rolling/share/rmw_cyclonedds_cpp/cmake)
[0.360s] -- Using RMW implementation 'rmw_cyclonedds_cpp' as default
[0.566s] -- Found rclpy: 3.0.1 (/opt/ros/rolling/share/rclpy/cmake)
[0.566s] -- Found sensor_msgs: 3.0.0 (/opt/ros/rolling/share/sensor_msgs/cmake)
[0.736s] -- Found rosidl_default_generators: 1.1.1 (/opt/ros/rolling/share/rosidl_default_generators/cmake)
[0.775s] -- Found PythonInterp: /usr/bin/python3 (found version "3.8.10") 
[1.046s] -- Found ament_cmake_ros: 0.9.2 (/opt/ros/rolling/share/ament_cmake_ros/cmake)
[1.380s] -- Using all available rosidl_typesupport_c: rosidl_typesupport_fastrtps_c;rosidl_typesupport_introspection_c
[1.617s] -- Using all available rosidl_typesupport_cpp: rosidl_typesupport_fastrtps_cpp;rosidl_typesupport_introspection_cpp
[1.651s] -- Found PythonInterp: /usr/bin/python3 (found suitable version "3.8.10", minimum required is "3.5") 
[1.651s] -- Found python_cmake_module: 0.8.1 (/opt/ros/rolling/share/python_cmake_module/cmake)
[1.679s] -- Using PYTHON_EXECUTABLE: /usr/bin/python3
[1.679s] -- Using PYTHON_INCLUDE_DIRS: /usr/include/python3.8
[1.679s] -- Using PYTHON_LIBRARIES: /usr/lib/x86_64-linux-gnu/libpython3.8.so
[1.935s] -- Using numpy include directory: /usr/local/lib/python3.8/dist-packages/numpy/core/include
[1.963s] CMake Error at /opt/ros/rolling/share/ament_cmake_python/cmake/ament_python_install_package.cmake:59 (message):
[1.963s]   ament_python_install_package() the Python package folder
[1.963s]   '/root/drl_grasping/fyp_ws/src/Yolov5-ROS2/ros_yolo/ros_yolo' doesn't
[1.963s]   contain an '__init__.py' file
[1.964s] Call Stack (most recent call first):
[1.964s]   /opt/ros/rolling/share/ament_cmake_python/cmake/ament_python_install_package.cmake:33 (_ament_cmake_python_install_package)
[1.964s]   CMakeLists.txt:111 (ament_python_install_package)
[1.964s] 
[1.964s] 
[1.966s] -- Configuring incomplete, errors occurred!
[1.966s] See also "/root/drl_grasping/fyp_ws/src/Yolov5-ROS2/build/ros_yolo/CMakeFiles/CMakeOutput.log".
[1.966s] See also "/root/drl_grasping/fyp_ws/src/Yolov5-ROS2/build/ros_yolo/CMakeFiles/CMakeError.log".
[1.974s] Invoked command in '/root/drl_grasping/fyp_ws/src/Yolov5-ROS2/build/ros_yolo' returned '1': CMAKE_PREFIX_PATH=${CMAKE_PREFIX_PATH}:/opt/ros/rolling /usr/bin/cmake /root/drl_grasping/fyp_ws/src/Yolov5-ROS2/ros_yolo -DCMAKE_INSTALL_PREFIX=/root/drl_grasping/fyp_ws/src/Yolov5-ROS2/install/ros_yolo
