[0.020s] Invoking command in '/root/drl_grasping/fyp_ws/src/Yolov5-ROS2/ros_yolo/build/ros_yolo': CMAKE_PREFIX_PATH=${CMAKE_PREFIX_PATH}:/opt/ros/rolling /usr/bin/cmake --build /root/drl_grasping/fyp_ws/src/Yolov5-ROS2/ros_yolo/build/ros_yolo -- -j8 -l8
[0.060s] -- Found ament_cmake: 1.1.4 (/opt/ros/rolling/share/ament_cmake/cmake)
[0.090s] -- Found PythonInterp: /usr/bin/python3 (found suitable version "3.8.10", minimum required is "3") 
[0.090s] -- Using PYTHON_EXECUTABLE: /usr/bin/python3
[0.172s] -- Found rclcpp: 13.0.0 (/opt/ros/rolling/share/rclcpp/cmake)
[0.225s] -- Using all available rosidl_typesupport_c: rosidl_typesupport_fastrtps_c;rosidl_typesupport_introspection_c
[0.230s] -- Found rosidl_adapter: 2.5.0 (/opt/ros/rolling/share/rosidl_adapter/cmake)
[0.280s] -- Using all available rosidl_typesupport_cpp: rosidl_typesupport_fastrtps_cpp;rosidl_typesupport_introspection_cpp
[0.358s] -- Found rmw_implementation_cmake: 5.0.0 (/opt/ros/rolling/share/rmw_implementation_cmake/cmake)
[0.360s] -- Found rmw_cyclonedds_cpp: 0.24.0 (/opt/ros/rolling/share/rmw_cyclonedds_cpp/cmake)
[0.387s] -- Using RMW implementation 'rmw_cyclonedds_cpp' as default
[0.600s] -- Found rclpy: 3.0.1 (/opt/ros/rolling/share/rclpy/cmake)
[0.600s] -- Found sensor_msgs: 3.0.0 (/opt/ros/rolling/share/sensor_msgs/cmake)
[0.769s] -- Found rosidl_default_generators: 1.1.1 (/opt/ros/rolling/share/rosidl_default_generators/cmake)
[0.809s] -- Found PythonInterp: /usr/bin/python3 (found version "3.8.10") 
[1.080s] -- Found ament_cmake_ros: 0.9.2 (/opt/ros/rolling/share/ament_cmake_ros/cmake)
[1.416s] -- Using all available rosidl_typesupport_c: rosidl_typesupport_fastrtps_c;rosidl_typesupport_introspection_c
[1.659s] -- Using all available rosidl_typesupport_cpp: rosidl_typesupport_fastrtps_cpp;rosidl_typesupport_introspection_cpp
[1.691s] -- Found PythonInterp: /usr/bin/python3 (found suitable version "3.8.10", minimum required is "3.5") 
[1.692s] -- Found python_cmake_module: 0.8.1 (/opt/ros/rolling/share/python_cmake_module/cmake)
[1.721s] -- Using PYTHON_EXECUTABLE: /usr/bin/python3
[1.721s] -- Using PYTHON_INCLUDE_DIRS: /usr/include/python3.8
[1.721s] -- Using PYTHON_LIBRARIES: /usr/lib/x86_64-linux-gnu/libpython3.8.so
[1.981s] -- Using numpy include directory: /usr/local/lib/python3.8/dist-packages/numpy/core/include
[2.012s] CMake Error at /opt/ros/rolling/share/ament_cmake_python/cmake/ament_python_install_package.cmake:59 (message):
[2.012s]   ament_python_install_package() the Python package folder
[2.012s]   '/root/drl_grasping/fyp_ws/src/Yolov5-ROS2/ros_yolo/ros_yolo' doesn't
[2.012s]   contain an '__init__.py' file
[2.013s] Call Stack (most recent call first):
[2.013s]   /opt/ros/rolling/share/ament_cmake_python/cmake/ament_python_install_package.cmake:33 (_ament_cmake_python_install_package)
[2.013s]   CMakeLists.txt:111 (ament_python_install_package)
[2.013s] 
[2.013s] 
[2.015s] -- Configuring incomplete, errors occurred!
[2.015s] See also "/root/drl_grasping/fyp_ws/src/Yolov5-ROS2/ros_yolo/build/ros_yolo/CMakeFiles/CMakeOutput.log".
[2.015s] See also "/root/drl_grasping/fyp_ws/src/Yolov5-ROS2/ros_yolo/build/ros_yolo/CMakeFiles/CMakeError.log".
[2.022s] make: *** [Makefile:1016: cmake_check_build_system] Error 1
[2.024s] Invoked command in '/root/drl_grasping/fyp_ws/src/Yolov5-ROS2/ros_yolo/build/ros_yolo' returned '2': CMAKE_PREFIX_PATH=${CMAKE_PREFIX_PATH}:/opt/ros/rolling /usr/bin/cmake --build /root/drl_grasping/fyp_ws/src/Yolov5-ROS2/ros_yolo/build/ros_yolo -- -j8 -l8
