[0.557s] DEBUG:colcon:Command line arguments: ['/usr/bin/colcon', 'build']
[0.557s] DEBUG:colcon:Parsed command line arguments: Namespace(ament_cmake_args=None, base_paths=['.'], build_base='build', catkin_cmake_args=None, catkin_skip_building_tests=False, cmake_args=None, cmake_clean_cache=False, cmake_clean_first=False, cmake_force_configure=False, cmake_target=None, cmake_target_skip_unavailable=False, continue_on_error=False, event_handlers=None, executor='parallel', ignore_user_meta=False, install_base='install', log_base=None, log_level=None, main=<bound method BuildVerb.main of <colcon_core.verb.build.BuildVerb object at 0x7f0c320e6cd0>>, merge_install=False, metas=['./colcon.meta'], packages_above=None, packages_above_and_dependencies=None, packages_above_depth=None, packages_end=None, packages_ignore=None, packages_ignore_regex=None, packages_select=None, packages_select_build_failed=False, packages_select_by_dep=None, packages_select_regex=None, packages_select_test_failures=False, packages_skip=None, packages_skip_build_finished=False, packages_skip_by_dep=None, packages_skip_regex=None, packages_skip_test_passed=False, packages_skip_up_to=None, packages_start=None, packages_up_to=None, packages_up_to_regex=None, parallel_workers=8, paths=None, symlink_install=False, test_result_base=None, verb_extension=<colcon_core.verb.build.BuildVerb object at 0x7f0c320e6cd0>, verb_name='build', verb_parser=<colcon_defaults.argument_parser.defaults.DefaultArgumentsDecorator object at 0x7f0c320ed280>)
[0.567s] Level 1:colcon.colcon_core.package_discovery:discover_packages(colcon_meta) check parameters
[0.567s] Level 1:colcon.colcon_core.package_discovery:discover_packages(recursive) check parameters
[0.567s] Level 1:colcon.colcon_core.package_discovery:discover_packages(ignore) check parameters
[0.567s] Level 1:colcon.colcon_core.package_discovery:discover_packages(path) check parameters
[0.567s] Level 1:colcon.colcon_core.package_discovery:discover_packages(colcon_meta) discover
[0.567s] Level 1:colcon.colcon_core.package_discovery:discover_packages(recursive) discover
[0.567s] INFO:colcon.colcon_core.package_discovery:Crawling recursively for packages in '/root/drl_grasping/fyp_ws/src/Yolov5-ROS2/ros_yolo'
[0.567s] Level 1:colcon.colcon_core.package_identification:_identify(.) by extensions ['ignore', 'ignore_ament_install']
[0.568s] Level 1:colcon.colcon_core.package_identification:_identify(.) by extension 'ignore'
[0.568s] Level 1:colcon.colcon_core.package_identification:_identify(.) by extension 'ignore_ament_install'
[0.568s] Level 1:colcon.colcon_core.package_identification:_identify(.) by extensions ['colcon_pkg']
[0.568s] Level 1:colcon.colcon_core.package_identification:_identify(.) by extension 'colcon_pkg'
[0.568s] Level 1:colcon.colcon_core.package_identification:_identify(.) by extensions ['colcon_meta']
[0.568s] Level 1:colcon.colcon_core.package_identification:_identify(.) by extension 'colcon_meta'
[0.568s] Level 1:colcon.colcon_core.package_identification:_identify(.) by extensions ['ros']
[0.568s] Level 1:colcon.colcon_core.package_identification:_identify(.) by extension 'ros'
[0.592s] DEBUG:colcon.colcon_core.package_identification:Package '.' with type 'ros.ament_cmake' and name 'ros_yolo'
[0.592s] Level 1:colcon.colcon_core.package_discovery:discover_packages(recursive) using defaults
[0.592s] Level 1:colcon.colcon_core.package_discovery:discover_packages(ignore) discover
[0.592s] Level 1:colcon.colcon_core.package_discovery:discover_packages(ignore) using defaults
[0.592s] Level 1:colcon.colcon_core.package_discovery:discover_packages(path) discover
[0.592s] Level 1:colcon.colcon_core.package_discovery:discover_packages(path) using defaults
[0.628s] Level 5:colcon.colcon_core.verb:set package 'ros_yolo' build argument 'cmake_args' from command line to 'None'
[0.628s] Level 5:colcon.colcon_core.verb:set package 'ros_yolo' build argument 'cmake_target' from command line to 'None'
[0.628s] Level 5:colcon.colcon_core.verb:set package 'ros_yolo' build argument 'cmake_target_skip_unavailable' from command line to 'False'
[0.628s] Level 5:colcon.colcon_core.verb:set package 'ros_yolo' build argument 'cmake_clean_cache' from command line to 'False'
[0.628s] Level 5:colcon.colcon_core.verb:set package 'ros_yolo' build argument 'cmake_clean_first' from command line to 'False'
[0.628s] Level 5:colcon.colcon_core.verb:set package 'ros_yolo' build argument 'cmake_force_configure' from command line to 'False'
[0.628s] Level 5:colcon.colcon_core.verb:set package 'ros_yolo' build argument 'ament_cmake_args' from command line to 'None'
[0.629s] Level 5:colcon.colcon_core.verb:set package 'ros_yolo' build argument 'catkin_cmake_args' from command line to 'None'
[0.629s] Level 5:colcon.colcon_core.verb:set package 'ros_yolo' build argument 'catkin_skip_building_tests' from command line to 'False'
[0.629s] DEBUG:colcon.colcon_core.verb:Building package 'ros_yolo' with the following arguments: {'ament_cmake_args': None, 'build_base': '/root/drl_grasping/fyp_ws/src/Yolov5-ROS2/ros_yolo/build/ros_yolo', 'catkin_cmake_args': None, 'catkin_skip_building_tests': False, 'cmake_args': None, 'cmake_clean_cache': False, 'cmake_clean_first': False, 'cmake_force_configure': False, 'cmake_target': None, 'cmake_target_skip_unavailable': False, 'install_base': '/root/drl_grasping/fyp_ws/src/Yolov5-ROS2/ros_yolo/install/ros_yolo', 'merge_install': False, 'path': '/root/drl_grasping/fyp_ws/src/Yolov5-ROS2/ros_yolo', 'symlink_install': False, 'test_result_base': None}
[0.629s] INFO:colcon.colcon_core.executor:Executing jobs using 'parallel' executor
[0.633s] DEBUG:colcon.colcon_parallel_executor.executor.parallel:run_until_complete
[0.633s] INFO:colcon.colcon_ros.task.ament_cmake.build:Building ROS package in '/root/drl_grasping/fyp_ws/src/Yolov5-ROS2/ros_yolo' with build type 'ament_cmake'
[0.633s] INFO:colcon.colcon_cmake.task.cmake.build:Building CMake package in '/root/drl_grasping/fyp_ws/src/Yolov5-ROS2/ros_yolo'
[0.640s] INFO:colcon.colcon_core.plugin_system:Skipping extension 'colcon_core.shell.bat': Not used on non-Windows systems
[0.640s] INFO:colcon.colcon_core.shell:Skip shell extension 'powershell' for command environment: Not usable outside of PowerShell
[0.640s] DEBUG:colcon.colcon_core.shell:Skip shell extension 'dsv' for command environment
[0.646s] DEBUG:colcon.colcon_core.shell:Ignoring prefix path '/opt/ros/rolling'
[0.657s] DEBUG:colcon.colcon_core.event_handler.log_command:Invoking command in '/root/drl_grasping/fyp_ws/src/Yolov5-ROS2/ros_yolo/build/ros_yolo': CMAKE_PREFIX_PATH=${CMAKE_PREFIX_PATH}:/opt/ros/rolling /usr/bin/cmake --build /root/drl_grasping/fyp_ws/src/Yolov5-ROS2/ros_yolo/build/ros_yolo -- -j8 -l8
[4.216s] DEBUG:colcon.colcon_core.event_handler.log_command:Invoked command in '/root/drl_grasping/fyp_ws/src/Yolov5-ROS2/ros_yolo/build/ros_yolo' returned '0': CMAKE_PREFIX_PATH=${CMAKE_PREFIX_PATH}:/opt/ros/rolling /usr/bin/cmake --build /root/drl_grasping/fyp_ws/src/Yolov5-ROS2/ros_yolo/build/ros_yolo -- -j8 -l8
[4.323s] DEBUG:colcon.colcon_core.event_handler.log_command:Invoking command in '/root/drl_grasping/fyp_ws/src/Yolov5-ROS2/ros_yolo/build/ros_yolo': CMAKE_PREFIX_PATH=${CMAKE_PREFIX_PATH}:/opt/ros/rolling /usr/bin/cmake --install /root/drl_grasping/fyp_ws/src/Yolov5-ROS2/ros_yolo/build/ros_yolo
[4.427s] DEBUG:colcon.colcon_core.event_handler.log_command:Invoked command in '/root/drl_grasping/fyp_ws/src/Yolov5-ROS2/ros_yolo/build/ros_yolo' returned '1': CMAKE_PREFIX_PATH=${CMAKE_PREFIX_PATH}:/opt/ros/rolling /usr/bin/cmake --install /root/drl_grasping/fyp_ws/src/Yolov5-ROS2/ros_yolo/build/ros_yolo
[4.537s] Level 1:colcon.colcon_core.environment:create_environment_scripts_only(ros_yolo)
[4.543s] Level 1:colcon.colcon_core.environment:checking '/root/drl_grasping/fyp_ws/src/Yolov5-ROS2/ros_yolo/install/ros_yolo' for CMake module files
[4.544s] Level 1:colcon.colcon_core.environment:checking '/root/drl_grasping/fyp_ws/src/Yolov5-ROS2/ros_yolo/install/ros_yolo' for CMake config files
[4.545s] Level 1:colcon.colcon_core.shell:create_environment_hook('ros_yolo', 'cmake_prefix_path')
[4.547s] INFO:colcon.colcon_core.shell:Creating environment hook '/root/drl_grasping/fyp_ws/src/Yolov5-ROS2/ros_yolo/install/ros_yolo/share/ros_yolo/hook/cmake_prefix_path.ps1'
[4.548s] INFO:colcon.colcon_core.shell:Creating environment descriptor '/root/drl_grasping/fyp_ws/src/Yolov5-ROS2/ros_yolo/install/ros_yolo/share/ros_yolo/hook/cmake_prefix_path.dsv'
[4.549s] INFO:colcon.colcon_core.shell:Creating environment hook '/root/drl_grasping/fyp_ws/src/Yolov5-ROS2/ros_yolo/install/ros_yolo/share/ros_yolo/hook/cmake_prefix_path.sh'
[4.550s] Level 1:colcon.colcon_core.environment:checking '/root/drl_grasping/fyp_ws/src/Yolov5-ROS2/ros_yolo/install/ros_yolo/lib'
[4.551s] Level 1:colcon.colcon_core.shell:create_environment_hook('ros_yolo', 'ld_library_path_lib')
[4.552s] INFO:colcon.colcon_core.shell:Creating environment hook '/root/drl_grasping/fyp_ws/src/Yolov5-ROS2/ros_yolo/install/ros_yolo/share/ros_yolo/hook/ld_library_path_lib.ps1'
[4.553s] INFO:colcon.colcon_core.shell:Creating environment descriptor '/root/drl_grasping/fyp_ws/src/Yolov5-ROS2/ros_yolo/install/ros_yolo/share/ros_yolo/hook/ld_library_path_lib.dsv'
[4.553s] INFO:colcon.colcon_core.shell:Creating environment hook '/root/drl_grasping/fyp_ws/src/Yolov5-ROS2/ros_yolo/install/ros_yolo/share/ros_yolo/hook/ld_library_path_lib.sh'
[4.554s] Level 1:colcon.colcon_core.environment:checking '/root/drl_grasping/fyp_ws/src/Yolov5-ROS2/ros_yolo/install/ros_yolo/bin'
[4.554s] Level 1:colcon.colcon_core.environment:checking '/root/drl_grasping/fyp_ws/src/Yolov5-ROS2/ros_yolo/install/ros_yolo/lib/pkgconfig/ros_yolo.pc'
[4.554s] Level 1:colcon.colcon_core.environment:checking '/root/drl_grasping/fyp_ws/src/Yolov5-ROS2/ros_yolo/install/ros_yolo/lib/python3.8/site-packages'
[4.554s] Level 1:colcon.colcon_core.shell:create_environment_hook('ros_yolo', 'pythonpath')
[4.556s] INFO:colcon.colcon_core.shell:Creating environment hook '/root/drl_grasping/fyp_ws/src/Yolov5-ROS2/ros_yolo/install/ros_yolo/share/ros_yolo/hook/pythonpath.ps1'
[4.556s] INFO:colcon.colcon_core.shell:Creating environment descriptor '/root/drl_grasping/fyp_ws/src/Yolov5-ROS2/ros_yolo/install/ros_yolo/share/ros_yolo/hook/pythonpath.dsv'
[4.557s] INFO:colcon.colcon_core.shell:Creating environment hook '/root/drl_grasping/fyp_ws/src/Yolov5-ROS2/ros_yolo/install/ros_yolo/share/ros_yolo/hook/pythonpath.sh'
[4.559s] INFO:colcon.colcon_core.shell:Creating package script '/root/drl_grasping/fyp_ws/src/Yolov5-ROS2/ros_yolo/install/ros_yolo/share/ros_yolo/package.ps1'
[4.561s] INFO:colcon.colcon_core.shell:Creating package descriptor '/root/drl_grasping/fyp_ws/src/Yolov5-ROS2/ros_yolo/install/ros_yolo/share/ros_yolo/package.dsv'
[4.562s] INFO:colcon.colcon_core.shell:Creating package script '/root/drl_grasping/fyp_ws/src/Yolov5-ROS2/ros_yolo/install/ros_yolo/share/ros_yolo/package.sh'
[4.564s] INFO:colcon.colcon_core.shell:Creating package script '/root/drl_grasping/fyp_ws/src/Yolov5-ROS2/ros_yolo/install/ros_yolo/share/ros_yolo/package.bash'
[4.565s] INFO:colcon.colcon_core.shell:Creating package script '/root/drl_grasping/fyp_ws/src/Yolov5-ROS2/ros_yolo/install/ros_yolo/share/ros_yolo/package.zsh'
[4.567s] Level 1:colcon.colcon_core.environment:create_file_with_runtime_dependencies(/root/drl_grasping/fyp_ws/src/Yolov5-ROS2/ros_yolo/install/ros_yolo/share/colcon-core/packages/ros_yolo)
[4.577s] DEBUG:colcon.colcon_parallel_executor.executor.parallel:closing loop
[4.578s] DEBUG:colcon.colcon_parallel_executor.executor.parallel:loop closed
[4.578s] DEBUG:colcon.colcon_parallel_executor.executor.parallel:run_until_complete finished with '1'
[4.578s] DEBUG:colcon.colcon_core.event_reactor:joining thread
[4.590s] INFO:colcon.colcon_core.plugin_system:Skipping extension 'colcon_notification.desktop_notification.notify_send': Could not find 'notify-send'
[4.590s] INFO:colcon.colcon_core.plugin_system:Skipping extension 'colcon_notification.desktop_notification.terminal_notifier': Not used on non-Darwin systems
[4.591s] INFO:colcon.colcon_core.plugin_system:Skipping extension 'colcon_notification.desktop_notification.win32': Not used on non-Windows systems
[4.591s] INFO:colcon.colcon_notification.desktop_notification:Sending desktop notification using 'notify2'
[4.595s] DEBUG:colcon.colcon_notification.desktop_notification.notify2:Failed to initialize notify2: org.freedesktop.DBus.Error.Spawn.ExecFailed: /usr/bin/dbus-launch terminated abnormally without any error message
[4.596s] DEBUG:colcon.colcon_core.event_reactor:joined thread
[4.599s] INFO:colcon.colcon_core.shell:Creating prefix script '/root/drl_grasping/fyp_ws/src/Yolov5-ROS2/ros_yolo/install/local_setup.ps1'
[4.601s] INFO:colcon.colcon_core.shell:Creating prefix util module '/root/drl_grasping/fyp_ws/src/Yolov5-ROS2/ros_yolo/install/_local_setup_util_ps1.py'
[4.605s] INFO:colcon.colcon_core.shell:Creating prefix chain script '/root/drl_grasping/fyp_ws/src/Yolov5-ROS2/ros_yolo/install/setup.ps1'
[4.610s] INFO:colcon.colcon_core.shell:Creating prefix script '/root/drl_grasping/fyp_ws/src/Yolov5-ROS2/ros_yolo/install/local_setup.sh'
[4.611s] INFO:colcon.colcon_core.shell:Creating prefix util module '/root/drl_grasping/fyp_ws/src/Yolov5-ROS2/ros_yolo/install/_local_setup_util_sh.py'
[4.612s] INFO:colcon.colcon_core.shell:Creating prefix chain script '/root/drl_grasping/fyp_ws/src/Yolov5-ROS2/ros_yolo/install/setup.sh'
[4.617s] INFO:colcon.colcon_core.shell:Creating prefix script '/root/drl_grasping/fyp_ws/src/Yolov5-ROS2/ros_yolo/install/local_setup.bash'
[4.618s] INFO:colcon.colcon_core.shell:Creating prefix chain script '/root/drl_grasping/fyp_ws/src/Yolov5-ROS2/ros_yolo/install/setup.bash'
[4.625s] INFO:colcon.colcon_core.shell:Creating prefix script '/root/drl_grasping/fyp_ws/src/Yolov5-ROS2/ros_yolo/install/local_setup.zsh'
[4.626s] INFO:colcon.colcon_core.shell:Creating prefix chain script '/root/drl_grasping/fyp_ws/src/Yolov5-ROS2/ros_yolo/install/setup.zsh'
