[0.018s] Invoking command in '/root/drl_grasping/fyp_ws/src/Yolov5-ROS2/build/ros_yolo': CMAKE_PREFIX_PATH=${CMAKE_PREFIX_PATH}:/opt/ros/rolling /usr/bin/cmake /root/drl_grasping/fyp_ws/src/Yolov5-ROS2/ros_yolo -DCMAKE_INSTALL_PREFIX=/root/drl_grasping/fyp_ws/src/Yolov5-ROS2/install/ros_yolo
[0.088s] -- The C compiler identification is GNU 9.3.0
[0.157s] -- The CXX compiler identification is GNU 9.3.0
[0.163s] -- Check for working C compiler: /usr/bin/cc
[0.238s] -- Check for working C compiler: /usr/bin/cc -- works
[0.239s] -- Detecting C compiler ABI info
[0.318s] -- Detecting C compiler ABI info - done
[0.337s] -- Detecting C compile features
[0.338s] -- Detecting C compile features - done
[0.341s] -- Check for working CXX compiler: /usr/bin/c++
[0.430s] -- Check for working CXX compiler: /usr/bin/c++ -- works
[0.432s] -- Detecting CXX compiler ABI info
[0.523s] -- Detecting CXX compiler ABI info - done
[0.542s] -- Detecting CXX compile features
[0.543s] -- Detecting CXX compile features - done
[0.546s] -- Found ament_cmake: 1.1.4 (/opt/ros/rolling/share/ament_cmake/cmake)
[0.578s] -- Found PythonInterp: /usr/bin/python3 (found suitable version "3.8.10", minimum required is "3") 
[0.578s] -- Using PYTHON_EXECUTABLE: /usr/bin/python3
[0.683s] -- Found rclcpp: 13.0.0 (/opt/ros/rolling/share/rclcpp/cmake)
[0.756s] -- Using all available rosidl_typesupport_c: rosidl_typesupport_fastrtps_c;rosidl_typesupport_introspection_c
[0.766s] -- Found rosidl_adapter: 2.5.0 (/opt/ros/rolling/share/rosidl_adapter/cmake)
[0.830s] -- Using all available rosidl_typesupport_cpp: rosidl_typesupport_fastrtps_cpp;rosidl_typesupport_introspection_cpp
[0.920s] -- Found rmw_implementation_cmake: 5.0.0 (/opt/ros/rolling/share/rmw_implementation_cmake/cmake)
[0.925s] -- Found rmw_cyclonedds_cpp: 0.24.0 (/opt/ros/rolling/share/rmw_cyclonedds_cpp/cmake)
[0.954s] -- Using RMW implementation 'rmw_cyclonedds_cpp' as default
[0.955s] -- Looking for pthread.h
[1.034s] -- Looking for pthread.h - found
[1.035s] -- Performing Test CMAKE_HAVE_LIBC_PTHREAD
[1.118s] -- Performing Test CMAKE_HAVE_LIBC_PTHREAD - Failed
[1.118s] -- Looking for pthread_create in pthreads
[1.188s] -- Looking for pthread_create in pthreads - not found
[1.188s] -- Looking for pthread_create in pthread
[1.270s] -- Looking for pthread_create in pthread - found
[1.271s] -- Found Threads: TRUE  
[1.492s] -- Found rclpy: 3.0.1 (/opt/ros/rolling/share/rclpy/cmake)
[1.495s] -- Found sensor_msgs: 3.0.0 (/opt/ros/rolling/share/sensor_msgs/cmake)
[1.669s] -- Found rosidl_default_generators: 1.1.1 (/opt/ros/rolling/share/rosidl_default_generators/cmake)
[1.710s] -- Found PythonInterp: /usr/bin/python3 (found version "3.8.10") 
[1.982s] -- Found ament_cmake_ros: 0.9.2 (/opt/ros/rolling/share/ament_cmake_ros/cmake)
[2.323s] -- Using all available rosidl_typesupport_c: rosidl_typesupport_fastrtps_c;rosidl_typesupport_introspection_c
[2.555s] -- Using all available rosidl_typesupport_cpp: rosidl_typesupport_fastrtps_cpp;rosidl_typesupport_introspection_cpp
[2.588s] -- Found PythonInterp: /usr/bin/python3 (found suitable version "3.8.10", minimum required is "3.5") 
[2.590s] -- Found python_cmake_module: 0.8.1 (/opt/ros/rolling/share/python_cmake_module/cmake)
[2.624s] -- Found PythonLibs: /usr/lib/x86_64-linux-gnu/libpython3.8.so (found suitable version "3.8.10", minimum required is "3.5") 
[2.624s] -- Using PYTHON_EXECUTABLE: /usr/bin/python3
[2.624s] -- Using PYTHON_INCLUDE_DIRS: /usr/include/python3.8
[2.625s] -- Using PYTHON_LIBRARIES: /usr/lib/x86_64-linux-gnu/libpython3.8.so
[2.651s] -- Found PythonExtra: .so  
[2.932s] -- Using numpy include directory: /usr/local/lib/python3.8/dist-packages/numpy/core/include
[2.961s] CMake Error at /opt/ros/rolling/share/ament_cmake_python/cmake/ament_python_install_package.cmake:59 (message):
[2.961s]   ament_python_install_package() the Python package folder
[2.961s]   '/root/drl_grasping/fyp_ws/src/Yolov5-ROS2/ros_yolo/ros_yolo' doesn't
[2.961s]   contain an '__init__.py' file
[2.962s] Call Stack (most recent call first):
[2.962s]   /opt/ros/rolling/share/ament_cmake_python/cmake/ament_python_install_package.cmake:33 (_ament_cmake_python_install_package)
[2.962s]   CMakeLists.txt:111 (ament_python_install_package)
[2.962s] 
[2.962s] 
[2.964s] -- Configuring incomplete, errors occurred!
[2.964s] See also "/root/drl_grasping/fyp_ws/src/Yolov5-ROS2/build/ros_yolo/CMakeFiles/CMakeOutput.log".
[2.965s] See also "/root/drl_grasping/fyp_ws/src/Yolov5-ROS2/build/ros_yolo/CMakeFiles/CMakeError.log".
[2.973s] Invoked command in '/root/drl_grasping/fyp_ws/src/Yolov5-ROS2/build/ros_yolo' returned '1': CMAKE_PREFIX_PATH=${CMAKE_PREFIX_PATH}:/opt/ros/rolling /usr/bin/cmake /root/drl_grasping/fyp_ws/src/Yolov5-ROS2/ros_yolo -DCMAKE_INSTALL_PREFIX=/root/drl_grasping/fyp_ws/src/Yolov5-ROS2/install/ros_yolo
