[0.434s] DEBUG:colcon:Command line arguments: ['/usr/bin/colcon', 'build']
[0.434s] DEBUG:colcon:Parsed command line arguments: Namespace(ament_cmake_args=None, base_paths=['.'], build_base='build', catkin_cmake_args=None, catkin_skip_building_tests=False, cmake_args=None, cmake_clean_cache=False, cmake_clean_first=False, cmake_force_configure=False, cmake_target=None, cmake_target_skip_unavailable=False, continue_on_error=False, event_handlers=None, executor='parallel', ignore_user_meta=False, install_base='install', log_base=None, log_level=None, main=<bound method BuildVerb.main of <colcon_core.verb.build.BuildVerb object at 0x7f54c56acd00>>, merge_install=False, metas=['./colcon.meta'], packages_above=None, packages_above_and_dependencies=None, packages_above_depth=None, packages_end=None, packages_ignore=None, packages_ignore_regex=None, packages_select=None, packages_select_build_failed=False, packages_select_by_dep=None, packages_select_regex=None, packages_select_test_failures=False, packages_skip=None, packages_skip_build_finished=False, packages_skip_by_dep=None, packages_skip_regex=None, packages_skip_test_passed=False, packages_skip_up_to=None, packages_start=None, packages_up_to=None, packages_up_to_regex=None, parallel_workers=8, paths=None, symlink_install=False, test_result_base=None, verb_extension=<colcon_core.verb.build.BuildVerb object at 0x7f54c56acd00>, verb_name='build', verb_parser=<colcon_defaults.argument_parser.defaults.DefaultArgumentsDecorator object at 0x7f54c56b32b0>)
[0.441s] Level 1:colcon.colcon_core.package_discovery:discover_packages(colcon_meta) check parameters
[0.441s] Level 1:colcon.colcon_core.package_discovery:discover_packages(recursive) check parameters
[0.441s] Level 1:colcon.colcon_core.package_discovery:discover_packages(ignore) check parameters
[0.441s] Level 1:colcon.colcon_core.package_discovery:discover_packages(path) check parameters
[0.441s] Level 1:colcon.colcon_core.package_discovery:discover_packages(colcon_meta) discover
[0.441s] Level 1:colcon.colcon_core.package_discovery:discover_packages(recursive) discover
[0.441s] INFO:colcon.colcon_core.package_discovery:Crawling recursively for packages in '/root/drl_grasping/fyp_ws/src/Yolov5-ROS2'
[0.441s] Level 1:colcon.colcon_core.package_identification:_identify(.) by extensions ['ignore', 'ignore_ament_install']
[0.441s] Level 1:colcon.colcon_core.package_identification:_identify(.) by extension 'ignore'
[0.441s] Level 1:colcon.colcon_core.package_identification:_identify(.) by extension 'ignore_ament_install'
[0.441s] Level 1:colcon.colcon_core.package_identification:_identify(.) by extensions ['colcon_pkg']
[0.442s] Level 1:colcon.colcon_core.package_identification:_identify(.) by extension 'colcon_pkg'
[0.442s] Level 1:colcon.colcon_core.package_identification:_identify(.) by extensions ['colcon_meta']
[0.442s] Level 1:colcon.colcon_core.package_identification:_identify(.) by extension 'colcon_meta'
[0.442s] Level 1:colcon.colcon_core.package_identification:_identify(.) by extensions ['ros']
[0.442s] Level 1:colcon.colcon_core.package_identification:_identify(.) by extension 'ros'
[0.455s] Level 1:colcon.colcon_core.package_identification:_identify(.) by extensions ['cmake', 'python']
[0.456s] Level 1:colcon.colcon_core.package_identification:_identify(.) by extension 'cmake'
[0.456s] Level 1:colcon.colcon_core.package_identification:_identify(.) by extension 'python'
[0.456s] Level 1:colcon.colcon_core.package_identification:_identify(.) by extensions ['python_setup_py']
[0.456s] Level 1:colcon.colcon_core.package_identification:_identify(.) by extension 'python_setup_py'
[0.456s] Level 1:colcon.colcon_core.package_identification:_identify(build) by extensions ['ignore', 'ignore_ament_install']
[0.456s] Level 1:colcon.colcon_core.package_identification:_identify(build) by extension 'ignore'
[0.456s] Level 1:colcon.colcon_core.package_identification:_identify(build) ignored
[0.456s] Level 1:colcon.colcon_core.package_identification:_identify(install) by extensions ['ignore', 'ignore_ament_install']
[0.456s] Level 1:colcon.colcon_core.package_identification:_identify(install) by extension 'ignore'
[0.456s] Level 1:colcon.colcon_core.package_identification:_identify(install) ignored
[0.456s] Level 1:colcon.colcon_core.package_identification:_identify(log) by extensions ['ignore', 'ignore_ament_install']
[0.457s] Level 1:colcon.colcon_core.package_identification:_identify(log) by extension 'ignore'
[0.457s] Level 1:colcon.colcon_core.package_identification:_identify(log) ignored
[0.457s] Level 1:colcon.colcon_core.package_identification:_identify(ros_yolo) by extensions ['ignore', 'ignore_ament_install']
[0.457s] Level 1:colcon.colcon_core.package_identification:_identify(ros_yolo) by extension 'ignore'
[0.457s] Level 1:colcon.colcon_core.package_identification:_identify(ros_yolo) by extension 'ignore_ament_install'
[0.457s] Level 1:colcon.colcon_core.package_identification:_identify(ros_yolo) by extensions ['colcon_pkg']
[0.457s] Level 1:colcon.colcon_core.package_identification:_identify(ros_yolo) by extension 'colcon_pkg'
[0.457s] Level 1:colcon.colcon_core.package_identification:_identify(ros_yolo) by extensions ['colcon_meta']
[0.457s] Level 1:colcon.colcon_core.package_identification:_identify(ros_yolo) by extension 'colcon_meta'
[0.457s] Level 1:colcon.colcon_core.package_identification:_identify(ros_yolo) by extensions ['ros']
[0.457s] Level 1:colcon.colcon_core.package_identification:_identify(ros_yolo) by extension 'ros'
[0.461s] DEBUG:colcon.colcon_core.package_identification:Package 'ros_yolo' with type 'ros.ament_cmake' and name 'ros_yolo'
[0.461s] Level 1:colcon.colcon_core.package_discovery:discover_packages(recursive) using defaults
[0.461s] Level 1:colcon.colcon_core.package_discovery:discover_packages(ignore) discover
[0.461s] Level 1:colcon.colcon_core.package_discovery:discover_packages(ignore) using defaults
[0.461s] Level 1:colcon.colcon_core.package_discovery:discover_packages(path) discover
[0.461s] Level 1:colcon.colcon_core.package_discovery:discover_packages(path) using defaults
[0.486s] Level 5:colcon.colcon_core.verb:set package 'ros_yolo' build argument 'cmake_args' from command line to 'None'
[0.486s] Level 5:colcon.colcon_core.verb:set package 'ros_yolo' build argument 'cmake_target' from command line to 'None'
[0.486s] Level 5:colcon.colcon_core.verb:set package 'ros_yolo' build argument 'cmake_target_skip_unavailable' from command line to 'False'
[0.486s] Level 5:colcon.colcon_core.verb:set package 'ros_yolo' build argument 'cmake_clean_cache' from command line to 'False'
[0.486s] Level 5:colcon.colcon_core.verb:set package 'ros_yolo' build argument 'cmake_clean_first' from command line to 'False'
[0.487s] Level 5:colcon.colcon_core.verb:set package 'ros_yolo' build argument 'cmake_force_configure' from command line to 'False'
[0.487s] Level 5:colcon.colcon_core.verb:set package 'ros_yolo' build argument 'ament_cmake_args' from command line to 'None'
[0.487s] Level 5:colcon.colcon_core.verb:set package 'ros_yolo' build argument 'catkin_cmake_args' from command line to 'None'
[0.487s] Level 5:colcon.colcon_core.verb:set package 'ros_yolo' build argument 'catkin_skip_building_tests' from command line to 'False'
[0.487s] DEBUG:colcon.colcon_core.verb:Building package 'ros_yolo' with the following arguments: {'ament_cmake_args': None, 'build_base': '/root/drl_grasping/fyp_ws/src/Yolov5-ROS2/build/ros_yolo', 'catkin_cmake_args': None, 'catkin_skip_building_tests': False, 'cmake_args': None, 'cmake_clean_cache': False, 'cmake_clean_first': False, 'cmake_force_configure': False, 'cmake_target': None, 'cmake_target_skip_unavailable': False, 'install_base': '/root/drl_grasping/fyp_ws/src/Yolov5-ROS2/install/ros_yolo', 'merge_install': False, 'path': '/root/drl_grasping/fyp_ws/src/Yolov5-ROS2/ros_yolo', 'symlink_install': False, 'test_result_base': None}
[0.487s] INFO:colcon.colcon_core.executor:Executing jobs using 'parallel' executor
[0.490s] DEBUG:colcon.colcon_parallel_executor.executor.parallel:run_until_complete
[0.490s] INFO:colcon.colcon_ros.task.ament_cmake.build:Building ROS package in '/root/drl_grasping/fyp_ws/src/Yolov5-ROS2/ros_yolo' with build type 'ament_cmake'
[0.491s] INFO:colcon.colcon_cmake.task.cmake.build:Building CMake package in '/root/drl_grasping/fyp_ws/src/Yolov5-ROS2/ros_yolo'
[0.497s] INFO:colcon.colcon_core.plugin_system:Skipping extension 'colcon_core.shell.bat': Not used on non-Windows systems
[0.497s] INFO:colcon.colcon_core.shell:Skip shell extension 'powershell' for command environment: Not usable outside of PowerShell
[0.497s] DEBUG:colcon.colcon_core.shell:Skip shell extension 'dsv' for command environment
[0.501s] DEBUG:colcon.colcon_core.shell:Ignoring prefix path '/opt/ros/rolling'
[0.510s] DEBUG:colcon.colcon_core.event_handler.log_command:Invoking command in '/root/drl_grasping/fyp_ws/src/Yolov5-ROS2/build/ros_yolo': CMAKE_PREFIX_PATH=${CMAKE_PREFIX_PATH}:/opt/ros/rolling /usr/bin/cmake /root/drl_grasping/fyp_ws/src/Yolov5-ROS2/ros_yolo -DCMAKE_INSTALL_PREFIX=/root/drl_grasping/fyp_ws/src/Yolov5-ROS2/install/ros_yolo
[2.467s] DEBUG:colcon.colcon_core.event_handler.log_command:Invoked command in '/root/drl_grasping/fyp_ws/src/Yolov5-ROS2/build/ros_yolo' returned '1': CMAKE_PREFIX_PATH=${CMAKE_PREFIX_PATH}:/opt/ros/rolling /usr/bin/cmake /root/drl_grasping/fyp_ws/src/Yolov5-ROS2/ros_yolo -DCMAKE_INSTALL_PREFIX=/root/drl_grasping/fyp_ws/src/Yolov5-ROS2/install/ros_yolo
[2.481s] Level 1:colcon.colcon_core.environment:create_environment_scripts_only(ros_yolo)
[2.486s] Level 1:colcon.colcon_core.environment:checking '/root/drl_grasping/fyp_ws/src/Yolov5-ROS2/install/ros_yolo' for CMake module files
[2.487s] Level 1:colcon.colcon_core.environment:checking '/root/drl_grasping/fyp_ws/src/Yolov5-ROS2/install/ros_yolo' for CMake config files
[2.487s] Level 1:colcon.colcon_core.environment:checking '/root/drl_grasping/fyp_ws/src/Yolov5-ROS2/install/ros_yolo/bin'
[2.487s] Level 1:colcon.colcon_core.environment:checking '/root/drl_grasping/fyp_ws/src/Yolov5-ROS2/install/ros_yolo/lib/pkgconfig/ros_yolo.pc'
[2.488s] Level 1:colcon.colcon_core.environment:checking '/root/drl_grasping/fyp_ws/src/Yolov5-ROS2/install/ros_yolo/lib/python3.8/site-packages'
[2.489s] INFO:colcon.colcon_core.shell:Creating package script '/root/drl_grasping/fyp_ws/src/Yolov5-ROS2/install/ros_yolo/share/ros_yolo/package.ps1'
[2.490s] INFO:colcon.colcon_core.shell:Creating package descriptor '/root/drl_grasping/fyp_ws/src/Yolov5-ROS2/install/ros_yolo/share/ros_yolo/package.dsv'
[2.491s] INFO:colcon.colcon_core.shell:Creating package script '/root/drl_grasping/fyp_ws/src/Yolov5-ROS2/install/ros_yolo/share/ros_yolo/package.sh'
[2.492s] INFO:colcon.colcon_core.shell:Creating package script '/root/drl_grasping/fyp_ws/src/Yolov5-ROS2/install/ros_yolo/share/ros_yolo/package.bash'
[2.493s] INFO:colcon.colcon_core.shell:Creating package script '/root/drl_grasping/fyp_ws/src/Yolov5-ROS2/install/ros_yolo/share/ros_yolo/package.zsh'
[2.494s] Level 1:colcon.colcon_core.environment:create_file_with_runtime_dependencies(/root/drl_grasping/fyp_ws/src/Yolov5-ROS2/install/ros_yolo/share/colcon-core/packages/ros_yolo)
[2.505s] DEBUG:colcon.colcon_parallel_executor.executor.parallel:closing loop
[2.505s] DEBUG:colcon.colcon_parallel_executor.executor.parallel:loop closed
[2.505s] DEBUG:colcon.colcon_parallel_executor.executor.parallel:run_until_complete finished with '1'
[2.505s] DEBUG:colcon.colcon_core.event_reactor:joining thread
[2.513s] INFO:colcon.colcon_core.plugin_system:Skipping extension 'colcon_notification.desktop_notification.notify_send': Could not find 'notify-send'
[2.513s] INFO:colcon.colcon_core.plugin_system:Skipping extension 'colcon_notification.desktop_notification.terminal_notifier': Not used on non-Darwin systems
[2.513s] INFO:colcon.colcon_core.plugin_system:Skipping extension 'colcon_notification.desktop_notification.win32': Not used on non-Windows systems
[2.513s] INFO:colcon.colcon_notification.desktop_notification:Sending desktop notification using 'notify2'
[2.515s] DEBUG:colcon.colcon_notification.desktop_notification.notify2:Failed to initialize notify2: org.freedesktop.DBus.Error.Spawn.ExecFailed: /usr/bin/dbus-launch terminated abnormally without any error message
[2.516s] DEBUG:colcon.colcon_core.event_reactor:joined thread
[2.518s] INFO:colcon.colcon_core.shell:Creating prefix script '/root/drl_grasping/fyp_ws/src/Yolov5-ROS2/install/local_setup.ps1'
[2.519s] INFO:colcon.colcon_core.shell:Creating prefix util module '/root/drl_grasping/fyp_ws/src/Yolov5-ROS2/install/_local_setup_util_ps1.py'
[2.522s] INFO:colcon.colcon_core.shell:Creating prefix chain script '/root/drl_grasping/fyp_ws/src/Yolov5-ROS2/install/setup.ps1'
[2.527s] INFO:colcon.colcon_core.shell:Creating prefix script '/root/drl_grasping/fyp_ws/src/Yolov5-ROS2/install/local_setup.sh'
[2.527s] INFO:colcon.colcon_core.shell:Creating prefix util module '/root/drl_grasping/fyp_ws/src/Yolov5-ROS2/install/_local_setup_util_sh.py'
[2.528s] INFO:colcon.colcon_core.shell:Creating prefix chain script '/root/drl_grasping/fyp_ws/src/Yolov5-ROS2/install/setup.sh'
[2.532s] INFO:colcon.colcon_core.shell:Creating prefix script '/root/drl_grasping/fyp_ws/src/Yolov5-ROS2/install/local_setup.bash'
[2.533s] INFO:colcon.colcon_core.shell:Creating prefix chain script '/root/drl_grasping/fyp_ws/src/Yolov5-ROS2/install/setup.bash'
[2.537s] INFO:colcon.colcon_core.shell:Creating prefix script '/root/drl_grasping/fyp_ws/src/Yolov5-ROS2/install/local_setup.zsh'
[2.537s] INFO:colcon.colcon_core.shell:Creating prefix chain script '/root/drl_grasping/fyp_ws/src/Yolov5-ROS2/install/setup.zsh'
