[0.437s] DEBUG:colcon:Command line arguments: ['/usr/bin/colcon', 'build']
[0.437s] DEBUG:colcon:Parsed command line arguments: Namespace(ament_cmake_args=None, base_paths=['.'], build_base='build', catkin_cmake_args=None, catkin_skip_building_tests=False, cmake_args=None, cmake_clean_cache=False, cmake_clean_first=False, cmake_force_configure=False, cmake_target=None, cmake_target_skip_unavailable=False, continue_on_error=False, event_handlers=None, executor='parallel', ignore_user_meta=False, install_base='install', log_base=None, log_level=None, main=<bound method BuildVerb.main of <colcon_core.verb.build.BuildVerb object at 0x7fea58e85c10>>, merge_install=False, metas=['./colcon.meta'], packages_above=None, packages_above_and_dependencies=None, packages_above_depth=None, packages_end=None, packages_ignore=None, packages_ignore_regex=None, packages_select=None, packages_select_build_failed=False, packages_select_by_dep=None, packages_select_regex=None, packages_select_test_failures=False, packages_skip=None, packages_skip_build_finished=False, packages_skip_by_dep=None, packages_skip_regex=None, packages_skip_test_passed=False, packages_skip_up_to=None, packages_start=None, packages_up_to=None, packages_up_to_regex=None, parallel_workers=8, paths=None, symlink_install=False, test_result_base=None, verb_extension=<colcon_core.verb.build.BuildVerb object at 0x7fea58e85c10>, verb_name='build', verb_parser=<colcon_defaults.argument_parser.defaults.DefaultArgumentsDecorator object at 0x7fea58e8b1c0>)
[0.444s] Level 1:colcon.colcon_core.package_discovery:discover_packages(colcon_meta) check parameters
[0.444s] Level 1:colcon.colcon_core.package_discovery:discover_packages(recursive) check parameters
[0.444s] Level 1:colcon.colcon_core.package_discovery:discover_packages(ignore) check parameters
[0.444s] Level 1:colcon.colcon_core.package_discovery:discover_packages(path) check parameters
[0.444s] Level 1:colcon.colcon_core.package_discovery:discover_packages(colcon_meta) discover
[0.444s] Level 1:colcon.colcon_core.package_discovery:discover_packages(recursive) discover
[0.444s] INFO:colcon.colcon_core.package_discovery:Crawling recursively for packages in '/root/drl_grasping/fyp_ws/src/Yolov5-ROS2/ros_yolo'
[0.444s] Level 1:colcon.colcon_core.package_identification:_identify(.) by extensions ['ignore', 'ignore_ament_install']
[0.445s] Level 1:colcon.colcon_core.package_identification:_identify(.) by extension 'ignore'
[0.445s] Level 1:colcon.colcon_core.package_identification:_identify(.) by extension 'ignore_ament_install'
[0.445s] Level 1:colcon.colcon_core.package_identification:_identify(.) by extensions ['colcon_pkg']
[0.445s] Level 1:colcon.colcon_core.package_identification:_identify(.) by extension 'colcon_pkg'
[0.445s] Level 1:colcon.colcon_core.package_identification:_identify(.) by extensions ['colcon_meta']
[0.445s] Level 1:colcon.colcon_core.package_identification:_identify(.) by extension 'colcon_meta'
[0.445s] Level 1:colcon.colcon_core.package_identification:_identify(.) by extensions ['ros']
[0.445s] Level 1:colcon.colcon_core.package_identification:_identify(.) by extension 'ros'
[0.462s] DEBUG:colcon.colcon_core.package_identification:Package '.' with type 'ros.ament_cmake' and name 'ros_yolo'
[0.462s] Level 1:colcon.colcon_core.package_discovery:discover_packages(recursive) using defaults
[0.462s] Level 1:colcon.colcon_core.package_discovery:discover_packages(ignore) discover
[0.462s] Level 1:colcon.colcon_core.package_discovery:discover_packages(ignore) using defaults
[0.462s] Level 1:colcon.colcon_core.package_discovery:discover_packages(path) discover
[0.462s] Level 1:colcon.colcon_core.package_discovery:discover_packages(path) using defaults
[0.487s] Level 5:colcon.colcon_core.verb:set package 'ros_yolo' build argument 'cmake_args' from command line to 'None'
[0.487s] Level 5:colcon.colcon_core.verb:set package 'ros_yolo' build argument 'cmake_target' from command line to 'None'
[0.487s] Level 5:colcon.colcon_core.verb:set package 'ros_yolo' build argument 'cmake_target_skip_unavailable' from command line to 'False'
[0.487s] Level 5:colcon.colcon_core.verb:set package 'ros_yolo' build argument 'cmake_clean_cache' from command line to 'False'
[0.487s] Level 5:colcon.colcon_core.verb:set package 'ros_yolo' build argument 'cmake_clean_first' from command line to 'False'
[0.487s] Level 5:colcon.colcon_core.verb:set package 'ros_yolo' build argument 'cmake_force_configure' from command line to 'False'
[0.487s] Level 5:colcon.colcon_core.verb:set package 'ros_yolo' build argument 'ament_cmake_args' from command line to 'None'
[0.487s] Level 5:colcon.colcon_core.verb:set package 'ros_yolo' build argument 'catkin_cmake_args' from command line to 'None'
[0.487s] Level 5:colcon.colcon_core.verb:set package 'ros_yolo' build argument 'catkin_skip_building_tests' from command line to 'False'
[0.487s] DEBUG:colcon.colcon_core.verb:Building package 'ros_yolo' with the following arguments: {'ament_cmake_args': None, 'build_base': '/root/drl_grasping/fyp_ws/src/Yolov5-ROS2/ros_yolo/build/ros_yolo', 'catkin_cmake_args': None, 'catkin_skip_building_tests': False, 'cmake_args': None, 'cmake_clean_cache': False, 'cmake_clean_first': False, 'cmake_force_configure': False, 'cmake_target': None, 'cmake_target_skip_unavailable': False, 'install_base': '/root/drl_grasping/fyp_ws/src/Yolov5-ROS2/ros_yolo/install/ros_yolo', 'merge_install': False, 'path': '/root/drl_grasping/fyp_ws/src/Yolov5-ROS2/ros_yolo', 'symlink_install': False, 'test_result_base': None}
[0.488s] INFO:colcon.colcon_core.executor:Executing jobs using 'parallel' executor
[0.491s] DEBUG:colcon.colcon_parallel_executor.executor.parallel:run_until_complete
[0.491s] INFO:colcon.colcon_ros.task.ament_cmake.build:Building ROS package in '/root/drl_grasping/fyp_ws/src/Yolov5-ROS2/ros_yolo' with build type 'ament_cmake'
[0.491s] INFO:colcon.colcon_cmake.task.cmake.build:Building CMake package in '/root/drl_grasping/fyp_ws/src/Yolov5-ROS2/ros_yolo'
[0.497s] INFO:colcon.colcon_core.plugin_system:Skipping extension 'colcon_core.shell.bat': Not used on non-Windows systems
[0.498s] INFO:colcon.colcon_core.shell:Skip shell extension 'powershell' for command environment: Not usable outside of PowerShell
[0.498s] DEBUG:colcon.colcon_core.shell:Skip shell extension 'dsv' for command environment
[0.502s] DEBUG:colcon.colcon_core.shell:Ignoring prefix path '/opt/ros/rolling'
[0.512s] DEBUG:colcon.colcon_core.event_handler.log_command:Invoking command in '/root/drl_grasping/fyp_ws/src/Yolov5-ROS2/ros_yolo/build/ros_yolo': CMAKE_PREFIX_PATH=${CMAKE_PREFIX_PATH}:/opt/ros/rolling /usr/bin/cmake --build /root/drl_grasping/fyp_ws/src/Yolov5-ROS2/ros_yolo/build/ros_yolo -- -j8 -l8
[0.667s] DEBUG:colcon.colcon_core.event_handler.log_command:Invoked command in '/root/drl_grasping/fyp_ws/src/Yolov5-ROS2/ros_yolo/build/ros_yolo' returned '2': CMAKE_PREFIX_PATH=${CMAKE_PREFIX_PATH}:/opt/ros/rolling /usr/bin/cmake --build /root/drl_grasping/fyp_ws/src/Yolov5-ROS2/ros_yolo/build/ros_yolo -- -j8 -l8
[0.749s] Level 1:colcon.colcon_core.environment:create_environment_scripts_only(ros_yolo)
[0.754s] Level 1:colcon.colcon_core.environment:checking '/root/drl_grasping/fyp_ws/src/Yolov5-ROS2/ros_yolo/install/ros_yolo' for CMake module files
[0.756s] Level 1:colcon.colcon_core.environment:checking '/root/drl_grasping/fyp_ws/src/Yolov5-ROS2/ros_yolo/install/ros_yolo' for CMake config files
[0.756s] Level 1:colcon.colcon_core.shell:create_environment_hook('ros_yolo', 'cmake_prefix_path')
[0.757s] INFO:colcon.colcon_core.shell:Creating environment hook '/root/drl_grasping/fyp_ws/src/Yolov5-ROS2/ros_yolo/install/ros_yolo/share/ros_yolo/hook/cmake_prefix_path.ps1'
[0.759s] INFO:colcon.colcon_core.shell:Creating environment descriptor '/root/drl_grasping/fyp_ws/src/Yolov5-ROS2/ros_yolo/install/ros_yolo/share/ros_yolo/hook/cmake_prefix_path.dsv'
[0.759s] INFO:colcon.colcon_core.shell:Creating environment hook '/root/drl_grasping/fyp_ws/src/Yolov5-ROS2/ros_yolo/install/ros_yolo/share/ros_yolo/hook/cmake_prefix_path.sh'
[0.760s] Level 1:colcon.colcon_core.environment:checking '/root/drl_grasping/fyp_ws/src/Yolov5-ROS2/ros_yolo/install/ros_yolo/lib'
[0.761s] Level 1:colcon.colcon_core.shell:create_environment_hook('ros_yolo', 'ld_library_path_lib')
[0.762s] INFO:colcon.colcon_core.shell:Creating environment hook '/root/drl_grasping/fyp_ws/src/Yolov5-ROS2/ros_yolo/install/ros_yolo/share/ros_yolo/hook/ld_library_path_lib.ps1'
[0.762s] INFO:colcon.colcon_core.shell:Creating environment descriptor '/root/drl_grasping/fyp_ws/src/Yolov5-ROS2/ros_yolo/install/ros_yolo/share/ros_yolo/hook/ld_library_path_lib.dsv'
[0.762s] INFO:colcon.colcon_core.shell:Creating environment hook '/root/drl_grasping/fyp_ws/src/Yolov5-ROS2/ros_yolo/install/ros_yolo/share/ros_yolo/hook/ld_library_path_lib.sh'
[0.763s] Level 1:colcon.colcon_core.environment:checking '/root/drl_grasping/fyp_ws/src/Yolov5-ROS2/ros_yolo/install/ros_yolo/bin'
[0.763s] Level 1:colcon.colcon_core.environment:checking '/root/drl_grasping/fyp_ws/src/Yolov5-ROS2/ros_yolo/install/ros_yolo/lib/pkgconfig/ros_yolo.pc'
[0.763s] Level 1:colcon.colcon_core.environment:checking '/root/drl_grasping/fyp_ws/src/Yolov5-ROS2/ros_yolo/install/ros_yolo/lib/python3.8/site-packages'
[0.763s] Level 1:colcon.colcon_core.shell:create_environment_hook('ros_yolo', 'pythonpath')
[0.764s] INFO:colcon.colcon_core.shell:Creating environment hook '/root/drl_grasping/fyp_ws/src/Yolov5-ROS2/ros_yolo/install/ros_yolo/share/ros_yolo/hook/pythonpath.ps1'
[0.765s] INFO:colcon.colcon_core.shell:Creating environment descriptor '/root/drl_grasping/fyp_ws/src/Yolov5-ROS2/ros_yolo/install/ros_yolo/share/ros_yolo/hook/pythonpath.dsv'
[0.765s] INFO:colcon.colcon_core.shell:Creating environment hook '/root/drl_grasping/fyp_ws/src/Yolov5-ROS2/ros_yolo/install/ros_yolo/share/ros_yolo/hook/pythonpath.sh'
[0.767s] INFO:colcon.colcon_core.shell:Creating package script '/root/drl_grasping/fyp_ws/src/Yolov5-ROS2/ros_yolo/install/ros_yolo/share/ros_yolo/package.ps1'
[0.768s] INFO:colcon.colcon_core.shell:Creating package descriptor '/root/drl_grasping/fyp_ws/src/Yolov5-ROS2/ros_yolo/install/ros_yolo/share/ros_yolo/package.dsv'
[0.769s] INFO:colcon.colcon_core.shell:Creating package script '/root/drl_grasping/fyp_ws/src/Yolov5-ROS2/ros_yolo/install/ros_yolo/share/ros_yolo/package.sh'
[0.770s] INFO:colcon.colcon_core.shell:Creating package script '/root/drl_grasping/fyp_ws/src/Yolov5-ROS2/ros_yolo/install/ros_yolo/share/ros_yolo/package.bash'
[0.772s] INFO:colcon.colcon_core.shell:Creating package script '/root/drl_grasping/fyp_ws/src/Yolov5-ROS2/ros_yolo/install/ros_yolo/share/ros_yolo/package.zsh'
[0.773s] Level 1:colcon.colcon_core.environment:create_file_with_runtime_dependencies(/root/drl_grasping/fyp_ws/src/Yolov5-ROS2/ros_yolo/install/ros_yolo/share/colcon-core/packages/ros_yolo)
[0.784s] DEBUG:colcon.colcon_parallel_executor.executor.parallel:closing loop
[0.784s] DEBUG:colcon.colcon_parallel_executor.executor.parallel:loop closed
[0.784s] DEBUG:colcon.colcon_parallel_executor.executor.parallel:run_until_complete finished with '2'
[0.784s] DEBUG:colcon.colcon_core.event_reactor:joining thread
[0.792s] INFO:colcon.colcon_core.plugin_system:Skipping extension 'colcon_notification.desktop_notification.notify_send': Could not find 'notify-send'
[0.793s] INFO:colcon.colcon_core.plugin_system:Skipping extension 'colcon_notification.desktop_notification.terminal_notifier': Not used on non-Darwin systems
[0.793s] INFO:colcon.colcon_core.plugin_system:Skipping extension 'colcon_notification.desktop_notification.win32': Not used on non-Windows systems
[0.793s] INFO:colcon.colcon_notification.desktop_notification:Sending desktop notification using 'notify2'
[0.795s] DEBUG:colcon.colcon_notification.desktop_notification.notify2:Failed to initialize notify2: org.freedesktop.DBus.Error.Spawn.ExecFailed: /usr/bin/dbus-launch terminated abnormally without any error message
[0.795s] DEBUG:colcon.colcon_core.event_reactor:joined thread
[0.797s] INFO:colcon.colcon_core.shell:Creating prefix script '/root/drl_grasping/fyp_ws/src/Yolov5-ROS2/ros_yolo/install/local_setup.ps1'
[0.799s] INFO:colcon.colcon_core.shell:Creating prefix util module '/root/drl_grasping/fyp_ws/src/Yolov5-ROS2/ros_yolo/install/_local_setup_util_ps1.py'
[0.801s] INFO:colcon.colcon_core.shell:Creating prefix chain script '/root/drl_grasping/fyp_ws/src/Yolov5-ROS2/ros_yolo/install/setup.ps1'
[0.806s] INFO:colcon.colcon_core.shell:Creating prefix script '/root/drl_grasping/fyp_ws/src/Yolov5-ROS2/ros_yolo/install/local_setup.sh'
[0.807s] INFO:colcon.colcon_core.shell:Creating prefix util module '/root/drl_grasping/fyp_ws/src/Yolov5-ROS2/ros_yolo/install/_local_setup_util_sh.py'
[0.808s] INFO:colcon.colcon_core.shell:Creating prefix chain script '/root/drl_grasping/fyp_ws/src/Yolov5-ROS2/ros_yolo/install/setup.sh'
[0.812s] INFO:colcon.colcon_core.shell:Creating prefix script '/root/drl_grasping/fyp_ws/src/Yolov5-ROS2/ros_yolo/install/local_setup.bash'
[0.812s] INFO:colcon.colcon_core.shell:Creating prefix chain script '/root/drl_grasping/fyp_ws/src/Yolov5-ROS2/ros_yolo/install/setup.bash'
[0.816s] INFO:colcon.colcon_core.shell:Creating prefix script '/root/drl_grasping/fyp_ws/src/Yolov5-ROS2/ros_yolo/install/local_setup.zsh'
[0.817s] INFO:colcon.colcon_core.shell:Creating prefix chain script '/root/drl_grasping/fyp_ws/src/Yolov5-ROS2/ros_yolo/install/setup.zsh'
