[0.025s] Invoking command in '/root/drl_grasping/fyp_ws/src/Yolov5-ROS2/ros_yolo/build/ros_yolo': CMAKE_PREFIX_PATH=${CMAKE_PREFIX_PATH}:/opt/ros/rolling /usr/bin/cmake --build /root/drl_grasping/fyp_ws/src/Yolov5-ROS2/ros_yolo/build/ros_yolo -- -j8 -l8
[0.103s] [  2%] Built target ros_yolo__cpp
[0.109s] [ 12%] Built target ros_yolo__rosidl_generator_c
[0.113s] [ 12%] Built target ament_cmake_python_symlink_ros_yolo
[0.143s] [ 23%] Built target ros_yolo__rosidl_typesupport_cpp
[0.145s] [ 33%] Built target ros_yolo__rosidl_typesupport_fastrtps_cpp
[0.149s] [ 43%] Built target ros_yolo__rosidl_typesupport_introspection_cpp
[0.155s] [ 61%] Built target ros_yolo__rosidl_typesupport_c
[0.155s] [ 64%] Built target ros_yolo__rosidl_typesupport_introspection_c
[0.181s] [ 74%] Built target ros_yolo__rosidl_typesupport_fastrtps_c
[0.212s] [ 74%] Built target ros_yolo
[0.251s] [ 76%] Built target ros_yolo__py
[0.292s] [ 84%] Built target ros_yolo__python
[0.329s] [ 94%] Built target ros_yolo__rosidl_typesupport_introspection_c__pyext
[0.330s] [ 94%] Built target ros_yolo__rosidl_typesupport_c__pyext
[0.334s] [100%] Built target ros_yolo__rosidl_typesupport_fastrtps_c__pyext
[0.578s] running egg_info
[0.580s] writing ros_yolo.egg-info/PKG-INFO
[0.580s] writing dependency_links to ros_yolo.egg-info/dependency_links.txt
[0.580s] writing top-level names to ros_yolo.egg-info/top_level.txt
[0.648s] reading manifest file 'ros_yolo.egg-info/SOURCES.txt'
[0.649s] writing manifest file 'ros_yolo.egg-info/SOURCES.txt'
[0.682s] [100%] Built target ament_cmake_python_build_ros_yolo_egg
[0.698s] Invoked command in '/root/drl_grasping/fyp_ws/src/Yolov5-ROS2/ros_yolo/build/ros_yolo' returned '0': CMAKE_PREFIX_PATH=${CMAKE_PREFIX_PATH}:/opt/ros/rolling /usr/bin/cmake --build /root/drl_grasping/fyp_ws/src/Yolov5-ROS2/ros_yolo/build/ros_yolo -- -j8 -l8
[0.803s] Invoking command in '/root/drl_grasping/fyp_ws/src/Yolov5-ROS2/ros_yolo/build/ros_yolo': CMAKE_PREFIX_PATH=${CMAKE_PREFIX_PATH}:/opt/ros/rolling /usr/bin/cmake --install /root/drl_grasping/fyp_ws/src/Yolov5-ROS2/ros_yolo/build/ros_yolo
[0.814s] -- Install configuration: ""
[0.815s] -- Up-to-date: /root/drl_grasping/fyp_ws/src/Yolov5-ROS2/ros_yolo/install/ros_yolo/share/ament_index/resource_index/rosidl_interfaces/ros_yolo
[0.815s] -- Up-to-date: /root/drl_grasping/fyp_ws/src/Yolov5-ROS2/ros_yolo/install/ros_yolo/include/ros_yolo
[0.815s] -- Up-to-date: /root/drl_grasping/fyp_ws/src/Yolov5-ROS2/ros_yolo/install/ros_yolo/include/ros_yolo/msg
[0.815s] -- Up-to-date: /root/drl_grasping/fyp_ws/src/Yolov5-ROS2/ros_yolo/install/ros_yolo/include/ros_yolo/msg/rosidl_generator_c__visibility_control.h
[0.815s] -- Up-to-date: /root/drl_grasping/fyp_ws/src/Yolov5-ROS2/ros_yolo/install/ros_yolo/include/ros_yolo/msg/custom_bounding_box.h
[0.815s] -- Up-to-date: /root/drl_grasping/fyp_ws/src/Yolov5-ROS2/ros_yolo/install/ros_yolo/include/ros_yolo/msg/detail
[0.816s] -- Up-to-date: /root/drl_grasping/fyp_ws/src/Yolov5-ROS2/ros_yolo/install/ros_yolo/include/ros_yolo/msg/detail/custom_bounding_box__type_support.h
[0.816s] -- Up-to-date: /root/drl_grasping/fyp_ws/src/Yolov5-ROS2/ros_yolo/install/ros_yolo/include/ros_yolo/msg/detail/custom_bounding_boxes__type_support.h
[0.816s] -- Up-to-date: /root/drl_grasping/fyp_ws/src/Yolov5-ROS2/ros_yolo/install/ros_yolo/include/ros_yolo/msg/detail/custom_bounding_box__functions.h
[0.816s] -- Up-to-date: /root/drl_grasping/fyp_ws/src/Yolov5-ROS2/ros_yolo/install/ros_yolo/include/ros_yolo/msg/detail/custom_bounding_box__struct.h
[0.816s] -- Up-to-date: /root/drl_grasping/fyp_ws/src/Yolov5-ROS2/ros_yolo/install/ros_yolo/include/ros_yolo/msg/detail/custom_bounding_boxes__functions.c
[0.816s] -- Up-to-date: /root/drl_grasping/fyp_ws/src/Yolov5-ROS2/ros_yolo/install/ros_yolo/include/ros_yolo/msg/detail/custom_bounding_box__functions.c
[0.817s] -- Up-to-date: /root/drl_grasping/fyp_ws/src/Yolov5-ROS2/ros_yolo/install/ros_yolo/include/ros_yolo/msg/detail/custom_bounding_boxes__struct.h
[0.817s] -- Up-to-date: /root/drl_grasping/fyp_ws/src/Yolov5-ROS2/ros_yolo/install/ros_yolo/include/ros_yolo/msg/detail/custom_bounding_boxes__functions.h
[0.817s] -- Up-to-date: /root/drl_grasping/fyp_ws/src/Yolov5-ROS2/ros_yolo/install/ros_yolo/include/ros_yolo/msg/custom_bounding_boxes.h
[0.817s] -- Up-to-date: /root/drl_grasping/fyp_ws/src/Yolov5-ROS2/ros_yolo/install/ros_yolo/share/ros_yolo/environment/library_path.sh
[0.818s] -- Up-to-date: /root/drl_grasping/fyp_ws/src/Yolov5-ROS2/ros_yolo/install/ros_yolo/share/ros_yolo/environment/library_path.dsv
[0.818s] -- Up-to-date: /root/drl_grasping/fyp_ws/src/Yolov5-ROS2/ros_yolo/install/ros_yolo/lib/libros_yolo__rosidl_generator_c.so
[0.818s] -- Up-to-date: /root/drl_grasping/fyp_ws/src/Yolov5-ROS2/ros_yolo/install/ros_yolo/include/ros_yolo
[0.818s] -- Up-to-date: /root/drl_grasping/fyp_ws/src/Yolov5-ROS2/ros_yolo/install/ros_yolo/include/ros_yolo/msg
[0.818s] -- Up-to-date: /root/drl_grasping/fyp_ws/src/Yolov5-ROS2/ros_yolo/install/ros_yolo/include/ros_yolo/msg/rosidl_typesupport_fastrtps_c__visibility_control.h
[0.819s] -- Up-to-date: /root/drl_grasping/fyp_ws/src/Yolov5-ROS2/ros_yolo/install/ros_yolo/include/ros_yolo/msg/detail
[0.819s] -- Up-to-date: /root/drl_grasping/fyp_ws/src/Yolov5-ROS2/ros_yolo/install/ros_yolo/include/ros_yolo/msg/detail/custom_bounding_boxes__rosidl_typesupport_fastrtps_c.h
[0.819s] -- Up-to-date: /root/drl_grasping/fyp_ws/src/Yolov5-ROS2/ros_yolo/install/ros_yolo/include/ros_yolo/msg/detail/custom_bounding_box__rosidl_typesupport_fastrtps_c.h
[0.819s] -- Up-to-date: /root/drl_grasping/fyp_ws/src/Yolov5-ROS2/ros_yolo/install/ros_yolo/lib/libros_yolo__rosidl_typesupport_fastrtps_c.so
[0.819s] -- Up-to-date: /root/drl_grasping/fyp_ws/src/Yolov5-ROS2/ros_yolo/install/ros_yolo/include/ros_yolo
[0.819s] -- Up-to-date: /root/drl_grasping/fyp_ws/src/Yolov5-ROS2/ros_yolo/install/ros_yolo/include/ros_yolo/msg
[0.819s] -- Up-to-date: /root/drl_grasping/fyp_ws/src/Yolov5-ROS2/ros_yolo/install/ros_yolo/include/ros_yolo/msg/rosidl_typesupport_fastrtps_cpp__visibility_control.h
[0.820s] -- Up-to-date: /root/drl_grasping/fyp_ws/src/Yolov5-ROS2/ros_yolo/install/ros_yolo/include/ros_yolo/msg/detail
[0.821s] -- Up-to-date: /root/drl_grasping/fyp_ws/src/Yolov5-ROS2/ros_yolo/install/ros_yolo/include/ros_yolo/msg/detail/custom_bounding_box__rosidl_typesupport_fastrtps_cpp.hpp
[0.821s] -- Up-to-date: /root/drl_grasping/fyp_ws/src/Yolov5-ROS2/ros_yolo/install/ros_yolo/include/ros_yolo/msg/detail/dds_fastrtps
[0.821s] -- Up-to-date: /root/drl_grasping/fyp_ws/src/Yolov5-ROS2/ros_yolo/install/ros_yolo/include/ros_yolo/msg/detail/custom_bounding_boxes__rosidl_typesupport_fastrtps_cpp.hpp
[0.821s] -- Up-to-date: /root/drl_grasping/fyp_ws/src/Yolov5-ROS2/ros_yolo/install/ros_yolo/lib/libros_yolo__rosidl_typesupport_fastrtps_cpp.so
[0.821s] -- Up-to-date: /root/drl_grasping/fyp_ws/src/Yolov5-ROS2/ros_yolo/install/ros_yolo/include/ros_yolo
[0.822s] -- Up-to-date: /root/drl_grasping/fyp_ws/src/Yolov5-ROS2/ros_yolo/install/ros_yolo/include/ros_yolo/msg
[0.822s] -- Up-to-date: /root/drl_grasping/fyp_ws/src/Yolov5-ROS2/ros_yolo/install/ros_yolo/include/ros_yolo/msg/detail
[0.822s] -- Up-to-date: /root/drl_grasping/fyp_ws/src/Yolov5-ROS2/ros_yolo/install/ros_yolo/include/ros_yolo/msg/detail/custom_bounding_box__type_support.c
[0.822s] -- Up-to-date: /root/drl_grasping/fyp_ws/src/Yolov5-ROS2/ros_yolo/install/ros_yolo/include/ros_yolo/msg/detail/custom_bounding_box__rosidl_typesupport_introspection_c.h
[0.822s] -- Up-to-date: /root/drl_grasping/fyp_ws/src/Yolov5-ROS2/ros_yolo/install/ros_yolo/include/ros_yolo/msg/detail/custom_bounding_boxes__type_support.c
[0.823s] -- Up-to-date: /root/drl_grasping/fyp_ws/src/Yolov5-ROS2/ros_yolo/install/ros_yolo/include/ros_yolo/msg/detail/custom_bounding_boxes__rosidl_typesupport_introspection_c.h
[0.823s] -- Up-to-date: /root/drl_grasping/fyp_ws/src/Yolov5-ROS2/ros_yolo/install/ros_yolo/include/ros_yolo/msg/rosidl_typesupport_introspection_c__visibility_control.h
[0.823s] -- Up-to-date: /root/drl_grasping/fyp_ws/src/Yolov5-ROS2/ros_yolo/install/ros_yolo/lib/libros_yolo__rosidl_typesupport_introspection_c.so
[0.823s] -- Up-to-date: /root/drl_grasping/fyp_ws/src/Yolov5-ROS2/ros_yolo/install/ros_yolo/lib/libros_yolo__rosidl_typesupport_c.so
[0.824s] -- Up-to-date: /root/drl_grasping/fyp_ws/src/Yolov5-ROS2/ros_yolo/install/ros_yolo/include/ros_yolo
[0.824s] -- Up-to-date: /root/drl_grasping/fyp_ws/src/Yolov5-ROS2/ros_yolo/install/ros_yolo/include/ros_yolo/msg
[0.824s] -- Up-to-date: /root/drl_grasping/fyp_ws/src/Yolov5-ROS2/ros_yolo/install/ros_yolo/include/ros_yolo/msg/custom_bounding_box.hpp
[0.824s] -- Up-to-date: /root/drl_grasping/fyp_ws/src/Yolov5-ROS2/ros_yolo/install/ros_yolo/include/ros_yolo/msg/detail
[0.824s] -- Up-to-date: /root/drl_grasping/fyp_ws/src/Yolov5-ROS2/ros_yolo/install/ros_yolo/include/ros_yolo/msg/detail/custom_bounding_boxes__builder.hpp
[0.825s] -- Up-to-date: /root/drl_grasping/fyp_ws/src/Yolov5-ROS2/ros_yolo/install/ros_yolo/include/ros_yolo/msg/detail/custom_bounding_boxes__struct.hpp
[0.825s] -- Up-to-date: /root/drl_grasping/fyp_ws/src/Yolov5-ROS2/ros_yolo/install/ros_yolo/include/ros_yolo/msg/detail/custom_bounding_boxes__traits.hpp
[0.825s] -- Up-to-date: /root/drl_grasping/fyp_ws/src/Yolov5-ROS2/ros_yolo/install/ros_yolo/include/ros_yolo/msg/detail/custom_bounding_box__traits.hpp
[0.825s] -- Up-to-date: /root/drl_grasping/fyp_ws/src/Yolov5-ROS2/ros_yolo/install/ros_yolo/include/ros_yolo/msg/detail/custom_bounding_box__struct.hpp
[0.825s] -- Up-to-date: /root/drl_grasping/fyp_ws/src/Yolov5-ROS2/ros_yolo/install/ros_yolo/include/ros_yolo/msg/detail/custom_bounding_box__builder.hpp
[0.825s] -- Up-to-date: /root/drl_grasping/fyp_ws/src/Yolov5-ROS2/ros_yolo/install/ros_yolo/include/ros_yolo/msg/custom_bounding_boxes.hpp
[0.825s] -- Up-to-date: /root/drl_grasping/fyp_ws/src/Yolov5-ROS2/ros_yolo/install/ros_yolo/include/ros_yolo
[0.826s] -- Up-to-date: /root/drl_grasping/fyp_ws/src/Yolov5-ROS2/ros_yolo/install/ros_yolo/include/ros_yolo/msg
[0.826s] -- Up-to-date: /root/drl_grasping/fyp_ws/src/Yolov5-ROS2/ros_yolo/install/ros_yolo/include/ros_yolo/msg/detail
[0.826s] -- Up-to-date: /root/drl_grasping/fyp_ws/src/Yolov5-ROS2/ros_yolo/install/ros_yolo/include/ros_yolo/msg/detail/custom_bounding_box__type_support.cpp
[0.826s] -- Up-to-date: /root/drl_grasping/fyp_ws/src/Yolov5-ROS2/ros_yolo/install/ros_yolo/include/ros_yolo/msg/detail/custom_bounding_box__rosidl_typesupport_introspection_cpp.hpp
[0.826s] -- Up-to-date: /root/drl_grasping/fyp_ws/src/Yolov5-ROS2/ros_yolo/install/ros_yolo/include/ros_yolo/msg/detail/custom_bounding_boxes__rosidl_typesupport_introspection_cpp.hpp
[0.826s] -- Up-to-date: /root/drl_grasping/fyp_ws/src/Yolov5-ROS2/ros_yolo/install/ros_yolo/include/ros_yolo/msg/detail/custom_bounding_boxes__type_support.cpp
[0.826s] -- Up-to-date: /root/drl_grasping/fyp_ws/src/Yolov5-ROS2/ros_yolo/install/ros_yolo/lib/libros_yolo__rosidl_typesupport_introspection_cpp.so
[0.826s] -- Up-to-date: /root/drl_grasping/fyp_ws/src/Yolov5-ROS2/ros_yolo/install/ros_yolo/lib/libros_yolo__rosidl_typesupport_cpp.so
[0.827s] -- Up-to-date: /root/drl_grasping/fyp_ws/src/Yolov5-ROS2/ros_yolo/install/ros_yolo/share/ros_yolo/environment/pythonpath.sh
[0.827s] -- Up-to-date: /root/drl_grasping/fyp_ws/src/Yolov5-ROS2/ros_yolo/install/ros_yolo/share/ros_yolo/environment/pythonpath.dsv
[0.827s] -- Up-to-date: /root/drl_grasping/fyp_ws/src/Yolov5-ROS2/ros_yolo/install/ros_yolo/lib/python3.8/site-packages//ros_yolo.egg-info
[0.827s] -- Installing: /root/drl_grasping/fyp_ws/src/Yolov5-ROS2/ros_yolo/install/ros_yolo/lib/python3.8/site-packages//ros_yolo.egg-info/PKG-INFO
[0.827s] -- Installing: /root/drl_grasping/fyp_ws/src/Yolov5-ROS2/ros_yolo/install/ros_yolo/lib/python3.8/site-packages//ros_yolo.egg-info/SOURCES.txt
[0.827s] -- Installing: /root/drl_grasping/fyp_ws/src/Yolov5-ROS2/ros_yolo/install/ros_yolo/lib/python3.8/site-packages//ros_yolo.egg-info/top_level.txt
[0.827s] -- Installing: /root/drl_grasping/fyp_ws/src/Yolov5-ROS2/ros_yolo/install/ros_yolo/lib/python3.8/site-packages//ros_yolo.egg-info/dependency_links.txt
[0.827s] -- Up-to-date: /root/drl_grasping/fyp_ws/src/Yolov5-ROS2/ros_yolo/install/ros_yolo/lib/python3.8/site-packages/ros_yolo
[0.828s] -- Up-to-date: /root/drl_grasping/fyp_ws/src/Yolov5-ROS2/ros_yolo/install/ros_yolo/lib/python3.8/site-packages/ros_yolo/ros_yolo_s__rosidl_typesupport_introspection_c.cpython-38-x86_64-linux-gnu.so
[0.828s] -- Up-to-date: /root/drl_grasping/fyp_ws/src/Yolov5-ROS2/ros_yolo/install/ros_yolo/lib/python3.8/site-packages/ros_yolo/_ros_yolo_s.ep.rosidl_typesupport_c.c
[0.828s] -- Up-to-date: /root/drl_grasping/fyp_ws/src/Yolov5-ROS2/ros_yolo/install/ros_yolo/lib/python3.8/site-packages/ros_yolo/__init__.py
[0.828s] -- Up-to-date: /root/drl_grasping/fyp_ws/src/Yolov5-ROS2/ros_yolo/install/ros_yolo/lib/python3.8/site-packages/ros_yolo/msg
[0.828s] -- Up-to-date: /root/drl_grasping/fyp_ws/src/Yolov5-ROS2/ros_yolo/install/ros_yolo/lib/python3.8/site-packages/ros_yolo/msg/_custom_bounding_boxes.py
[0.828s] -- Up-to-date: /root/drl_grasping/fyp_ws/src/Yolov5-ROS2/ros_yolo/install/ros_yolo/lib/python3.8/site-packages/ros_yolo/msg/__init__.py
[0.829s] -- Up-to-date: /root/drl_grasping/fyp_ws/src/Yolov5-ROS2/ros_yolo/install/ros_yolo/lib/python3.8/site-packages/ros_yolo/msg/_custom_bounding_box.py
[0.829s] -- Up-to-date: /root/drl_grasping/fyp_ws/src/Yolov5-ROS2/ros_yolo/install/ros_yolo/lib/python3.8/site-packages/ros_yolo/msg/_custom_bounding_box_s.c
[0.829s] -- Up-to-date: /root/drl_grasping/fyp_ws/src/Yolov5-ROS2/ros_yolo/install/ros_yolo/lib/python3.8/site-packages/ros_yolo/msg/_custom_bounding_boxes_s.c
[0.829s] -- Up-to-date: /root/drl_grasping/fyp_ws/src/Yolov5-ROS2/ros_yolo/install/ros_yolo/lib/python3.8/site-packages/ros_yolo/libros_yolo__python.so
[0.829s] -- Up-to-date: /root/drl_grasping/fyp_ws/src/Yolov5-ROS2/ros_yolo/install/ros_yolo/lib/python3.8/site-packages/ros_yolo/ros_yolo_s__rosidl_typesupport_fastrtps_c.cpython-38-x86_64-linux-gnu.so
[0.829s] -- Up-to-date: /root/drl_grasping/fyp_ws/src/Yolov5-ROS2/ros_yolo/install/ros_yolo/lib/python3.8/site-packages/ros_yolo/_ros_yolo_s.ep.rosidl_typesupport_fastrtps_c.c
[0.829s] -- Up-to-date: /root/drl_grasping/fyp_ws/src/Yolov5-ROS2/ros_yolo/install/ros_yolo/lib/python3.8/site-packages/ros_yolo/ros_yolo_s__rosidl_typesupport_c.cpython-38-x86_64-linux-gnu.so
[0.830s] -- Up-to-date: /root/drl_grasping/fyp_ws/src/Yolov5-ROS2/ros_yolo/install/ros_yolo/lib/python3.8/site-packages/ros_yolo/_ros_yolo_s.ep.rosidl_typesupport_introspection_c.c
[0.870s] Listing '/root/drl_grasping/fyp_ws/src/Yolov5-ROS2/ros_yolo/install/ros_yolo/lib/python3.8/site-packages/ros_yolo'...
[0.870s] Listing '/root/drl_grasping/fyp_ws/src/Yolov5-ROS2/ros_yolo/install/ros_yolo/lib/python3.8/site-packages/ros_yolo/msg'...
[0.876s] -- Up-to-date: /root/drl_grasping/fyp_ws/src/Yolov5-ROS2/ros_yolo/install/ros_yolo/lib/python3.8/site-packages/ros_yolo/ros_yolo_s__rosidl_typesupport_fastrtps_c.cpython-38-x86_64-linux-gnu.so
[0.877s] -- Up-to-date: /root/drl_grasping/fyp_ws/src/Yolov5-ROS2/ros_yolo/install/ros_yolo/lib/python3.8/site-packages/ros_yolo/ros_yolo_s__rosidl_typesupport_introspection_c.cpython-38-x86_64-linux-gnu.so
[0.878s] -- Up-to-date: /root/drl_grasping/fyp_ws/src/Yolov5-ROS2/ros_yolo/install/ros_yolo/lib/python3.8/site-packages/ros_yolo/ros_yolo_s__rosidl_typesupport_c.cpython-38-x86_64-linux-gnu.so
[0.878s] -- Up-to-date: /root/drl_grasping/fyp_ws/src/Yolov5-ROS2/ros_yolo/install/ros_yolo/lib/libros_yolo__python.so
[0.879s] -- Up-to-date: /root/drl_grasping/fyp_ws/src/Yolov5-ROS2/ros_yolo/install/ros_yolo/share/ros_yolo/msg/CustomBoundingBox.idl
[0.879s] -- Up-to-date: /root/drl_grasping/fyp_ws/src/Yolov5-ROS2/ros_yolo/install/ros_yolo/share/ros_yolo/msg/CustomBoundingBoxes.idl
[0.879s] -- Up-to-date: /root/drl_grasping/fyp_ws/src/Yolov5-ROS2/ros_yolo/install/ros_yolo/share/ros_yolo/msg/CustomBoundingBox.msg
[0.880s] -- Up-to-date: /root/drl_grasping/fyp_ws/src/Yolov5-ROS2/ros_yolo/install/ros_yolo/share/ros_yolo/msg/CustomBoundingBoxes.msg
[0.880s] -- Up-to-date: /root/drl_grasping/fyp_ws/src/Yolov5-ROS2/ros_yolo/install/ros_yolo/lib/ros_yolo/__init__.py
[0.880s] -- Up-to-date: /root/drl_grasping/fyp_ws/src/Yolov5-ROS2/ros_yolo/install/ros_yolo/lib/ros_yolo/activations.py
[0.880s] -- Up-to-date: /root/drl_grasping/fyp_ws/src/Yolov5-ROS2/ros_yolo/install/ros_yolo/lib/ros_yolo/datasets.py
[0.880s] -- Up-to-date: /root/drl_grasping/fyp_ws/src/Yolov5-ROS2/ros_yolo/install/ros_yolo/lib/ros_yolo/general.py
[0.881s] -- Up-to-date: /root/drl_grasping/fyp_ws/src/Yolov5-ROS2/ros_yolo/install/ros_yolo/lib/ros_yolo/torch_utils.py
[0.881s] -- Installing: /root/drl_grasping/fyp_ws/src/Yolov5-ROS2/ros_yolo/install/ros_yolo/lib/ros_yolo/final_yolo.py
[0.881s] -- Up-to-date: /root/drl_grasping/fyp_ws/src/Yolov5-ROS2/ros_yolo/install/ros_yolo/share/ament_index/resource_index/package_run_dependencies/ros_yolo
[0.881s] -- Up-to-date: /root/drl_grasping/fyp_ws/src/Yolov5-ROS2/ros_yolo/install/ros_yolo/share/ament_index/resource_index/parent_prefix_path/ros_yolo
[0.881s] -- Up-to-date: /root/drl_grasping/fyp_ws/src/Yolov5-ROS2/ros_yolo/install/ros_yolo/share/ros_yolo/environment/ament_prefix_path.sh
[0.882s] -- Up-to-date: /root/drl_grasping/fyp_ws/src/Yolov5-ROS2/ros_yolo/install/ros_yolo/share/ros_yolo/environment/ament_prefix_path.dsv
[0.882s] -- Up-to-date: /root/drl_grasping/fyp_ws/src/Yolov5-ROS2/ros_yolo/install/ros_yolo/share/ros_yolo/environment/path.sh
[0.882s] -- Up-to-date: /root/drl_grasping/fyp_ws/src/Yolov5-ROS2/ros_yolo/install/ros_yolo/share/ros_yolo/environment/path.dsv
[0.882s] -- Up-to-date: /root/drl_grasping/fyp_ws/src/Yolov5-ROS2/ros_yolo/install/ros_yolo/share/ros_yolo/local_setup.bash
[0.882s] -- Up-to-date: /root/drl_grasping/fyp_ws/src/Yolov5-ROS2/ros_yolo/install/ros_yolo/share/ros_yolo/local_setup.sh
[0.882s] -- Up-to-date: /root/drl_grasping/fyp_ws/src/Yolov5-ROS2/ros_yolo/install/ros_yolo/share/ros_yolo/local_setup.zsh
[0.883s] -- Up-to-date: /root/drl_grasping/fyp_ws/src/Yolov5-ROS2/ros_yolo/install/ros_yolo/share/ros_yolo/local_setup.dsv
[0.883s] -- Installing: /root/drl_grasping/fyp_ws/src/Yolov5-ROS2/ros_yolo/install/ros_yolo/share/ros_yolo/package.dsv
[0.883s] -- Up-to-date: /root/drl_grasping/fyp_ws/src/Yolov5-ROS2/ros_yolo/install/ros_yolo/share/ament_index/resource_index/packages/ros_yolo
[0.883s] -- Up-to-date: /root/drl_grasping/fyp_ws/src/Yolov5-ROS2/ros_yolo/install/ros_yolo/share/ros_yolo/cmake/ros_yolo__rosidl_generator_cExport.cmake
[0.883s] -- Up-to-date: /root/drl_grasping/fyp_ws/src/Yolov5-ROS2/ros_yolo/install/ros_yolo/share/ros_yolo/cmake/ros_yolo__rosidl_generator_cExport-noconfig.cmake
[0.883s] -- Up-to-date: /root/drl_grasping/fyp_ws/src/Yolov5-ROS2/ros_yolo/install/ros_yolo/share/ros_yolo/cmake/ros_yolo__rosidl_typesupport_introspection_cExport.cmake
[0.884s] -- Up-to-date: /root/drl_grasping/fyp_ws/src/Yolov5-ROS2/ros_yolo/install/ros_yolo/share/ros_yolo/cmake/ros_yolo__rosidl_typesupport_introspection_cExport-noconfig.cmake
[0.884s] -- Up-to-date: /root/drl_grasping/fyp_ws/src/Yolov5-ROS2/ros_yolo/install/ros_yolo/share/ros_yolo/cmake/ros_yolo__rosidl_typesupport_cExport.cmake
[0.884s] -- Up-to-date: /root/drl_grasping/fyp_ws/src/Yolov5-ROS2/ros_yolo/install/ros_yolo/share/ros_yolo/cmake/ros_yolo__rosidl_typesupport_cExport-noconfig.cmake
[0.884s] -- Up-to-date: /root/drl_grasping/fyp_ws/src/Yolov5-ROS2/ros_yolo/install/ros_yolo/share/ros_yolo/cmake/ros_yolo__rosidl_generator_cppExport.cmake
[0.884s] -- Up-to-date: /root/drl_grasping/fyp_ws/src/Yolov5-ROS2/ros_yolo/install/ros_yolo/share/ros_yolo/cmake/ros_yolo__rosidl_typesupport_introspection_cppExport.cmake
[0.885s] -- Up-to-date: /root/drl_grasping/fyp_ws/src/Yolov5-ROS2/ros_yolo/install/ros_yolo/share/ros_yolo/cmake/ros_yolo__rosidl_typesupport_introspection_cppExport-noconfig.cmake
[0.885s] -- Up-to-date: /root/drl_grasping/fyp_ws/src/Yolov5-ROS2/ros_yolo/install/ros_yolo/share/ros_yolo/cmake/ros_yolo__rosidl_typesupport_cppExport.cmake
[0.885s] -- Up-to-date: /root/drl_grasping/fyp_ws/src/Yolov5-ROS2/ros_yolo/install/ros_yolo/share/ros_yolo/cmake/ros_yolo__rosidl_typesupport_cppExport-noconfig.cmake
[0.885s] -- Up-to-date: /root/drl_grasping/fyp_ws/src/Yolov5-ROS2/ros_yolo/install/ros_yolo/share/ros_yolo/cmake/rosidl_cmake-extras.cmake
[0.885s] -- Up-to-date: /root/drl_grasping/fyp_ws/src/Yolov5-ROS2/ros_yolo/install/ros_yolo/share/ros_yolo/cmake/ament_cmake_export_dependencies-extras.cmake
[0.885s] -- Up-to-date: /root/drl_grasping/fyp_ws/src/Yolov5-ROS2/ros_yolo/install/ros_yolo/share/ros_yolo/cmake/ament_cmake_export_libraries-extras.cmake
[0.885s] -- Up-to-date: /root/drl_grasping/fyp_ws/src/Yolov5-ROS2/ros_yolo/install/ros_yolo/share/ros_yolo/cmake/ament_cmake_export_targets-extras.cmake
[0.886s] -- Up-to-date: /root/drl_grasping/fyp_ws/src/Yolov5-ROS2/ros_yolo/install/ros_yolo/share/ros_yolo/cmake/ament_cmake_export_include_directories-extras.cmake
[0.886s] -- Up-to-date: /root/drl_grasping/fyp_ws/src/Yolov5-ROS2/ros_yolo/install/ros_yolo/share/ros_yolo/cmake/rosidl_cmake_export_typesupport_libraries-extras.cmake
[0.886s] -- Up-to-date: /root/drl_grasping/fyp_ws/src/Yolov5-ROS2/ros_yolo/install/ros_yolo/share/ros_yolo/cmake/rosidl_cmake_export_typesupport_targets-extras.cmake
[0.890s] -- Up-to-date: /root/drl_grasping/fyp_ws/src/Yolov5-ROS2/ros_yolo/install/ros_yolo/share/ros_yolo/cmake/ros_yoloConfig.cmake
[0.890s] -- Up-to-date: /root/drl_grasping/fyp_ws/src/Yolov5-ROS2/ros_yolo/install/ros_yolo/share/ros_yolo/cmake/ros_yoloConfig-version.cmake
[0.890s] -- Up-to-date: /root/drl_grasping/fyp_ws/src/Yolov5-ROS2/ros_yolo/install/ros_yolo/share/ros_yolo/package.xml
[0.891s] Invoked command in '/root/drl_grasping/fyp_ws/src/Yolov5-ROS2/ros_yolo/build/ros_yolo' returned '0': CMAKE_PREFIX_PATH=${CMAKE_PREFIX_PATH}:/opt/ros/rolling /usr/bin/cmake --install /root/drl_grasping/fyp_ws/src/Yolov5-ROS2/ros_yolo/build/ros_yolo
